#
# There is insufficient memory for the Java Runtime Environment to continue.
# Native memory allocation (malloc) failed to allocate 302096 bytes for Chunk::new
# Possible reasons:
#   The system is out of physical RAM or swap space
#   The process is running with CompressedOops enabled, and the Java Heap may be blocking the growth of the native heap
# Possible solutions:
#   Reduce memory load on the system
#   Increase physical memory or swap space
#   Check if swap backing store is full
#   Decrease Java heap size (-Xmx/-Xms)
#   Decrease number of Java threads
#   Decrease Java thread stack sizes (-Xss)
#   Set larger code cache with -XX:ReservedCodeCacheSize=
#   JVM is running with Zero Based Compressed Oops mode in which the Java heap is
#     placed in the first 32GB address space. The Java Heap base address is the
#     maximum limit for the native heap growth. Please use -XX:HeapBaseMinAddress
#     to set the Java Heap base and to place the Java Heap above 32GB virtual address.
# This output file may be truncated or incomplete.
#
#  Out of Memory Error (arena.cpp:168), pid=21748, tid=9172
#
# JRE version: OpenJDK Runtime Environment (21.0.2+13) (build 21.0.2+13-58)
# Java VM: OpenJDK 64-Bit Server VM (21.0.2+13-58, mixed mode, sharing, tiered, compressed oops, compressed class ptrs, g1 gc, windows-amd64)
# No core dump will be written. Minidumps are not enabled by default on client versions of Windows
#

---------------  S U M M A R Y ------------

Command Line: -javaagent:C:\Program Files\JetBrains\IntelliJ IDEA Community Edition 2023.3.2\lib\idea_rt.jar=54262:C:\Program Files\JetBrains\IntelliJ IDEA Community Edition 2023.3.2\bin -Dfile.encoding=UTF-8 -Dsun.stdout.encoding=UTF-8 -Dsun.stderr.encoding=UTF-8 com.fooddelivery.FooddeliveryApplication C:/Users/tradi/.m2/repository

Host: 13th Gen Intel(R) Core(TM) i7-1355U, 12 cores, 15G,  Windows 11 , 64 bit Build 26100 (10.0.26100.3037)
Time: Tue Feb 18 19:25:33 2025 Eastern Standard Time elapsed time: 2998.919565 seconds (0d 0h 49m 58s)

---------------  T H R E A D  ---------------

Current thread (0x0000016a2bdbd480):  JavaThread "C2 CompilerThread0" daemon [_thread_in_native, id=9172, stack(0x0000005474100000,0x0000005474200000) (1024K)]


Current CompileTask:
C2:2998919 8858       4       org.apache.catalina.connector.OutputBuffer::flushByteBuffer (20 bytes)

Stack: [0x0000005474100000,0x0000005474200000]
Native frames: (J=compiled Java code, j=interpreted, Vv=VM code, C=native code)
V  [jvm.dll+0x6cade9]
V  [jvm.dll+0x8569c1]
V  [jvm.dll+0x858d2e]
V  [jvm.dll+0x859413]
V  [jvm.dll+0x280e56]
V  [jvm.dll+0xc3f3d]
V  [jvm.dll+0xc4473]
V  [jvm.dll+0x3b5bf2]
V  [jvm.dll+0x382855]
V  [jvm.dll+0x381cca]
V  [jvm.dll+0x249bd0]
V  [jvm.dll+0x2491b1]
V  [jvm.dll+0x1c9634]
V  [jvm.dll+0x258859]
V  [jvm.dll+0x256e3a]
V  [jvm.dll+0x3ef6c6]
V  [jvm.dll+0x7ff568]
V  [jvm.dll+0x6c953d]
C  [ucrtbase.dll+0x37b0]
C  [KERNEL32.DLL+0x2e8d7]
C  [ntdll.dll+0xbbf2c]


---------------  P R O C E S S  ---------------

Threads class SMR info:
_java_thread_list=0x0000016a718c7be0, length=28, elements={
0x0000016a2bda3e60, 0x0000016a2bda57e0, 0x0000016a2bdabc80, 0x0000016a2bdaebc0,
0x0000016a2bdaf7d0, 0x0000016a2bdb0c90, 0x0000016a2bdbd480, 0x0000016a2bdc2cf0,
0x0000016a2bd6c420, 0x0000016a7138bab0, 0x0000016a735dc7e0, 0x0000016a72e8f430,
0x0000016a72e8faa0, 0x0000016a73f32af0, 0x0000016a7405bf40, 0x0000016a72a24380,
0x0000016a76165d30, 0x0000016a748e2830, 0x0000016a74284a20, 0x0000016a7264ef40,
0x0000016a72650980, 0x0000016a7264f5d0, 0x0000016a72651010, 0x0000016a7264e220,
0x0000016a7264e8b0, 0x0000016a7264fc60, 0x0000016a75783410, 0x0000016a75783aa0
}

Java Threads: ( => current thread )
  0x0000016a2bda3e60 JavaThread "Reference Handler"          daemon [_thread_blocked, id=3484, stack(0x0000005473b00000,0x0000005473c00000) (1024K)]
  0x0000016a2bda57e0 JavaThread "Finalizer"                  daemon [_thread_blocked, id=11072, stack(0x0000005473c00000,0x0000005473d00000) (1024K)]
  0x0000016a2bdabc80 JavaThread "Signal Dispatcher"          daemon [_thread_blocked, id=27384, stack(0x0000005473d00000,0x0000005473e00000) (1024K)]
  0x0000016a2bdaebc0 JavaThread "Attach Listener"            daemon [_thread_blocked, id=12820, stack(0x0000005473e00000,0x0000005473f00000) (1024K)]
  0x0000016a2bdaf7d0 JavaThread "Service Thread"             daemon [_thread_blocked, id=2912, stack(0x0000005473f00000,0x0000005474000000) (1024K)]
  0x0000016a2bdb0c90 JavaThread "Monitor Deflation Thread"   daemon [_thread_blocked, id=9896, stack(0x0000005474000000,0x0000005474100000) (1024K)]
=>0x0000016a2bdbd480 JavaThread "C2 CompilerThread0"         daemon [_thread_in_native, id=9172, stack(0x0000005474100000,0x0000005474200000) (1024K)]
  0x0000016a2bdc2cf0 JavaThread "C1 CompilerThread0"         daemon [_thread_blocked, id=15556, stack(0x0000005474200000,0x0000005474300000) (1024K)]
  0x0000016a2bd6c420 JavaThread "Common-Cleaner"             daemon [_thread_blocked, id=5748, stack(0x0000005474300000,0x0000005474400000) (1024K)]
  0x0000016a7138bab0 JavaThread "Notification Thread"        daemon [_thread_blocked, id=14896, stack(0x0000005474600000,0x0000005474700000) (1024K)]
  0x0000016a735dc7e0 JavaThread "Catalina-utility-1"                [_thread_blocked, id=7396, stack(0x0000005475100000,0x0000005475200000) (1024K)]
  0x0000016a72e8f430 JavaThread "Catalina-utility-2"                [_thread_blocked, id=13524, stack(0x0000005475400000,0x0000005475500000) (1024K)]
  0x0000016a72e8faa0 JavaThread "container-0"                       [_thread_blocked, id=22740, stack(0x0000005475500000,0x0000005475600000) (1024K)]
  0x0000016a73f32af0 JavaThread "mysql-cj-abandoned-connection-cleanup" daemon [_thread_blocked, id=24276, stack(0x0000005475600000,0x0000005475700000) (1024K)]
  0x0000016a7405bf40 JavaThread "HikariPool-1 housekeeper"   daemon [_thread_blocked, id=10624, stack(0x0000005475800000,0x0000005475900000) (1024K)]
  0x0000016a72a24380 JavaThread "http-nio-8080-exec-1"       daemon [_thread_blocked, id=3664, stack(0x0000005475900000,0x0000005475a00000) (1024K)]
  0x0000016a76165d30 JavaThread "http-nio-8080-exec-2"       daemon [_thread_blocked, id=20312, stack(0x0000005475a00000,0x0000005475b00000) (1024K)]
  0x0000016a748e2830 JavaThread "http-nio-8080-exec-3"       daemon [_thread_blocked, id=19388, stack(0x0000005475b00000,0x0000005475c00000) (1024K)]
  0x0000016a74284a20 JavaThread "http-nio-8080-exec-4"       daemon [_thread_blocked, id=14060, stack(0x0000005475c00000,0x0000005475d00000) (1024K)]
  0x0000016a7264ef40 JavaThread "http-nio-8080-exec-5"       daemon [_thread_blocked, id=13304, stack(0x0000005475d00000,0x0000005475e00000) (1024K)]
  0x0000016a72650980 JavaThread "http-nio-8080-exec-6"       daemon [_thread_blocked, id=11116, stack(0x0000005475e00000,0x0000005475f00000) (1024K)]
  0x0000016a7264f5d0 JavaThread "http-nio-8080-exec-7"       daemon [_thread_blocked, id=26808, stack(0x0000005475f00000,0x0000005476000000) (1024K)]
  0x0000016a72651010 JavaThread "http-nio-8080-exec-8"       daemon [_thread_blocked, id=20348, stack(0x0000005476000000,0x0000005476100000) (1024K)]
  0x0000016a7264e220 JavaThread "http-nio-8080-exec-9"       daemon [_thread_blocked, id=24620, stack(0x0000005476100000,0x0000005476200000) (1024K)]
  0x0000016a7264e8b0 JavaThread "http-nio-8080-exec-10"      daemon [_thread_blocked, id=16316, stack(0x0000005476200000,0x0000005476300000) (1024K)]
  0x0000016a7264fc60 JavaThread "http-nio-8080-Poller"       daemon [_thread_in_native, id=23824, stack(0x0000005476300000,0x0000005476400000) (1024K)]
  0x0000016a75783410 JavaThread "http-nio-8080-Acceptor"     daemon [_thread_in_native, id=20224, stack(0x0000005476400000,0x0000005476500000) (1024K)]
  0x0000016a75783aa0 JavaThread "DestroyJavaVM"                     [_thread_blocked, id=1484, stack(0x0000005473300000,0x0000005473400000) (1024K)]
Total: 28

Other Threads:
  0x0000016a2bd83280 VMThread "VM Thread"                           [id=19112, stack(0x0000005473a00000,0x0000005473b00000) (1024K)]
  0x0000016a2bd6b120 WatcherThread "VM Periodic Task Thread"        [id=2820, stack(0x0000005473900000,0x0000005473a00000) (1024K)]
  0x0000016a0c94a8d0 WorkerThread "GC Thread#0"                     [id=1716, stack(0x0000005473400000,0x0000005473500000) (1024K)]
  0x0000016a71bc0e60 WorkerThread "GC Thread#1"                     [id=22108, stack(0x0000005474700000,0x0000005474800000) (1024K)]
  0x0000016a71751c50 WorkerThread "GC Thread#2"                     [id=2628, stack(0x0000005474800000,0x0000005474900000) (1024K)]
  0x0000016a71751ff0 WorkerThread "GC Thread#3"                     [id=20208, stack(0x0000005474900000,0x0000005474a00000) (1024K)]
  0x0000016a71db1d40 WorkerThread "GC Thread#4"                     [id=18096, stack(0x0000005474a00000,0x0000005474b00000) (1024K)]
  0x0000016a71db20e0 WorkerThread "GC Thread#5"                     [id=2180, stack(0x0000005474b00000,0x0000005474c00000) (1024K)]
  0x0000016a71ddb9c0 WorkerThread "GC Thread#6"                     [id=2444, stack(0x0000005474c00000,0x0000005474d00000) (1024K)]
  0x0000016a724ddb90 WorkerThread "GC Thread#7"                     [id=10236, stack(0x0000005474e00000,0x0000005474f00000) (1024K)]
  0x0000016a724ddf30 WorkerThread "GC Thread#8"                     [id=26708, stack(0x0000005474f00000,0x0000005475000000) (1024K)]
  0x0000016a724dedb0 WorkerThread "GC Thread#9"                     [id=23492, stack(0x0000005475000000,0x0000005475100000) (1024K)]
  0x0000016a0c95d300 ConcurrentGCThread "G1 Main Marker"            [id=16272, stack(0x0000005473500000,0x0000005473600000) (1024K)]
  0x0000016a0c95ecb0 WorkerThread "G1 Conc#0"                       [id=8908, stack(0x0000005473600000,0x0000005473700000) (1024K)]
  0x0000016a724de2d0 WorkerThread "G1 Conc#1"                       [id=18860, stack(0x0000005475200000,0x0000005475300000) (1024K)]
  0x0000016a724dea10 WorkerThread "G1 Conc#2"                       [id=5508, stack(0x0000005475300000,0x0000005475400000) (1024K)]
  0x0000016a2bc403e0 ConcurrentGCThread "G1 Refine#0"               [id=14708, stack(0x0000005473700000,0x0000005473800000) (1024K)]
  0x0000016a2bc40df0 ConcurrentGCThread "G1 Service"                [id=10740, stack(0x0000005473800000,0x0000005473900000) (1024K)]
Total: 18

Threads with active compile tasks:
C2 CompilerThread0  2998949 8858       4       org.apache.catalina.connector.OutputBuffer::flushByteBuffer (20 bytes)
Total: 1

VM state: not at safepoint (normal execution)

VM Mutex/Monitor currently owned by a thread: None

Heap address: 0x0000000704400000, size: 4028 MB, Compressed Oops mode: Zero based, Oop shift amount: 3

CDS archive(s) mapped at: [0x0000016a2c000000-0x0000016a2cc90000-0x0000016a2cc90000), size 13172736, SharedBaseAddress: 0x0000016a2c000000, ArchiveRelocationMode: 1.
Compressed class space mapped at: 0x0000016a2d000000-0x0000016a6d000000, reserved size: 1073741824
Narrow klass base: 0x0000016a2c000000, Narrow klass shift: 0, Narrow klass range: 0x100000000

GC Precious Log:
 CardTable entry size: 512
 Card Set container configuration: InlinePtr #cards 4 size 8 Array Of Cards #cards 16 size 48 Howl #buckets 8 coarsen threshold 3686 Howl Bitmap #cards 512 size 80 coarsen threshold 460 Card regions per heap region 1 cards per card region 4096
 CPUs: 12 total, 12 available
 Memory: 16108M
 Large Page Support: Disabled
 NUMA Support: Disabled
 Compressed Oops: Enabled (Zero based)
 Heap Region Size: 2M
 Heap Min Capacity: 8M
 Heap Initial Capacity: 252M
 Heap Max Capacity: 4028M
 Pre-touch: Disabled
 Parallel Workers: 10
 Concurrent Workers: 3
 Concurrent Refinement Workers: 10
 Periodic GC: Disabled

Heap:
 garbage-first heap   total 210944K, used 69128K [0x0000000704400000, 0x0000000800000000)
  region size 2048K, 3 young (6144K), 1 survivors (2048K)
 Metaspace       used 77287K, committed 78144K, reserved 1179648K
  class space    used 10566K, committed 10944K, reserved 1048576K

Heap Regions: E=young(eden), S=young(survivor), O=old, HS=humongous(starts), HC=humongous(continues), CS=collection set, F=free, TAMS=top-at-mark-start, PB=parsable bottom
|   0|0x0000000704400000, 0x0000000704600000, 0x0000000704600000|100%| O|  |TAMS 0x0000000704400000| PB 0x0000000704400000| Untracked 
|   1|0x0000000704600000, 0x0000000704800000, 0x0000000704800000|100%| O|  |TAMS 0x0000000704600000| PB 0x0000000704600000| Untracked 
|   2|0x0000000704800000, 0x0000000704800000, 0x0000000704a00000|  0%| F|  |TAMS 0x0000000704800000| PB 0x0000000704800000| Untracked 
|   3|0x0000000704a00000, 0x0000000704a00000, 0x0000000704c00000|  0%| F|  |TAMS 0x0000000704a00000| PB 0x0000000704a00000| Untracked 
|   4|0x0000000704c00000, 0x0000000704e00000, 0x0000000704e00000|100%| O|  |TAMS 0x0000000704c00000| PB 0x0000000704c00000| Untracked 
|   5|0x0000000704e00000, 0x0000000705000000, 0x0000000705000000|100%| O|  |TAMS 0x0000000704e00000| PB 0x0000000704e00000| Untracked 
|   6|0x0000000705000000, 0x0000000705200000, 0x0000000705200000|100%| O|  |TAMS 0x0000000705000000| PB 0x0000000705000000| Untracked 
|   7|0x0000000705200000, 0x0000000705400000, 0x0000000705400000|100%| O|  |TAMS 0x0000000705200000| PB 0x0000000705200000| Untracked 
|   8|0x0000000705400000, 0x0000000705600000, 0x0000000705600000|100%| O|  |TAMS 0x0000000705400000| PB 0x0000000705400000| Untracked 
|   9|0x0000000705600000, 0x0000000705600000, 0x0000000705800000|  0%| F|  |TAMS 0x0000000705600000| PB 0x0000000705600000| Untracked 
|  10|0x0000000705800000, 0x0000000705a00000, 0x0000000705a00000|100%| O|  |TAMS 0x0000000705800000| PB 0x0000000705800000| Untracked 
|  11|0x0000000705a00000, 0x0000000705c00000, 0x0000000705c00000|100%| O|  |TAMS 0x0000000705a00000| PB 0x0000000705a00000| Untracked 
|  12|0x0000000705c00000, 0x0000000705c00000, 0x0000000705e00000|  0%| F|  |TAMS 0x0000000705c00000| PB 0x0000000705c00000| Untracked 
|  13|0x0000000705e00000, 0x0000000706000000, 0x0000000706000000|100%| O|  |TAMS 0x0000000705e00000| PB 0x0000000705e00000| Untracked 
|  14|0x0000000706000000, 0x0000000706000000, 0x0000000706200000|  0%| F|  |TAMS 0x0000000706000000| PB 0x0000000706000000| Untracked 
|  15|0x0000000706200000, 0x0000000706200000, 0x0000000706400000|  0%| F|  |TAMS 0x0000000706200000| PB 0x0000000706200000| Untracked 
|  16|0x0000000706400000, 0x0000000706600000, 0x0000000706600000|100%|HS|  |TAMS 0x0000000706400000| PB 0x0000000706400000| Complete 
|  17|0x0000000706600000, 0x0000000706800000, 0x0000000706800000|100%|HS|  |TAMS 0x0000000706600000| PB 0x0000000706600000| Complete 
|  18|0x0000000706800000, 0x0000000706800000, 0x0000000706a00000|  0%| F|  |TAMS 0x0000000706800000| PB 0x0000000706800000| Untracked 
|  19|0x0000000706a00000, 0x0000000706a00000, 0x0000000706c00000|  0%| F|  |TAMS 0x0000000706a00000| PB 0x0000000706a00000| Untracked 
|  20|0x0000000706c00000, 0x0000000706c00000, 0x0000000706e00000|  0%| F|  |TAMS 0x0000000706c00000| PB 0x0000000706c00000| Untracked 
|  21|0x0000000706e00000, 0x0000000706e00000, 0x0000000707000000|  0%| F|  |TAMS 0x0000000706e00000| PB 0x0000000706e00000| Untracked 
|  22|0x0000000707000000, 0x0000000707200000, 0x0000000707200000|100%|HS|  |TAMS 0x0000000707000000| PB 0x0000000707000000| Complete 
|  23|0x0000000707200000, 0x0000000707400000, 0x0000000707400000|100%|HS|  |TAMS 0x0000000707200000| PB 0x0000000707200000| Complete 
|  24|0x0000000707400000, 0x0000000707400000, 0x0000000707600000|  0%| F|  |TAMS 0x0000000707400000| PB 0x0000000707400000| Untracked 
|  25|0x0000000707600000, 0x0000000707600000, 0x0000000707800000|  0%| F|  |TAMS 0x0000000707600000| PB 0x0000000707600000| Untracked 
|  26|0x0000000707800000, 0x0000000707800000, 0x0000000707a00000|  0%| F|  |TAMS 0x0000000707800000| PB 0x0000000707800000| Untracked 
|  27|0x0000000707a00000, 0x0000000707a00000, 0x0000000707c00000|  0%| F|  |TAMS 0x0000000707a00000| PB 0x0000000707a00000| Untracked 
|  28|0x0000000707c00000, 0x0000000707e00000, 0x0000000707e00000|100%|HS|  |TAMS 0x0000000707c00000| PB 0x0000000707c00000| Complete 
|  29|0x0000000707e00000, 0x0000000708000000, 0x0000000708000000|100%|HS|  |TAMS 0x0000000707e00000| PB 0x0000000707e00000| Complete 
|  30|0x0000000708000000, 0x0000000708000000, 0x0000000708200000|  0%| F|  |TAMS 0x0000000708000000| PB 0x0000000708000000| Untracked 
|  31|0x0000000708200000, 0x0000000708200000, 0x0000000708400000|  0%| F|  |TAMS 0x0000000708200000| PB 0x0000000708200000| Untracked 
|  32|0x0000000708400000, 0x0000000708400000, 0x0000000708600000|  0%| F|  |TAMS 0x0000000708400000| PB 0x0000000708400000| Untracked 
|  33|0x0000000708600000, 0x0000000708600000, 0x0000000708800000|  0%| F|  |TAMS 0x0000000708600000| PB 0x0000000708600000| Untracked 
|  34|0x0000000708800000, 0x0000000708800000, 0x0000000708a00000|  0%| F|  |TAMS 0x0000000708800000| PB 0x0000000708800000| Untracked 
|  35|0x0000000708a00000, 0x0000000708a00000, 0x0000000708c00000|  0%| F|  |TAMS 0x0000000708a00000| PB 0x0000000708a00000| Untracked 
|  36|0x0000000708c00000, 0x0000000708c00000, 0x0000000708e00000|  0%| F|  |TAMS 0x0000000708c00000| PB 0x0000000708c00000| Untracked 
|  37|0x0000000708e00000, 0x0000000708e00000, 0x0000000709000000|  0%| F|  |TAMS 0x0000000708e00000| PB 0x0000000708e00000| Untracked 
|  38|0x0000000709000000, 0x0000000709200000, 0x0000000709200000|100%|HS|  |TAMS 0x0000000709000000| PB 0x0000000709000000| Complete 
|  39|0x0000000709200000, 0x0000000709400000, 0x0000000709400000|100%|HC|  |TAMS 0x0000000709200000| PB 0x0000000709200000| Complete 
|  40|0x0000000709400000, 0x0000000709600000, 0x0000000709600000|100%|HS|  |TAMS 0x0000000709400000| PB 0x0000000709400000| Complete 
|  41|0x0000000709600000, 0x0000000709800000, 0x0000000709800000|100%|HC|  |TAMS 0x0000000709600000| PB 0x0000000709600000| Complete 
|  42|0x0000000709800000, 0x0000000709800000, 0x0000000709a00000|  0%| F|  |TAMS 0x0000000709800000| PB 0x0000000709800000| Untracked 
|  43|0x0000000709a00000, 0x0000000709a00000, 0x0000000709c00000|  0%| F|  |TAMS 0x0000000709a00000| PB 0x0000000709a00000| Untracked 
|  44|0x0000000709c00000, 0x0000000709c00000, 0x0000000709e00000|  0%| F|  |TAMS 0x0000000709c00000| PB 0x0000000709c00000| Untracked 
|  45|0x0000000709e00000, 0x0000000709e00000, 0x000000070a000000|  0%| F|  |TAMS 0x0000000709e00000| PB 0x0000000709e00000| Untracked 
|  46|0x000000070a000000, 0x000000070a000000, 0x000000070a200000|  0%| F|  |TAMS 0x000000070a000000| PB 0x000000070a000000| Untracked 
|  47|0x000000070a200000, 0x000000070a200000, 0x000000070a400000|  0%| F|  |TAMS 0x000000070a200000| PB 0x000000070a200000| Untracked 
|  48|0x000000070a400000, 0x000000070a400000, 0x000000070a600000|  0%| F|  |TAMS 0x000000070a400000| PB 0x000000070a400000| Untracked 
|  49|0x000000070a600000, 0x000000070a600000, 0x000000070a800000|  0%| F|  |TAMS 0x000000070a600000| PB 0x000000070a600000| Untracked 
|  50|0x000000070a800000, 0x000000070aa00000, 0x000000070aa00000|100%|HS|  |TAMS 0x000000070a800000| PB 0x000000070a800000| Complete 
|  51|0x000000070aa00000, 0x000000070ac00000, 0x000000070ac00000|100%|HC|  |TAMS 0x000000070aa00000| PB 0x000000070aa00000| Complete 
|  52|0x000000070ac00000, 0x000000070ae00000, 0x000000070ae00000|100%|HS|  |TAMS 0x000000070ac00000| PB 0x000000070ac00000| Complete 
|  53|0x000000070ae00000, 0x000000070b000000, 0x000000070b000000|100%|HC|  |TAMS 0x000000070ae00000| PB 0x000000070ae00000| Complete 
|  54|0x000000070b000000, 0x000000070b000000, 0x000000070b200000|  0%| F|  |TAMS 0x000000070b000000| PB 0x000000070b000000| Untracked 
|  55|0x000000070b200000, 0x000000070b200000, 0x000000070b400000|  0%| F|  |TAMS 0x000000070b200000| PB 0x000000070b200000| Untracked 
|  56|0x000000070b400000, 0x000000070b400000, 0x000000070b600000|  0%| F|  |TAMS 0x000000070b400000| PB 0x000000070b400000| Untracked 
|  57|0x000000070b600000, 0x000000070b600000, 0x000000070b800000|  0%| F|  |TAMS 0x000000070b600000| PB 0x000000070b600000| Untracked 
|  58|0x000000070b800000, 0x000000070b800000, 0x000000070ba00000|  0%| F|  |TAMS 0x000000070b800000| PB 0x000000070b800000| Untracked 
|  59|0x000000070ba00000, 0x000000070ba00000, 0x000000070bc00000|  0%| F|  |TAMS 0x000000070ba00000| PB 0x000000070ba00000| Untracked 
|  60|0x000000070bc00000, 0x000000070bc00000, 0x000000070be00000|  0%| F|  |TAMS 0x000000070bc00000| PB 0x000000070bc00000| Untracked 
|  61|0x000000070be00000, 0x000000070be00000, 0x000000070c000000|  0%| F|  |TAMS 0x000000070be00000| PB 0x000000070be00000| Untracked 
|  62|0x000000070c000000, 0x000000070c000000, 0x000000070c200000|  0%| F|  |TAMS 0x000000070c000000| PB 0x000000070c000000| Untracked 
|  63|0x000000070c200000, 0x000000070c200000, 0x000000070c400000|  0%| F|  |TAMS 0x000000070c200000| PB 0x000000070c200000| Untracked 
|  64|0x000000070c400000, 0x000000070c400000, 0x000000070c600000|  0%| F|  |TAMS 0x000000070c400000| PB 0x000000070c400000| Untracked 
|  65|0x000000070c600000, 0x000000070c600000, 0x000000070c800000|  0%| F|  |TAMS 0x000000070c600000| PB 0x000000070c600000| Untracked 
|  66|0x000000070c800000, 0x000000070ca00000, 0x000000070ca00000|100%| O|  |TAMS 0x000000070c800000| PB 0x000000070c800000| Untracked 
|  67|0x000000070ca00000, 0x000000070ca00000, 0x000000070cc00000|  0%| F|  |TAMS 0x000000070ca00000| PB 0x000000070ca00000| Untracked 
|  68|0x000000070cc00000, 0x000000070cc00000, 0x000000070ce00000|  0%| F|  |TAMS 0x000000070cc00000| PB 0x000000070cc00000| Untracked 
|  69|0x000000070ce00000, 0x000000070ce00000, 0x000000070d000000|  0%| F|  |TAMS 0x000000070ce00000| PB 0x000000070ce00000| Untracked 
|  70|0x000000070d000000, 0x000000070d000000, 0x000000070d200000|  0%| F|  |TAMS 0x000000070d000000| PB 0x000000070d000000| Untracked 
|  71|0x000000070d200000, 0x000000070d200000, 0x000000070d400000|  0%| F|  |TAMS 0x000000070d200000| PB 0x000000070d200000| Untracked 
|  72|0x000000070d400000, 0x000000070d400000, 0x000000070d600000|  0%| F|  |TAMS 0x000000070d400000| PB 0x000000070d400000| Untracked 
|  73|0x000000070d600000, 0x000000070d800000, 0x000000070d800000|100%|HS|  |TAMS 0x000000070d600000| PB 0x000000070d600000| Complete 
|  74|0x000000070d800000, 0x000000070da00000, 0x000000070da00000|100%|HS|  |TAMS 0x000000070d800000| PB 0x000000070d800000| Complete 
|  75|0x000000070da00000, 0x000000070da00000, 0x000000070dc00000|  0%| F|  |TAMS 0x000000070da00000| PB 0x000000070da00000| Untracked 
|  76|0x000000070dc00000, 0x000000070dc00000, 0x000000070de00000|  0%| F|  |TAMS 0x000000070dc00000| PB 0x000000070dc00000| Untracked 
|  77|0x000000070de00000, 0x000000070de00000, 0x000000070e000000|  0%| F|  |TAMS 0x000000070de00000| PB 0x000000070de00000| Untracked 
|  78|0x000000070e000000, 0x000000070e000000, 0x000000070e200000|  0%| F|  |TAMS 0x000000070e000000| PB 0x000000070e000000| Untracked 
|  79|0x000000070e200000, 0x000000070e200000, 0x000000070e400000|  0%| F|  |TAMS 0x000000070e200000| PB 0x000000070e200000| Untracked 
|  80|0x000000070e400000, 0x000000070e400000, 0x000000070e600000|  0%| F|  |TAMS 0x000000070e400000| PB 0x000000070e400000| Untracked 
|  81|0x000000070e600000, 0x000000070e600000, 0x000000070e800000|  0%| F|  |TAMS 0x000000070e600000| PB 0x000000070e600000| Untracked 
|  82|0x000000070e800000, 0x000000070e800000, 0x000000070ea00000|  0%| F|  |TAMS 0x000000070e800000| PB 0x000000070e800000| Untracked 
|  83|0x000000070ea00000, 0x000000070ea00000, 0x000000070ec00000|  0%| F|  |TAMS 0x000000070ea00000| PB 0x000000070ea00000| Untracked 
|  84|0x000000070ec00000, 0x000000070ec00000, 0x000000070ee00000|  0%| F|  |TAMS 0x000000070ec00000| PB 0x000000070ec00000| Untracked 
|  85|0x000000070ee00000, 0x000000070efdee90, 0x000000070f000000| 93%| S|CS|TAMS 0x000000070ee00000| PB 0x000000070ee00000| Complete 
|  86|0x000000070f000000, 0x000000070f000000, 0x000000070f200000|  0%| F|  |TAMS 0x000000070f000000| PB 0x000000070f000000| Untracked 
|  87|0x000000070f200000, 0x000000070f200000, 0x000000070f400000|  0%| F|  |TAMS 0x000000070f200000| PB 0x000000070f200000| Untracked 
|  88|0x000000070f400000, 0x000000070f400000, 0x000000070f600000|  0%| F|  |TAMS 0x000000070f400000| PB 0x000000070f400000| Untracked 
|  89|0x000000070f600000, 0x000000070f600000, 0x000000070f800000|  0%| F|  |TAMS 0x000000070f600000| PB 0x000000070f600000| Untracked 
|  90|0x000000070f800000, 0x000000070f800000, 0x000000070fa00000|  0%| F|  |TAMS 0x000000070f800000| PB 0x000000070f800000| Untracked 
| 107|0x0000000711a00000, 0x0000000711a00000, 0x0000000711c00000|  0%| F|  |TAMS 0x0000000711a00000| PB 0x0000000711a00000| Untracked 
| 108|0x0000000711c00000, 0x0000000711c00000, 0x0000000711e00000|  0%| F|  |TAMS 0x0000000711c00000| PB 0x0000000711c00000| Untracked 
| 120|0x0000000713400000, 0x0000000713400000, 0x0000000713600000|  0%| F|  |TAMS 0x0000000713400000| PB 0x0000000713400000| Untracked 
|2005|0x00000007fee00000, 0x00000007fefa3270, 0x00000007ff000000| 81%| O|  |TAMS 0x00000007fee00000| PB 0x00000007fee00000| Untracked 
|2006|0x00000007ff000000, 0x00000007ff200000, 0x00000007ff200000|100%| O|  |TAMS 0x00000007ff000000| PB 0x00000007ff000000| Untracked 
|2007|0x00000007ff200000, 0x00000007ff200000, 0x00000007ff400000|  0%| F|  |TAMS 0x00000007ff200000| PB 0x00000007ff200000| Untracked 
|2008|0x00000007ff400000, 0x00000007ff4954f8, 0x00000007ff600000| 29%| E|  |TAMS 0x00000007ff400000| PB 0x00000007ff400000| Complete 
|2009|0x00000007ff600000, 0x00000007ff800000, 0x00000007ff800000|100%| O|  |TAMS 0x00000007ff600000| PB 0x00000007ff600000| Untracked 
|2010|0x00000007ff800000, 0x00000007ff9f7048, 0x00000007ffa00000| 98%| E|  |TAMS 0x00000007ff800000| PB 0x00000007ff800000| Complete 
|2011|0x00000007ffa00000, 0x00000007ffc00000, 0x00000007ffc00000|100%| O|  |TAMS 0x00000007ffa00000| PB 0x00000007ffa00000| Untracked 
|2012|0x00000007ffc00000, 0x00000007ffe00000, 0x00000007ffe00000|100%| O|  |TAMS 0x00000007ffc00000| PB 0x00000007ffc00000| Untracked 
|2013|0x00000007ffe00000, 0x0000000800000000, 0x0000000800000000|100%| O|  |TAMS 0x00000007ffe00000| PB 0x00000007ffe00000| Untracked 

Card table byte_map: [0x0000016a24a70000,0x0000016a25250000] _byte_map_base: 0x0000016a2124e000

Marking Bits: (CMBitMap*) 0x0000016a0c94afd0
 Bits: [0x0000016a25250000, 0x0000016a29140000)

Polling page: 0x0000016a0a860000

Metaspace:

Usage:
  Non-class:     65.16 MB used.
      Class:     10.32 MB used.
       Both:     75.48 MB used.

Virtual space:
  Non-class space:      128.00 MB reserved,      65.62 MB ( 51%) committed,  2 nodes.
      Class space:        1.00 GB reserved,      10.69 MB (  1%) committed,  1 nodes.
             Both:        1.12 GB reserved,      76.31 MB (  7%) committed. 

Chunk freelists:
   Non-Class:  14.37 MB
       Class:  5.17 MB
        Both:  19.54 MB

MaxMetaspaceSize: unlimited
CompressedClassSpaceSize: 1.00 GB
Initial GC threshold: 21.00 MB
Current GC threshold: 127.12 MB
CDS: on
 - commit_granule_bytes: 65536.
 - commit_granule_words: 8192.
 - virtual_space_node_default_size: 8388608.
 - enlarge_chunks_in_place: 1.
 - use_allocation_guard: 0.


Internal statistics:

num_allocs_failed_limit: 11.
num_arena_births: 1062.
num_arena_deaths: 0.
num_vsnodes_births: 3.
num_vsnodes_deaths: 0.
num_space_committed: 1221.
num_space_uncommitted: 0.
num_chunks_returned_to_freelist: 11.
num_chunks_taken_from_freelist: 3938.
num_chunk_merges: 11.
num_chunk_splits: 2828.
num_chunks_enlarged: 2184.
num_inconsistent_stats: 0.

CodeHeap 'non-profiled nmethods': size=120000Kb used=2929Kb max_used=4306Kb free=117070Kb
 bounds [0x0000016a1c800000, 0x0000016a1cc40000, 0x0000016a23d30000]
CodeHeap 'profiled nmethods': size=120000Kb used=7185Kb max_used=12026Kb free=112814Kb
 bounds [0x0000016a14d30000, 0x0000016a158f0000, 0x0000016a1c260000]
CodeHeap 'non-nmethods': size=5760Kb used=1727Kb max_used=1754Kb free=4032Kb
 bounds [0x0000016a1c260000, 0x0000016a1c4d0000, 0x0000016a1c800000]
 total_blobs=4837 nmethods=4087 adapters=653
 compilation: enabled
              stopped_count=0, restarted_count=0
 full_count=0

Compilation events (20 events):
Event: 2991.922 Thread 0x0000016a2bdc2cf0 nmethod 8850 0x0000016a14eeec90 code [0x0000016a14eeee40, 0x0000016a14eef078]
Event: 2991.922 Thread 0x0000016a2bdc2cf0 8851       3       com.fasterxml.jackson.core.json.UTF8JsonGenerator::writeStartObject (85 bytes)
Event: 2991.924 Thread 0x0000016a2bdc2cf0 nmethod 8851 0x0000016a150e3590 code [0x0000016a150e37a0, 0x0000016a150e3cc8]
Event: 2991.924 Thread 0x0000016a2bdc2cf0 8849       3       org.apache.tomcat.util.http.MimeHeaders::getHeader (19 bytes)
Event: 2991.925 Thread 0x0000016a2bdc2cf0 nmethod 8849 0x0000016a14d35690 code [0x0000016a14d35860, 0x0000016a14d35a70]
Event: 2992.347 Thread 0x0000016a2bdc2cf0 8852       1       org.hibernate.loader.ast.internal.SingleIdLoadPlan$SingleIdExecutionContext::getQueryOptions (5 bytes)
Event: 2992.347 Thread 0x0000016a2bdc2cf0 nmethod 8852 0x0000016a1c98e110 code [0x0000016a1c98e2a0, 0x0000016a1c98e370]
Event: 2992.353 Thread 0x0000016a2bdc2cf0 8853       3       java.lang.Math::addExact (26 bytes)
Event: 2992.353 Thread 0x0000016a2bdc2cf0 nmethod 8853 0x0000016a14f3f990 code [0x0000016a14f3fb40, 0x0000016a14f3fd38]
Event: 2993.242 Thread 0x0000016a2bdc2cf0 8854       3       com.fasterxml.jackson.databind.ser.impl.PropertyBasedObjectIdGenerator::canUseFor (46 bytes)
Event: 2993.244 Thread 0x0000016a2bdc2cf0 nmethod 8854 0x0000016a158d0310 code [0x0000016a158d04c0, 0x0000016a158d0850]
Event: 2993.778 Thread 0x0000016a2bdbd480 8855   !   4       org.apache.tomcat.util.net.NioEndpoint$Poller::timeout (501 bytes)
Event: 2993.809 Thread 0x0000016a2bdbd480 nmethod 8855 0x0000016a1cb08f90 code [0x0000016a1cb091e0, 0x0000016a1cb09bb0]
Event: 2994.269 Thread 0x0000016a2bdbd480 8856 %     4       com.fasterxml.jackson.core.json.UTF8JsonGenerator::_writeStringSegments @ 47 (143 bytes)
Event: 2994.280 Thread 0x0000016a2bdbd480 nmethod 8856% 0x0000016a1c8fc410 code [0x0000016a1c8fc640, 0x0000016a1c8fd4e0]
Event: 2996.629 Thread 0x0000016a2bdc2cf0 8857       3       jdk.internal.math.DoubleToDecimal::toChars1 (100 bytes)
Event: 2996.631 Thread 0x0000016a2bdc2cf0 nmethod 8857 0x0000016a14f0b610 code [0x0000016a14f0b840, 0x0000016a14f0bee8]
Event: 2996.850 Thread 0x0000016a2bdbd480 8858       4       org.apache.catalina.connector.OutputBuffer::flushByteBuffer (20 bytes)
Event: 2996.857 Thread 0x0000016a2bdc2cf0 8859       1       org.apache.coyote.Request::getRequestProcessor (5 bytes)
Event: 2996.858 Thread 0x0000016a2bdc2cf0 nmethod 8859 0x0000016a1c9b0910 code [0x0000016a1c9b0aa0, 0x0000016a1c9b0b70]

GC Heap History (20 events):
Event: 1766.441 GC heap before
{Heap before GC invocations=31 (full 0):
 garbage-first heap   total 229376K, used 224245K [0x0000000704400000, 0x0000000800000000)
  region size 2048K, 15 young (30720K), 1 survivors (2048K)
 Metaspace       used 76434K, committed 77184K, reserved 1179648K
  class space    used 10526K, committed 10880K, reserved 1048576K
}
Event: 1766.472 GC heap after
{Heap after GC invocations=32 (full 0):
 garbage-first heap   total 231424K, used 34508K [0x0000000704400000, 0x0000000800000000)
  region size 2048K, 1 young (2048K), 1 survivors (2048K)
 Metaspace       used 76434K, committed 77184K, reserved 1179648K
  class space    used 10526K, committed 10880K, reserved 1048576K
}
Event: 1766.510 GC heap before
{Heap before GC invocations=32 (full 0):
 garbage-first heap   total 231424K, used 34508K [0x0000000704400000, 0x0000000800000000)
  region size 2048K, 3 young (6144K), 1 survivors (2048K)
 Metaspace       used 76436K, committed 77184K, reserved 1179648K
  class space    used 10526K, committed 10880K, reserved 1048576K
}
Event: 1766.518 GC heap after
{Heap after GC invocations=33 (full 0):
 garbage-first heap   total 231424K, used 35144K [0x0000000704400000, 0x0000000800000000)
  region size 2048K, 2 young (4096K), 2 survivors (4096K)
 Metaspace       used 76436K, committed 77184K, reserved 1179648K
  class space    used 10526K, committed 10880K, reserved 1048576K
}
Event: 1793.917 GC heap before
{Heap before GC invocations=34 (full 0):
 garbage-first heap   total 225280K, used 221512K [0x0000000704400000, 0x0000000800000000)
  region size 2048K, 10 young (20480K), 2 survivors (4096K)
 Metaspace       used 76532K, committed 77248K, reserved 1179648K
  class space    used 10539K, committed 10880K, reserved 1048576K
}
Event: 1793.924 GC heap after
{Heap after GC invocations=35 (full 0):
 garbage-first heap   total 227328K, used 42211K [0x0000000704400000, 0x0000000800000000)
  region size 2048K, 1 young (2048K), 1 survivors (2048K)
 Metaspace       used 76532K, committed 77248K, reserved 1179648K
  class space    used 10539K, committed 10880K, reserved 1048576K
}
Event: 2348.467 GC heap before
{Heap before GC invocations=35 (full 0):
 garbage-first heap   total 258048K, used 255203K [0x0000000704400000, 0x0000000800000000)
  region size 2048K, 8 young (16384K), 1 survivors (2048K)
 Metaspace       used 76970K, committed 77760K, reserved 1179648K
  class space    used 10565K, committed 10944K, reserved 1048576K
}
Event: 2348.595 GC heap after
{Heap after GC invocations=36 (full 0):
 garbage-first heap   total 262144K, used 38279K [0x0000000704400000, 0x0000000800000000)
  region size 2048K, 1 young (2048K), 1 survivors (2048K)
 Metaspace       used 76970K, committed 77760K, reserved 1179648K
  class space    used 10565K, committed 10944K, reserved 1048576K
}
Event: 2348.604 GC heap before
{Heap before GC invocations=36 (full 0):
 garbage-first heap   total 262144K, used 38279K [0x0000000704400000, 0x0000000800000000)
  region size 2048K, 2 young (4096K), 1 survivors (2048K)
 Metaspace       used 76970K, committed 77760K, reserved 1179648K
  class space    used 10565K, committed 10944K, reserved 1048576K
}
Event: 2348.631 GC heap after
{Heap after GC invocations=37 (full 0):
 garbage-first heap   total 262144K, used 38342K [0x0000000704400000, 0x0000000800000000)
  region size 2048K, 1 young (2048K), 1 survivors (2048K)
 Metaspace       used 76970K, committed 77760K, reserved 1179648K
  class space    used 10565K, committed 10944K, reserved 1048576K
}
Event: 2544.229 GC heap before
{Heap before GC invocations=38 (full 0):
 garbage-first heap   total 163840K, used 163270K [0x0000000704400000, 0x0000000800000000)
  region size 2048K, 6 young (12288K), 1 survivors (2048K)
 Metaspace       used 77153K, committed 77952K, reserved 1179648K
  class space    used 10565K, committed 10944K, reserved 1048576K
}
Event: 2544.287 GC heap after
{Heap after GC invocations=39 (full 0):
 garbage-first heap   total 167936K, used 38412K [0x0000000704400000, 0x0000000800000000)
  region size 2048K, 1 young (2048K), 1 survivors (2048K)
 Metaspace       used 77153K, committed 77952K, reserved 1179648K
  class space    used 10565K, committed 10944K, reserved 1048576K
}
Event: 2852.539 GC heap before
{Heap before GC invocations=39 (full 0):
 garbage-first heap   total 194560K, used 189964K [0x0000000704400000, 0x0000000800000000)
  region size 2048K, 8 young (16384K), 1 survivors (2048K)
 Metaspace       used 77260K, committed 78080K, reserved 1179648K
  class space    used 10565K, committed 10944K, reserved 1048576K
}
Event: 2852.614 GC heap after
{Heap after GC invocations=40 (full 0):
 garbage-first heap   total 198656K, used 81459K [0x0000000704400000, 0x0000000800000000)
  region size 2048K, 2 young (4096K), 2 survivors (4096K)
 Metaspace       used 77260K, committed 78080K, reserved 1179648K
  class space    used 10565K, committed 10944K, reserved 1048576K
}
Event: 2852.621 GC heap before
{Heap before GC invocations=40 (full 0):
 garbage-first heap   total 198656K, used 81459K [0x0000000704400000, 0x0000000800000000)
  region size 2048K, 3 young (6144K), 2 survivors (4096K)
 Metaspace       used 77262K, committed 78080K, reserved 1179648K
  class space    used 10565K, committed 10944K, reserved 1048576K
}
Event: 2852.647 GC heap after
{Heap after GC invocations=41 (full 0):
 garbage-first heap   total 198656K, used 82129K [0x0000000704400000, 0x0000000800000000)
  region size 2048K, 3 young (6144K), 3 survivors (6144K)
 Metaspace       used 77262K, committed 78080K, reserved 1179648K
  class space    used 10565K, committed 10944K, reserved 1048576K
}
Event: 2991.470 GC heap before
{Heap before GC invocations=42 (full 0):
 garbage-first heap   total 200704K, used 196817K [0x0000000704400000, 0x0000000800000000)
  region size 2048K, 11 young (22528K), 3 survivors (6144K)
 Metaspace       used 77279K, committed 78080K, reserved 1179648K
  class space    used 10566K, committed 10944K, reserved 1048576K
}
Event: 2991.486 GC heap after
{Heap after GC invocations=43 (full 0):
 garbage-first heap   total 204800K, used 59034K [0x0000000704400000, 0x0000000800000000)
  region size 2048K, 2 young (4096K), 2 survivors (4096K)
 Metaspace       used 77279K, committed 78080K, reserved 1179648K
  class space    used 10566K, committed 10944K, reserved 1048576K
}
Event: 2994.568 GC heap before
{Heap before GC invocations=43 (full 0):
 garbage-first heap   total 208896K, used 202394K [0x0000000704400000, 0x0000000800000000)
  region size 2048K, 8 young (16384K), 2 survivors (4096K)
 Metaspace       used 77287K, committed 78144K, reserved 1179648K
  class space    used 10566K, committed 10944K, reserved 1048576K
}
Event: 2995.599 GC heap after
{Heap after GC invocations=44 (full 0):
 garbage-first heap   total 210944K, used 69128K [0x0000000704400000, 0x0000000800000000)
  region size 2048K, 1 young (2048K), 1 survivors (2048K)
 Metaspace       used 77287K, committed 78144K, reserved 1179648K
  class space    used 10566K, committed 10944K, reserved 1048576K
}

Dll operation events (14 events):
Event: 0.027 Loaded shared library C:\Users\tradi\.jdks\openjdk-21.0.2\bin\java.dll
Event: 0.095 Loaded shared library C:\Users\tradi\.jdks\openjdk-21.0.2\bin\jsvml.dll
Event: 0.276 Loaded shared library C:\Users\tradi\.jdks\openjdk-21.0.2\bin\zip.dll
Event: 0.287 Loaded shared library C:\Users\tradi\.jdks\openjdk-21.0.2\bin\instrument.dll
Event: 0.302 Loaded shared library C:\Users\tradi\.jdks\openjdk-21.0.2\bin\net.dll
Event: 0.307 Loaded shared library C:\Users\tradi\.jdks\openjdk-21.0.2\bin\nio.dll
Event: 0.316 Loaded shared library C:\Users\tradi\.jdks\openjdk-21.0.2\bin\zip.dll
Event: 0.600 Loaded shared library C:\Program Files\JetBrains\IntelliJ IDEA Community Edition 2023.3.2\bin\breakgen64.dll
Event: 0.623 Loaded shared library C:\Users\tradi\.jdks\openjdk-21.0.2\bin\extnet.dll
Event: 0.735 Loaded shared library C:\Users\tradi\.jdks\openjdk-21.0.2\bin\jimage.dll
Event: 4.495 Loaded shared library C:\Users\tradi\.jdks\openjdk-21.0.2\bin\sunmscapi.dll
Event: 7.992 Loaded shared library C:\Users\tradi\.jdks\openjdk-21.0.2\bin\management.dll
Event: 7.997 Loaded shared library C:\Users\tradi\.jdks\openjdk-21.0.2\bin\management_ext.dll
Event: 9.533 Loaded shared library C:\Users\tradi\.jdks\openjdk-21.0.2\bin\verify.dll

Deoptimization events (20 events):
Event: 1799.042 Thread 0x0000016a72651010 DEOPT PACKING pc=0x0000016a1512558a sp=0x00000054760fca10
Event: 1799.042 Thread 0x0000016a72651010 DEOPT UNPACKING pc=0x0000016a1c2b4e42 sp=0x00000054760fbea8 mode 0
Event: 1799.044 Thread 0x0000016a72651010 DEOPT PACKING pc=0x0000016a1512558a sp=0x00000054760fca10
Event: 1799.044 Thread 0x0000016a72651010 DEOPT UNPACKING pc=0x0000016a1c2b4e42 sp=0x00000054760fbea8 mode 0
Event: 2207.909 Thread 0x0000016a74284a20 Uncommon trap: trap_request=0xffffff45 fr.pc=0x0000016a1c86559c relative=0x000000000000025c
Event: 2207.910 Thread 0x0000016a74284a20 Uncommon trap: reason=unstable_if action=reinterpret pc=0x0000016a1c86559c method=java.util.concurrent.locks.ReentrantLock$Sync.lock()V @ 4 c2
Event: 2207.911 Thread 0x0000016a74284a20 DEOPT PACKING pc=0x0000016a1c86559c sp=0x0000005475cfbfb0
Event: 2207.919 Thread 0x0000016a74284a20 DEOPT UNPACKING pc=0x0000016a1c2b46a2 sp=0x0000005475cfbeb0 mode 2
Event: 2346.034 Thread 0x0000016a7264ef40 Uncommon trap: trap_request=0xffffff45 fr.pc=0x0000016a1c904754 relative=0x0000000000000b34
Event: 2346.034 Thread 0x0000016a7264ef40 Uncommon trap: reason=unstable_if action=reinterpret pc=0x0000016a1c904754 method=java.util.concurrent.locks.AbstractQueuedSynchronizer.acquire(Ljava/util/concurrent/locks/AbstractQueuedSynchronizer$Node;IZZZJ)I @ 206 c2
Event: 2346.035 Thread 0x0000016a7264ef40 DEOPT PACKING pc=0x0000016a1c904754 sp=0x0000005475dfa530
Event: 2346.036 Thread 0x0000016a7264ef40 DEOPT UNPACKING pc=0x0000016a1c2b46a2 sp=0x0000005475dfa4b8 mode 2
Event: 2346.037 Thread 0x0000016a7264ef40 Uncommon trap: trap_request=0xffffff45 fr.pc=0x0000016a1c91598c relative=0x000000000000006c
Event: 2346.037 Thread 0x0000016a7264ef40 Uncommon trap: reason=unstable_if action=reinterpret pc=0x0000016a1c91598c method=java.util.concurrent.locks.AbstractQueuedSynchronizer.tryInitializeHead()Ljava/util/concurrent/locks/AbstractQueuedSynchronizer$Node; @ 8 c2
Event: 2346.037 Thread 0x0000016a7264ef40 DEOPT PACKING pc=0x0000016a1c91598c sp=0x0000005475dfa4b0
Event: 2346.052 Thread 0x0000016a7264ef40 DEOPT UNPACKING pc=0x0000016a1c2b46a2 sp=0x0000005475dfa438 mode 2
Event: 2348.444 Thread 0x0000016a74284a20 Uncommon trap: trap_request=0xffffff45 fr.pc=0x0000016a1c864cc8 relative=0x0000000000000128
Event: 2348.444 Thread 0x0000016a74284a20 Uncommon trap: reason=unstable_if action=reinterpret pc=0x0000016a1c864cc8 method=java.util.concurrent.locks.AbstractQueuedSynchronizer.signalNext(Ljava/util/concurrent/locks/AbstractQueuedSynchronizer$Node;)V @ 1 c2
Event: 2348.444 Thread 0x0000016a74284a20 DEOPT PACKING pc=0x0000016a1c864cc8 sp=0x0000005475cfd440
Event: 2348.444 Thread 0x0000016a74284a20 DEOPT UNPACKING pc=0x0000016a1c2b46a2 sp=0x0000005475cfd2d0 mode 2

Classes loaded (20 events):
Event: 1770.711 Loading class javax/crypto/NoSuchPaddingException
Event: 1770.713 Loading class javax/crypto/NoSuchPaddingException done
Event: 1770.713 Loading class javax/crypto/IllegalBlockSizeException
Event: 1770.713 Loading class javax/crypto/IllegalBlockSizeException done
Event: 1770.713 Loading class javax/crypto/BadPaddingException
Event: 1770.714 Loading class javax/crypto/BadPaddingException done
Event: 1770.714 Loading class java/security/spec/InvalidKeySpecException
Event: 1770.715 Loading class java/security/spec/InvalidKeySpecException done
Event: 1770.716 Loading class java/security/spec/KeySpec
Event: 1770.716 Loading class java/security/spec/KeySpec done
Event: 1770.717 Loading class javax/net/ssl/SSLSocket
Event: 1770.719 Loading class javax/net/ssl/SSLSocket done
Event: 1798.824 Loading class jdk/internal/math/FDBigInteger
Event: 1798.834 Loading class jdk/internal/math/FDBigInteger done
Event: 1798.998 Loading class jdk/internal/math/FormattedFPDecimal
Event: 1799.000 Loading class jdk/internal/math/FormattedFPDecimal done
Event: 2207.685 Loading class java/util/concurrent/locks/ReentrantReadWriteLock$Sync$HoldCounter
Event: 2207.788 Loading class java/util/concurrent/locks/ReentrantReadWriteLock$Sync$HoldCounter done
Event: 2954.081 Loading class sun/net/ConnectionResetException
Event: 2954.090 Loading class sun/net/ConnectionResetException done

Classes unloaded (0 events):
No events

Classes redefined (0 events):
No events

Internal exceptions (20 events):
Event: 165.607 Thread 0x0000016a72a24380 Exception <a 'java/lang/NoSuchMethodError'{0x000000070ac64390}: 'java.lang.Object java.lang.invoke.Invokers$Holder.linkToTargetMethod(java.lang.Object, java.lang.Object, java.lang.Object, long, java.lang.Object)'> (0x000000070ac64390) 
thrown [s\open\src\hotspot\share\interpreter\linkResolver.cpp, line 773]
Event: 165.953 Thread 0x0000016a72a24380 Exception <a 'java/lang/IncompatibleClassChangeError'{0x000000070a89fbd0}: Found class java.lang.Object, but interface was expected> (0x000000070a89fbd0) 
thrown [s\open\src\hotspot\share\interpreter\linkResolver.cpp, line 840]
Event: 165.992 Thread 0x0000016a72a24380 Implicit null exception at 0x0000016a1cbc71c1 to 0x0000016a1cbc732c
Event: 166.162 Thread 0x0000016a72a24380 Exception <a 'java/lang/NoSuchMethodError'{0x000000070a7e0068}: 'double java.lang.invoke.DelegatingMethodHandle$Holder.reinvoke_L(java.lang.Object, java.lang.Object)'> (0x000000070a7e0068) 
thrown [s\open\src\hotspot\share\interpreter\linkResolver.cpp, line 773]
Event: 166.163 Thread 0x0000016a72a24380 Exception <a 'java/lang/NoSuchMethodError'{0x000000070a7ea508}: 'void java.lang.invoke.DelegatingMethodHandle$Holder.reinvoke_L(java.lang.Object, java.lang.Object, double)'> (0x000000070a7ea508) 
thrown [s\open\src\hotspot\share\interpreter\linkResolver.cpp, line 773]
Event: 166.181 Thread 0x0000016a72a24380 Exception <a 'java/lang/IncompatibleClassChangeError'{0x000000070a421330}: Found class java.lang.Object, but interface was expected> (0x000000070a421330) 
thrown [s\open\src\hotspot\share\interpreter\linkResolver.cpp, line 840]
Event: 166.372 Thread 0x0000016a72a24380 Exception <a 'java/lang/NoSuchMethodError'{0x000000070a26f4a0}: 'double java.lang.invoke.DirectMethodHandle$Holder.invokeVirtual(java.lang.Object, java.lang.Object)'> (0x000000070a26f4a0) 
thrown [s\open\src\hotspot\share\interpreter\linkResolver.cpp, line 773]
Event: 166.393 Thread 0x0000016a72a24380 Exception <a 'java/lang/NoSuchMethodError'{0x000000070a2bd450}: 'void java.lang.invoke.DirectMethodHandle$Holder.invokeSpecialIFC(java.lang.Object, java.lang.Object, int, java.lang.Object, java.lang.Object, java.lang.Object, java.lang.Object)'> (0x000000070a2bd450) 
thrown [s\open\src\hotspot\share\interpreter\linkResolver.cpp, line 773]
Event: 1235.845 Thread 0x0000016a76165d30 Exception <a 'java/lang/NoSuchMethodError'{0x000000070f2fd158}: 'void java.lang.invoke.DirectMethodHandle$Holder.invokeVirtual(java.lang.Object, java.lang.Object, double)'> (0x000000070f2fd158) 
thrown [s\open\src\hotspot\share\interpreter\linkResolver.cpp, line 773]
Event: 1235.846 Thread 0x0000016a76165d30 Exception <a 'java/lang/NoSuchMethodError'{0x000000070f307740}: 'double java.lang.invoke.DelegatingMethodHandle$Holder.reinvoke_L(java.lang.Object, java.lang.Object, int)'> (0x000000070f307740) 
thrown [s\open\src\hotspot\share\interpreter\linkResolver.cpp, line 773]
Event: 1235.880 Thread 0x0000016a76165d30 Exception <a 'java/lang/NoSuchMethodError'{0x000000070f36ac28}: 'double java.lang.invoke.Invokers$Holder.invokeExact_MT(java.lang.Object, java.lang.Object, java.lang.Object)'> (0x000000070f36ac28) 
thrown [s\open\src\hotspot\share\interpreter\linkResolver.cpp, line 773]
Event: 1235.882 Thread 0x0000016a76165d30 Exception <a 'java/lang/NoSuchMethodError'{0x000000070f3724b8}: 'int java.lang.invoke.Invokers$Holder.invokeExact_MT(java.lang.Object, java.lang.Object, java.lang.Object)'> (0x000000070f3724b8) 
thrown [s\open\src\hotspot\share\interpreter\linkResolver.cpp, line 773]
Event: 1235.887 Thread 0x0000016a76165d30 Exception <a 'java/lang/NoSuchMethodError'{0x000000070f389550}: 'void java.lang.invoke.Invokers$Holder.invokeExact_MT(java.lang.Object, java.lang.Object, int, java.lang.Object)'> (0x000000070f389550) 
thrown [s\open\src\hotspot\share\interpreter\linkResolver.cpp, line 773]
Event: 1235.911 Thread 0x0000016a76165d30 Exception <a 'java/lang/NoSuchMethodError'{0x000000070f006a60}: 'int java.lang.invoke.DirectMethodHandle$Holder.invokeStatic(java.lang.Object, java.lang.Object, int, int)'> (0x000000070f006a60) 
thrown [s\open\src\hotspot\share\interpreter\linkResolver.cpp, line 773]
Event: 1235.992 Thread 0x0000016a76165d30 Exception <a 'java/lang/IncompatibleClassChangeError'{0x000000070f108a28}: Found class java.lang.Object, but interface was expected> (0x000000070f108a28) 
thrown [s\open\src\hotspot\share\interpreter\linkResolver.cpp, line 840]
Event: 1798.852 Thread 0x0000016a72651010 Exception <a 'java/lang/NoSuchMethodError'{0x000000071129c948}: 'java.lang.Object java.lang.invoke.DirectMethodHandle$Holder.invokeInterface(java.lang.Object, java.lang.Object, java.lang.Object, java.lang.Object, java.lang.Object)'> (0x000000071129c948) 
thrown [s\open\src\hotspot\share\interpreter\linkResolver.cpp, line 773]
Event: 1798.905 Thread 0x0000016a72651010 Exception <a 'java/lang/NoSuchMethodError'{0x00000007112f57e8}: 'int java.lang.invoke.DirectMethodHandle$Holder.invokeStatic(java.lang.Object, java.lang.Object, int, java.lang.Object)'> (0x00000007112f57e8) 
thrown [s\open\src\hotspot\share\interpreter\linkResolver.cpp, line 773]
Event: 2954.092 Thread 0x0000016a713b6530 Exception <a 'sun/net/ConnectionResetException'{0x000000070de008b0}: Connection reset> (0x000000070de008b0) 
thrown [s\open\src\hotspot\share\prims\jni.cpp, line 539]
Event: 2991.161 Thread 0x0000016a748e2830 Exception <a 'java/io/IOException'{0x000000070df359f0}> (0x000000070df359f0) 
thrown [s\open\src\hotspot\share\prims\jni.cpp, line 520]
Event: 2992.348 Thread 0x0000016a748e2830 Exception <a 'java/io/IOException'{0x0000000711a6ab70}> (0x0000000711a6ab70) 
thrown [s\open\src\hotspot\share\prims\jni.cpp, line 520]

ZGC Phase Switch (0 events):
No events

VM Operations (20 events):
Event: 2852.528 Executing VM operation: G1CollectForAllocation (G1 Evacuation Pause)
Event: 2852.614 Executing VM operation: G1CollectForAllocation (G1 Evacuation Pause) done
Event: 2852.621 Executing VM operation: G1TryInitiateConcMark (G1 Humongous Allocation)
Event: 2852.647 Executing VM operation: G1TryInitiateConcMark (G1 Humongous Allocation) done
Event: 2853.075 Executing VM operation: G1PauseRemark
Event: 2853.598 Executing VM operation: G1PauseRemark done
Event: 2853.619 Executing VM operation: G1PauseCleanup
Event: 2853.628 Executing VM operation: G1PauseCleanup done
Event: 2854.641 Executing VM operation: Cleanup
Event: 2854.641 Executing VM operation: Cleanup done
Event: 2886.786 Executing VM operation: HandshakeAllThreads (HandshakeForDeflation)
Event: 2886.787 Executing VM operation: HandshakeAllThreads (HandshakeForDeflation) done
Event: 2886.787 Executing VM operation: RendezvousGCThreads
Event: 2886.787 Executing VM operation: RendezvousGCThreads done
Event: 2991.469 Executing VM operation: G1CollectForAllocation (G1 Evacuation Pause)
Event: 2991.486 Executing VM operation: G1CollectForAllocation (G1 Evacuation Pause) done
Event: 2992.492 Executing VM operation: Cleanup
Event: 2992.492 Executing VM operation: Cleanup done
Event: 2994.568 Executing VM operation: G1CollectForAllocation (G1 Evacuation Pause)
Event: 2995.600 Executing VM operation: G1CollectForAllocation (G1 Evacuation Pause) done

Events (20 events):
Event: 2853.583 Thread 0x0000016a2bd83280 flushing nmethod 0x0000016a1c903a10
Event: 2853.583 Thread 0x0000016a2bd83280 flushing nmethod 0x0000016a1c915790
Event: 2853.583 Thread 0x0000016a2bd83280 flushing nmethod 0x0000016a1c8eb410
Event: 2853.585 Thread 0x0000016a2bd83280 flushing nmethod 0x0000016a1c8e1910
Event: 2853.585 Thread 0x0000016a2bd83280 flushing nmethod 0x0000016a1c8f3c90
Event: 2853.586 Thread 0x0000016a2bd83280 flushing nmethod 0x0000016a1c8ca110
Event: 2853.586 Thread 0x0000016a2bd83280 flushing nmethod 0x0000016a1c8bfb90
Event: 2853.587 Thread 0x0000016a2bd83280 flushing nmethod 0x0000016a1c8c6310
Event: 2853.587 Thread 0x0000016a2bd83280 flushing nmethod 0x0000016a1c865190
Event: 2853.587 Thread 0x0000016a2bd83280 flushing nmethod 0x0000016a1c809410
Event: 2853.587 Thread 0x0000016a2bd83280 flushing nmethod 0x0000016a1c864a10
Event: 2853.588 Thread 0x0000016a2bd83280 flushing nmethod 0x0000016a1c875910
Event: 2853.588 Thread 0x0000016a2bd83280 flushing nmethod 0x0000016a1c872c90
Event: 2853.588 Thread 0x0000016a2bd83280 flushing nmethod 0x0000016a1c871690
Event: 2853.588 Thread 0x0000016a2bd83280 flushing nmethod 0x0000016a1c858490
Event: 2853.589 Thread 0x0000016a2bd83280 flushing nmethod 0x0000016a1c835310
Event: 2853.591 Thread 0x0000016a2bd83280 flushing nmethod 0x0000016a1c833410
Event: 2853.591 Thread 0x0000016a2bd83280 flushing nmethod 0x0000016a1c823e10
Event: 2853.591 Thread 0x0000016a2bd83280 flushing nmethod 0x0000016a1c80b890
Event: 2954.098 Thread 0x0000016a713b6530 Thread exited: 0x0000016a713b6530


Dynamic libraries:
0x00007ff73f730000 - 0x00007ff73f73e000 	C:\Users\tradi\.jdks\openjdk-21.0.2\bin\java.exe
0x00007ffdfa2c0000 - 0x00007ffdfa523000 	C:\WINDOWS\SYSTEM32\ntdll.dll
0x00007ffdf98b0000 - 0x00007ffdf9977000 	C:\WINDOWS\System32\KERNEL32.DLL
0x00007ffdf7c40000 - 0x00007ffdf8007000 	C:\WINDOWS\System32\KERNELBASE.dll
0x00007ffdf77a0000 - 0x00007ffdf78ec000 	C:\WINDOWS\System32\ucrtbase.dll
0x00007ffdb7350000 - 0x00007ffdb736b000 	C:\Users\tradi\.jdks\openjdk-21.0.2\bin\VCRUNTIME140.dll
0x00007ffdb7630000 - 0x00007ffdb7648000 	C:\Users\tradi\.jdks\openjdk-21.0.2\bin\jli.dll
0x00007ffdf96e0000 - 0x00007ffdf98a9000 	C:\WINDOWS\System32\USER32.dll
0x00007ffdf8010000 - 0x00007ffdf8037000 	C:\WINDOWS\System32\win32u.dll
0x00007ffde2770000 - 0x00007ffde2a00000 	C:\WINDOWS\WinSxS\amd64_microsoft.windows.common-controls_6595b64144ccf1df_6.0.26100.3037_none_3e09262ce333c378\COMCTL32.dll
0x00007ffdf9ae0000 - 0x00007ffdf9b0a000 	C:\WINDOWS\System32\GDI32.dll
0x00007ffdf9c20000 - 0x00007ffdf9cc9000 	C:\WINDOWS\System32\msvcrt.dll
0x00007ffdf78f0000 - 0x00007ffdf7a1b000 	C:\WINDOWS\System32\gdi32full.dll
0x00007ffdf76f0000 - 0x00007ffdf7793000 	C:\WINDOWS\System32\msvcp_win.dll
0x00007ffdf9100000 - 0x00007ffdf912f000 	C:\WINDOWS\System32\IMM32.DLL
0x00007ffdbf930000 - 0x00007ffdbf93c000 	C:\Users\tradi\.jdks\openjdk-21.0.2\bin\vcruntime140_1.dll
0x00007ffd9f480000 - 0x00007ffd9f50e000 	C:\Users\tradi\.jdks\openjdk-21.0.2\bin\msvcp140.dll
0x00007ffd969d0000 - 0x00007ffd976e7000 	C:\Users\tradi\.jdks\openjdk-21.0.2\bin\server\jvm.dll
0x00007ffdfa1c0000 - 0x00007ffdfa274000 	C:\WINDOWS\System32\ADVAPI32.dll
0x00007ffdf9520000 - 0x00007ffdf95c6000 	C:\WINDOWS\System32\sechost.dll
0x00007ffdf9400000 - 0x00007ffdf9516000 	C:\WINDOWS\System32\RPCRT4.dll
0x00007ffdf9980000 - 0x00007ffdf99f4000 	C:\WINDOWS\System32\WS2_32.dll
0x00007ffdf74f0000 - 0x00007ffdf753e000 	C:\WINDOWS\SYSTEM32\POWRPROF.dll
0x00007ffdec1f0000 - 0x00007ffdec226000 	C:\WINDOWS\SYSTEM32\WINMM.dll
0x00007ffddf3d0000 - 0x00007ffddf3db000 	C:\WINDOWS\SYSTEM32\VERSION.dll
0x00007ffdf74d0000 - 0x00007ffdf74e4000 	C:\WINDOWS\SYSTEM32\UMPDC.dll
0x00007ffdf63c0000 - 0x00007ffdf63da000 	C:\WINDOWS\SYSTEM32\kernel.appcore.dll
0x00007ffdbe830000 - 0x00007ffdbe83a000 	C:\Users\tradi\.jdks\openjdk-21.0.2\bin\jimage.dll
0x00007ffdf4fe0000 - 0x00007ffdf5221000 	C:\WINDOWS\SYSTEM32\DBGHELP.DLL
0x00007ffdf9cd0000 - 0x00007ffdfa04e000 	C:\WINDOWS\System32\combase.dll
0x00007ffdf9a00000 - 0x00007ffdf9ad6000 	C:\WINDOWS\System32\OLEAUT32.dll
0x00007ffdd5430000 - 0x00007ffdd5469000 	C:\WINDOWS\SYSTEM32\dbgcore.DLL
0x00007ffdf7a20000 - 0x00007ffdf7ab9000 	C:\WINDOWS\System32\bcryptPrimitives.dll
0x00007ffdbbb50000 - 0x00007ffdbbb5f000 	C:\Users\tradi\.jdks\openjdk-21.0.2\bin\instrument.dll
0x00007ffdb7330000 - 0x00007ffdb734f000 	C:\Users\tradi\.jdks\openjdk-21.0.2\bin\java.dll
0x00007ffdf89f0000 - 0x00007ffdf90f4000 	C:\WINDOWS\System32\SHELL32.dll
0x00007ffdf5320000 - 0x00007ffdf5b57000 	C:\WINDOWS\SYSTEM32\windows.storage.dll
0x00007ffdf88e0000 - 0x00007ffdf89c9000 	C:\WINDOWS\System32\SHCORE.dll
0x00007ffdf9370000 - 0x00007ffdf93cd000 	C:\WINDOWS\System32\shlwapi.dll
0x00007ffdf7570000 - 0x00007ffdf759e000 	C:\WINDOWS\SYSTEM32\profapi.dll
0x00007ffd9d6a0000 - 0x00007ffd9d777000 	C:\Users\tradi\.jdks\openjdk-21.0.2\bin\jsvml.dll
0x00007ffdb6ac0000 - 0x00007ffdb6ad8000 	C:\Users\tradi\.jdks\openjdk-21.0.2\bin\zip.dll
0x00007ffdbe000000 - 0x00007ffdbe010000 	C:\Users\tradi\.jdks\openjdk-21.0.2\bin\net.dll
0x00007ffdeda10000 - 0x00007ffdedb2e000 	C:\WINDOWS\SYSTEM32\WINHTTP.dll
0x00007ffdf6980000 - 0x00007ffdf69ea000 	C:\WINDOWS\system32\mswsock.dll
0x00007ffdb6ae0000 - 0x00007ffdb6af6000 	C:\Users\tradi\.jdks\openjdk-21.0.2\bin\nio.dll
0x00007ffdb2a40000 - 0x00007ffdb2a5a000 	C:\Program Files\JetBrains\IntelliJ IDEA Community Edition 2023.3.2\bin\breakgen64.dll
0x00007ffdbde70000 - 0x00007ffdbde79000 	C:\Users\tradi\.jdks\openjdk-21.0.2\bin\extnet.dll
0x00007ffdb9f20000 - 0x00007ffdb9f2e000 	C:\Users\tradi\.jdks\openjdk-21.0.2\bin\sunmscapi.dll
0x00007ffdf7ac0000 - 0x00007ffdf7c36000 	C:\WINDOWS\System32\CRYPT32.dll
0x00007ffdf6e40000 - 0x00007ffdf6e70000 	C:\WINDOWS\SYSTEM32\ncrypt.dll
0x00007ffdf6df0000 - 0x00007ffdf6e2f000 	C:\WINDOWS\SYSTEM32\NTASN1.dll
0x00007ffdf6c30000 - 0x00007ffdf6c4c000 	C:\WINDOWS\SYSTEM32\CRYPTSP.dll
0x00007ffdf63e0000 - 0x00007ffdf6418000 	C:\WINDOWS\system32\rsaenh.dll
0x00007ffdf6a20000 - 0x00007ffdf6a4b000 	C:\WINDOWS\SYSTEM32\USERENV.dll
0x00007ffdf6e80000 - 0x00007ffdf6ea6000 	C:\WINDOWS\SYSTEM32\bcrypt.dll
0x00007ffdf6c20000 - 0x00007ffdf6c2c000 	C:\WINDOWS\SYSTEM32\CRYPTBASE.dll
0x00007ffdf5ed0000 - 0x00007ffdf5f02000 	C:\WINDOWS\SYSTEM32\IPHLPAPI.DLL
0x00007ffdf9b10000 - 0x00007ffdf9b1a000 	C:\WINDOWS\System32\NSI.dll
0x00007ffdbb650000 - 0x00007ffdbb65a000 	C:\Users\tradi\.jdks\openjdk-21.0.2\bin\management.dll
0x00007ffdbb4e0000 - 0x00007ffdbb4eb000 	C:\Users\tradi\.jdks\openjdk-21.0.2\bin\management_ext.dll
0x00007ffdf89d0000 - 0x00007ffdf89d8000 	C:\WINDOWS\System32\PSAPI.DLL
0x00007ffdbc400000 - 0x00007ffdbc410000 	C:\Users\tradi\.jdks\openjdk-21.0.2\bin\verify.dll
0x00007ffdf5f70000 - 0x00007ffdf6095000 	C:\WINDOWS\SYSTEM32\DNSAPI.dll
0x00007ffdeb3b0000 - 0x00007ffdeb3bb000 	C:\Windows\System32\rasadhlp.dll
0x00007ffdef220000 - 0x00007ffdef2a5000 	C:\WINDOWS\System32\fwpuclnt.dll
0x00007ffda5a70000 - 0x00007ffda5a78000 	C:\WINDOWS\system32\wshunix.dll

dbghelp: loaded successfully - version: 4.0.5 - missing functions: none
symbol engine: initialized successfully - sym options: 0x614 - pdb path: .;C:\Users\tradi\.jdks\openjdk-21.0.2\bin;C:\WINDOWS\SYSTEM32;C:\WINDOWS\WinSxS\amd64_microsoft.windows.common-controls_6595b64144ccf1df_6.0.26100.3037_none_3e09262ce333c378;C:\Users\tradi\.jdks\openjdk-21.0.2\bin\server;C:\Program Files\JetBrains\IntelliJ IDEA Community Edition 2023.3.2\bin

VM Arguments:
jvm_args: -javaagent:C:\Program Files\JetBrains\IntelliJ IDEA Community Edition 2023.3.2\lib\idea_rt.jar=54262:C:\Program Files\JetBrains\IntelliJ IDEA Community Edition 2023.3.2\bin -Dfile.encoding=UTF-8 -Dsun.stdout.encoding=UTF-8 -Dsun.stderr.encoding=UTF-8 
java_command: com.fooddelivery.FooddeliveryApplication C:/Users/tradi/.m2/repository
java_class_path (initial): C:\Users\tradi\Downloads\fooddelivery\fooddelivery\target\classes;C:\Users\tradi\.m2\repository\org\springframework\boot\spring-boot-starter-data-jpa\3.3.5\spring-boot-starter-data-jpa-3.3.5.jar;C:\Users\tradi\.m2\repository\org\springframework\boot\spring-boot-starter-aop\3.3.5\spring-boot-starter-aop-3.3.5.jar;C:\Users\tradi\.m2\repository\org\springframework\spring-aop\6.1.14\spring-aop-6.1.14.jar;C:\Users\tradi\.m2\repository\org\aspectj\aspectjweaver\1.9.22.1\aspectjweaver-1.9.22.1.jar;C:\Users\tradi\.m2\repository\org\springframework\boot\spring-boot-starter-jdbc\3.3.5\spring-boot-starter-jdbc-3.3.5.jar;C:\Users\tradi\.m2\repository\com\zaxxer\HikariCP\5.1.0\HikariCP-5.1.0.jar;C:\Users\tradi\.m2\repository\org\springframework\spring-jdbc\6.1.14\spring-jdbc-6.1.14.jar;C:\Users\tradi\.m2\repository\org\hibernate\orm\hibernate-core\6.5.3.Final\hibernate-core-6.5.3.Final.jar;C:\Users\tradi\.m2\repository\jakarta\persistence\jakarta.persistence-api\3.1.0\jakarta.persistence-api-3.1.0.jar;C:\Users\tradi\.m2\repository\jakarta\transaction\jakarta.transaction-api\2.0.1\jakarta.transaction-api-2.0.1.jar;C:\Users\tradi\.m2\repository\org\jboss\logging\jboss-logging\3.5.3.Final\jboss-logging-3.5.3.Final.jar;C:\Users\tradi\.m2\repository\org\hibernate\common\hibernate-commons-annotations\6.0.6.Final\hibernate-commons-annotations-6.0.6.Final.jar;C:\Users\tradi\.m2\repository\io\smallrye\jandex\3.1.2\jandex-3.1.2.jar;C:\Users\tradi\.m2\repository\com\fasterxml\classmate\1.7.0\classmate-1.7.0.jar;C:\Users\tradi\.m2\repository\net\bytebuddy\byte-buddy\1.14.19\byte-buddy-1.14.19.jar;C:\Users\tradi\.m2\repository\org\glassfish\jaxb\jaxb-runtime\4.0.5\jaxb-runtime-4.0.5.jar;C:\Users\tradi\.m2\repository\org\glassfish\jaxb\jaxb-core\4.0.5\jaxb-core-4.0.5.jar;C:\Users\tradi\.m2\repository\org\eclipse\angus\angus-activation\2.0.2\angus-activation-2.0.2.jar;C:\Users\tradi\.m2\repository\org\glassfish\jaxb\txw2\4.0.5\txw2-4.0.5.jar;C:\Users\tradi\.m2\repository\com\sun\istack\istack-commons-runtime\4.1.2\istack-commons-runtime-4.1.2.jar;C:\Users\tradi\.m2\repository\jakarta\inject\jakarta.inject-api\2.0.1\jakarta.inject-api-2.0.1.jar;C:\Users\tradi\.m2\repository\org\antlr\antlr4-runtime\4.13.0\antlr4-runtime-4.13.0.jar;C:\Users\tradi\.m2\repository\org\springframework\data\spring-data-jpa\3.3.5\spring-data-jpa-3.3.5.jar;C:\Users\tradi\.m2\repository\org\springframework\data\spring-data-commons\3.3.5\spring-data-commons-3.3.5.jar;C:\Users\tradi\.m2\repository\org\springframework\spring-orm\6.1.14\spring-orm-6.1.14.jar;C:\Users\tradi\.m2\repository\org\springframework\spring-context\6.1.14\spring-context-6.1.14.jar;C:\Users\tradi\.m2\repository\org\springframework\spring-tx\6.1.14\spring-tx-6.1.14.jar;C:\Users\tradi\.m2\repository\org\springframework\spring-beans\6.1.14\spring-beans-6.1.14.jar;C:\Users\tradi\.m2\repository\jakarta\annotation\jakarta.annotation-api\2.1.1\jakarta.annotation-api-2.1.1.jar;C:\Users\tradi\.m2\repository\org\slf4j\slf4j-api\2.0.16\slf4j-api-2.0.16.jar;C:\Users\tradi\.m2\repository\org\springframework\spring-aspects\6.1.14\spring-aspects-6.1.14.jar;C:\Users\tradi\.m2\repository\org\springframework\boot\spring-boot-starter-validation\3.3.5\spring-boot-starter-validation-3.3.5.jar;C:\Users\tradi\.m2\repository\org\springframework\boot\spring-boot-starter\3.3.5\spring-boot-starter-3.3.5.jar;C:\Users\tradi\.m2\repository\org\springframework\boot\spring-boot\3.3.5\spring-boot-3.3.5.jar;C:\Users\tradi\.m2\repository\org\springframework\boot\spring-boot-autoconfigure\3.3.5\spring-boot-autoconfigure-3.3.5.jar;C:\Users\tradi\.m2\repository\org\springframework\boot\spring-boot-starter-logging\3.3.5\spring-boot-starter-logging-3.3.5.jar;C:\Users\tradi\.m2\repository\ch\qos\logback\logback-classic\1.5.11\logback-classic-1.5.11.jar;C:\Users\tradi\.m2\repository\ch\qos\logback\logback-core\1.5.11\logback-core-1.5.11.jar;C:\Users\tradi\.m2\repository\org\apache\logging\log4j\log4j-to-slf4j\2.23.1\log4j-to-slf4j-2.23.1.jar;C:\Users\tradi\.m2\repository\org\apache\logging\log4j\log4j-api\2.23.1\log4j-api-2.23.1.jar;C:\Users\tradi\.m2\repository\org\slf4j\jul-to-slf4j\2.0.16\jul-to-slf4j-2.0.16.jar;C:\Users\tradi\.m2\repository\org\yaml\snakeyaml\2.2\snakeyaml-2.2.jar;C:\Users\tradi\.m2\repository\org\apache\tomcat\embed\tomcat-embed-el\10.1.31\tomcat-embed-el-10.1.31.jar;C:\Users\tradi\.m2\repository\org\hibernate\validator\hibernate-validator\8.0.1.Final\hibernate-validator-8.0.1.Final.jar;C:\Users\tradi\.m2\repository\jakarta\validation\jakarta.validation-api\3.0.2\jakarta.validation-api-3.0.2.jar;C:\Users\tradi\.m2\repository\org\springframework\boot\spring-boot-starter-web\3.3.5\spring-boot-starter-web-3.3.5.jar;C:\Users\tradi\.m2\repository\org\springframework\boot\spring-boot-starter-json\3.3.5\spring-boot-starter-json-3.3.5.jar;C:\Users\tradi\.m2\repository\com\fasterxml\jackson\core\jackson-databind\2.17.2\jackson-databind-2.17.2.jar;C:\Users\tradi\.m2\repository\com\fasterxml\jackson\core\jackson-core\2.17.2\jackson-core-2.17.2.jar;C:\Users\tradi\.m2\repository\com\fasterxml\jackson\datatype\jackson-datatype-jdk8\2.17.2\jackson-datatype-jdk8-2.17.2.jar;C:\Users\tradi\.m2\repository\com\fasterxml\jackson\datatype\jackson-datatype-jsr310\2.17.2\jackson-datatype-jsr310-2.17.2.jar;C:\Users\tradi\.m2\repository\com\fasterxml\jackson\module\jackson-module-parameter-names\2.17.2\jackson-module-parameter-names-2.17.2.jar;C:\Users\tradi\.m2\repository\org\springframework\boot\spring-boot-starter-tomcat\3.3.5\spring-boot-starter-tomcat-3.3.5.jar;C:\Users\tradi\.m2\repository\org\apache\tomcat\embed\tomcat-embed-core\10.1.31\tomcat-embed-core-10.1.31.jar;C:\Users\tradi\.m2\repository\org\apache\tomcat\embed\tomcat-embed-websocket\10.1.31\tomcat-embed-websocket-10.1.31.jar;C:\Users\tradi\.m2\repository\org\springframework\spring-web\6.1.14\spring-web-6.1.14.jar;C:\Users\tradi\.m2\repository\io\micrometer\micrometer-observation\1.13.6\micrometer-observation-1.13.6.jar;C:\Users\tradi\.m2\repository\io\micrometer\micrometer-commons\1.13.6\micrometer-commons-1.13.6.jar;C:\Users\tradi\.m2\repository\org\springframework\spring-webmvc\6.1.14\spring-webmvc-6.1.14.jar;C:\Users\tradi\.m2\repository\org\springframework\spring-expression\6.1.14\spring-expression-6.1.14.jar;C:\Users\tradi\.m2\repository\com\mysql\mysql-connector-j\8.3.0\mysql-connector-j-8.3.0.jar;C:\Users\tradi\.m2\repository\org\projectlombok\lombok\1.18.34\lombok-1.18.34.jar;C:\Users\tradi\.m2\repository\com\fasterxml\jackson\core\jackson-annotations\2.17.2\jackson-annotations-2.17.2.jar;C:\Users\tradi\.m2\repository\jakarta\xml\bind\jakarta.xml.bind-api\4.0.2\jakarta.xml.bind-api-4.0.2.jar;C:\Users\tradi\.m2\repository\jakarta\activation\jakarta.activation-api\2.1.3\jakarta.activation-api-2.1.3.jar;C:\Users\tradi\.m2\repository\org\springframework\spring-core\6.1.14\spring-core-6.1.14.jar;C:\Users\tradi\.m2\repository\org\springframework\spring-jcl\6.1.14\spring-jcl-6.1.14.jar
Launcher Type: SUN_STANDARD

[Global flags]
     intx CICompilerCount                          = 4                                         {product} {ergonomic}
     uint ConcGCThreads                            = 3                                         {product} {ergonomic}
     uint G1ConcRefinementThreads                  = 10                                        {product} {ergonomic}
   size_t G1HeapRegionSize                         = 2097152                                   {product} {ergonomic}
    uintx GCDrainStackTargetSize                   = 64                                        {product} {ergonomic}
   size_t InitialHeapSize                          = 264241152                                 {product} {ergonomic}
   size_t MarkStackSize                            = 4194304                                   {product} {ergonomic}
   size_t MaxHeapSize                              = 4223664128                                {product} {ergonomic}
   size_t MaxNewSize                               = 2533359616                                {product} {ergonomic}
   size_t MinHeapDeltaBytes                        = 2097152                                   {product} {ergonomic}
   size_t MinHeapSize                              = 8388608                                   {product} {ergonomic}
    uintx NonNMethodCodeHeapSize                   = 5839372                                {pd product} {ergonomic}
    uintx NonProfiledCodeHeapSize                  = 122909434                              {pd product} {ergonomic}
    uintx ProfiledCodeHeapSize                     = 122909434                              {pd product} {ergonomic}
    uintx ReservedCodeCacheSize                    = 251658240                              {pd product} {ergonomic}
     bool SegmentedCodeCache                       = true                                      {product} {ergonomic}
   size_t SoftMaxHeapSize                          = 4223664128                             {manageable} {ergonomic}
     bool UseCompressedOops                        = true                           {product lp64_product} {ergonomic}
     bool UseG1GC                                  = true                                      {product} {ergonomic}
     bool UseLargePagesIndividualAllocation        = false                                  {pd product} {ergonomic}

Logging:
Log output configuration:
 #0: stdout all=warning uptime,level,tags foldmultilines=false
 #1: stderr all=off uptime,level,tags foldmultilines=false

Environment Variables:
JAVA_HOME=C:\Program Files\Java\jdk-21
PATH=C:\Python312\Scripts\;C:\Python312\;C:\Program Files\Common Files\Oracle\Java\javapath;C:\Program Files (x86)\Common Files\Oracle\Java\javapath;C:\WINDOWS\system32;C:\WINDOWS;C:\WINDOWS\System32\Wbem;C:\WINDOWS\System32\WindowsPowerShell\v1.0\;C:\WINDOWS\System32\OpenSSH\;C:\Program Files\Microsoft SQL Server\150\Tools\Binn\;C:\Program Files\Microsoft SQL Server\Client SDK\ODBC\170\Tools\Binn\;C:\Program Files\dotnet\;C:\maven\apache-maven-3.9.6-bin\apache-maven-3.9.6\bin;C:\ProgramData\chocolatey\bin;C:\Program Files\MongoDB\mongosh-2.1.1-win32-x64\bin;C:\Program Files\Git\cmd;C:\Program Files\Docker\Docker\resources\bin;C:\Program Files\Java\jdk-21\bin;C:\Users\tradi\AppData\Roaming\nvm;C:\Program Files\nodejs;C:\Program Files\Amazon\AWSCLIV2\;C:\Users\tradi\AppData\Local\Microsoft\WindowsApps;C:\Program Files\JetBrains\IntelliJ IDEA Community Edition 2023.3.2\bin;;C:\Program Files\JetBrains\IntelliJ IDEA 2023.3\bin;;C:\Users\tradi\.dotnet\tools;C:\Users\tradi\AppData\Local\Programs\Microsoft VS Code\bin;C:\Users\tradi\AppData\Roaming\npm;C:\Users\tradi\Downloads\flutter\src\flutter\bin;C:\Users\tradi\AppData\Roaming\nvm;C:\Program Files\nodejs;C:\Program Files\heroku\bin;C:\flutter_windows_3.24.3-stable\flutter\bin;
USERNAME=tradi
OS=Windows_NT
PROCESSOR_IDENTIFIER=Intel64 Family 6 Model 186 Stepping 3, GenuineIntel
TMP=C:\Users\tradi\AppData\Local\Temp
TEMP=C:\Users\tradi\AppData\Local\Temp




Periodic native trim disabled

---------------  S Y S T E M  ---------------

OS:
 Windows 11 , 64 bit Build 26100 (10.0.26100.3037)
OS uptime: 0 days 6:21 hours
Hyper-V role detected

CPU: total 12 (initial active 12) (6 cores per cpu, 2 threads per core) family 6 model 186 stepping 3 microcode 0x4112, cx8, cmov, fxsr, ht, mmx, 3dnowpref, sse, sse2, sse3, ssse3, sse4.1, sse4.2, popcnt, lzcnt, tsc, tscinvbit, avx, avx2, aes, erms, clmul, bmi1, bmi2, adx, sha, fma, vzeroupper, clflush, clflushopt, clwb, hv, serialize, rdtscp, rdpid, fsrm, f16c, cet_ibt, cet_ss
Processor Information for processor 0
  Max Mhz: 1700, Current Mhz: 1700, Mhz Limit: 1700
Processor Information for processor 1
  Max Mhz: 1700, Current Mhz: 1700, Mhz Limit: 1700
Processor Information for processor 2
  Max Mhz: 1700, Current Mhz: 1700, Mhz Limit: 1700
Processor Information for processor 3
  Max Mhz: 1700, Current Mhz: 1700, Mhz Limit: 1700
Processor Information for processor 4
  Max Mhz: 1700, Current Mhz: 1200, Mhz Limit: 1190
Processor Information for processor 5
  Max Mhz: 1700, Current Mhz: 1200, Mhz Limit: 1190
Processor Information for processor 6
  Max Mhz: 1700, Current Mhz: 1200, Mhz Limit: 1190
Processor Information for processor 7
  Max Mhz: 1700, Current Mhz: 1200, Mhz Limit: 1190
Processor Information for processor 8
  Max Mhz: 1700, Current Mhz: 1200, Mhz Limit: 1190
Processor Information for processor 9
  Max Mhz: 1700, Current Mhz: 1200, Mhz Limit: 1190
Processor Information for processor 10
  Max Mhz: 1700, Current Mhz: 1200, Mhz Limit: 1190
Processor Information for processor 11
  Max Mhz: 1700, Current Mhz: 1200, Mhz Limit: 1190

Memory: 4k page, system-wide physical 16108M (862M free)
TotalPageFile size 65260M (AvailPageFile size 0M)
current process WorkingSet (physical memory assigned to process): 199M, peak: 428M
current process commit charge ("private bytes"): 437M, peak: 497M

vm_info: OpenJDK 64-Bit Server VM (21.0.2+13-58) for windows-amd64 JRE (21.0.2+13-58), built on 2024-01-05T18:32:24Z by "mach5one" with MS VC++ 17.1 (VS2022)

END.
