#
# There is insufficient memory for the Java Runtime Environment to continue.
# Native memory allocation (malloc) failed to allocate 536112 bytes for Chunk::new
# Possible reasons:
#   The system is out of physical RAM or swap space
#   The process is running with CompressedOops enabled, and the Java Heap may be blocking the growth of the native heap
# Possible solutions:
#   Reduce memory load on the system
#   Increase physical memory or swap space
#   Check if swap backing store is full
#   Decrease Java heap size (-Xmx/-Xms)
#   Decrease number of Java threads
#
#  Out of Memory Error (arena.cpp:168), pid=10252, tid=16900
#
# JRE version: OpenJDK Runtime Environment (21.0.2+13) (build 21.0.2+13-58)
# Java VM: OpenJDK 64-Bit Server VM (21.0.2+13-58, mixed mode, sharing, tiered, compressed oops, compressed class ptrs, g1 gc, windows-amd64)
# No core dump will be written. Minidumps are not enabled by default on client versions of Windows
#

---------------  S U M M A R Y ------------

Command Line: -javaagent:C:\Program Files\JetBrains\IntelliJ IDEA Community Edition 2023.3.2\lib\idea_rt.jar=50298:C:\Program Files\JetBrains\IntelliJ IDEA Community Edition 2023.3.2\bin -Dfile.encoding=UTF-8 -Dsun.stdout.encoding=UTF-8 -Dsun.stderr.encoding=UTF-8 com.fooddelivery.FooddeliveryApplication C:/Users/tradi/.m2/repository

Host: 13th Gen Intel(R) Core(TM) i7-1355U, 12 cores, 15G,  Windows 11 , 64 bit Build 26100 (10.0.26100.3037)
Time: Wed Feb 19 18:02:51 2025 Eastern Standard Time elapsed time: 2464.106531 seconds (0d 0h 41m 4s)

---------------  T H R E A D  ---------------

Current thread (0x000002d8950c2ba0):  JavaThread "C2 CompilerThread0" daemon [_thread_in_native, id=16900, stack(0x000000e21d500000,0x000000e21d600000) (1024K)]


Current CompileTask:
C2:2464106 11368       4       org.hibernate.sql.results.graph.collection.internal.AbstractImmediateCollectionInitializer::resolveKey (59 bytes)

Stack: [0x000000e21d500000,0x000000e21d600000]
Native frames: (J=compiled Java code, j=interpreted, Vv=VM code, C=native code)
V  [jvm.dll+0x6cade9]
V  [jvm.dll+0x8569c1]
V  [jvm.dll+0x858d2e]
V  [jvm.dll+0x859413]
V  [jvm.dll+0x280e56]
V  [jvm.dll+0xc3f3d]
V  [jvm.dll+0xc4473]
V  [jvm.dll+0x3b5c2c]
V  [jvm.dll+0x382855]
V  [jvm.dll+0x381cca]
V  [jvm.dll+0x249bd0]
V  [jvm.dll+0x2491b1]
V  [jvm.dll+0x1c9634]
V  [jvm.dll+0x258859]
V  [jvm.dll+0x256e3a]
V  [jvm.dll+0x3ef6c6]
V  [jvm.dll+0x7ff568]
V  [jvm.dll+0x6c953d]
C  [ucrtbase.dll+0x37b0]
C  [KERNEL32.DLL+0x2e8d7]
C  [ntdll.dll+0xbbf2c]


---------------  P R O C E S S  ---------------

Threads class SMR info:
_java_thread_list=0x000002d8df906ce0, length=29, elements={
0x000002d8950b4d00, 0x000002d8950b6680, 0x000002d8950bbe20, 0x000002d8950bcae0,
0x000002d8950bd670, 0x000002d8950bf0e0, 0x000002d8950c2ba0, 0x000002d8950c6a50,
0x000002d8952c1e00, 0x000002d895692970, 0x000002d895692fe0, 0x000002d8dbc024b0,
0x000002d8dcce5260, 0x000002d8dd8ee020, 0x000002d8dd857050, 0x000002d8dd768e80,
0x000002d8dd766720, 0x000002d8dd768160, 0x000002d8dd767440, 0x000002d8dd766db0,
0x000002d8dd765a00, 0x000002d8dff74d80, 0x000002d8dff72cb0, 0x000002d8dff76130,
0x000002d8dff739d0, 0x000002d8dff75aa0, 0x000002d8dff75410, 0x000002d8dff73340,
0x000002d8dff74060
}

Java Threads: ( => current thread )
  0x000002d8950b4d00 JavaThread "Reference Handler"          daemon [_thread_blocked, id=13264, stack(0x000000e21cf00000,0x000000e21d000000) (1024K)]
  0x000002d8950b6680 JavaThread "Finalizer"                  daemon [_thread_blocked, id=16928, stack(0x000000e21d000000,0x000000e21d100000) (1024K)]
  0x000002d8950bbe20 JavaThread "Signal Dispatcher"          daemon [_thread_blocked, id=16872, stack(0x000000e21d100000,0x000000e21d200000) (1024K)]
  0x000002d8950bcae0 JavaThread "Attach Listener"            daemon [_thread_blocked, id=16644, stack(0x000000e21d200000,0x000000e21d300000) (1024K)]
  0x000002d8950bd670 JavaThread "Service Thread"             daemon [_thread_blocked, id=16632, stack(0x000000e21d300000,0x000000e21d400000) (1024K)]
  0x000002d8950bf0e0 JavaThread "Monitor Deflation Thread"   daemon [_thread_blocked, id=17236, stack(0x000000e21d400000,0x000000e21d500000) (1024K)]
=>0x000002d8950c2ba0 JavaThread "C2 CompilerThread0"         daemon [_thread_in_native, id=16900, stack(0x000000e21d500000,0x000000e21d600000) (1024K)]
  0x000002d8950c6a50 JavaThread "C1 CompilerThread0"         daemon [_thread_blocked, id=14708, stack(0x000000e21d600000,0x000000e21d700000) (1024K)]
  0x000002d8952c1e00 JavaThread "Common-Cleaner"             daemon [_thread_blocked, id=16920, stack(0x000000e21d700000,0x000000e21d800000) (1024K)]
  0x000002d895692970 JavaThread "Monitor Ctrl-Break"         daemon [_thread_in_native, id=18540, stack(0x000000e21d800000,0x000000e21d900000) (1024K)]
  0x000002d895692fe0 JavaThread "Notification Thread"        daemon [_thread_blocked, id=11672, stack(0x000000e21d900000,0x000000e21da00000) (1024K)]
  0x000002d8dbc024b0 JavaThread "Catalina-utility-1"                [_thread_blocked, id=13552, stack(0x000000e21e700000,0x000000e21e800000) (1024K)]
  0x000002d8dcce5260 JavaThread "Catalina-utility-2"                [_thread_blocked, id=14012, stack(0x000000e21e800000,0x000000e21e900000) (1024K)]
  0x000002d8dd8ee020 JavaThread "container-0"                       [_thread_blocked, id=2100, stack(0x000000e21e900000,0x000000e21ea00000) (1024K)]
  0x000002d8dd857050 JavaThread "mysql-cj-abandoned-connection-cleanup" daemon [_thread_blocked, id=11992, stack(0x000000e21ea00000,0x000000e21eb00000) (1024K)]
  0x000002d8dd768e80 JavaThread "HikariPool-1 housekeeper"   daemon [_thread_blocked, id=9584, stack(0x000000e21eb00000,0x000000e21ec00000) (1024K)]
  0x000002d8dd766720 JavaThread "http-nio-8080-exec-1"       daemon [_thread_blocked, id=17196, stack(0x000000e21ee00000,0x000000e21ef00000) (1024K)]
  0x000002d8dd768160 JavaThread "http-nio-8080-exec-2"       daemon [_thread_blocked, id=16372, stack(0x000000e21ef00000,0x000000e21f000000) (1024K)]
  0x000002d8dd767440 JavaThread "http-nio-8080-exec-3"       daemon [_thread_blocked, id=744, stack(0x000000e21f000000,0x000000e21f100000) (1024K)]
  0x000002d8dd766db0 JavaThread "http-nio-8080-exec-4"       daemon [_thread_blocked, id=8956, stack(0x000000e21f100000,0x000000e21f200000) (1024K)]
  0x000002d8dd765a00 JavaThread "http-nio-8080-exec-5"       daemon [_thread_blocked, id=16564, stack(0x000000e21f200000,0x000000e21f300000) (1024K)]
  0x000002d8dff74d80 JavaThread "http-nio-8080-exec-6"       daemon [_thread_blocked, id=12360, stack(0x000000e21f300000,0x000000e21f400000) (1024K)]
  0x000002d8dff72cb0 JavaThread "http-nio-8080-exec-7"       daemon [_thread_blocked, id=1808, stack(0x000000e21f400000,0x000000e21f500000) (1024K)]
  0x000002d8dff76130 JavaThread "http-nio-8080-exec-8"       daemon [_thread_blocked, id=8040, stack(0x000000e21f500000,0x000000e21f600000) (1024K)]
  0x000002d8dff739d0 JavaThread "http-nio-8080-exec-9"       daemon [_thread_blocked, id=11360, stack(0x000000e21f600000,0x000000e21f700000) (1024K)]
  0x000002d8dff75aa0 JavaThread "http-nio-8080-exec-10"      daemon [_thread_blocked, id=11756, stack(0x000000e21f700000,0x000000e21f800000) (1024K)]
  0x000002d8dff75410 JavaThread "http-nio-8080-Poller"       daemon [_thread_in_native, id=5036, stack(0x000000e21f800000,0x000000e21f900000) (1024K)]
  0x000002d8dff73340 JavaThread "http-nio-8080-Acceptor"     daemon [_thread_in_native, id=5140, stack(0x000000e21f900000,0x000000e21fa00000) (1024K)]
  0x000002d8dff74060 JavaThread "DestroyJavaVM"                     [_thread_blocked, id=19216, stack(0x000000e21c700000,0x000000e21c800000) (1024K)]
Total: 29

Other Threads:
  0x000002d895094140 VMThread "VM Thread"                           [id=3120, stack(0x000000e21ce00000,0x000000e21cf00000) (1024K)]
  0x000002d895078af0 WatcherThread "VM Periodic Task Thread"        [id=20384, stack(0x000000e21cd00000,0x000000e21ce00000) (1024K)]
  0x000002d8f53898b0 WorkerThread "GC Thread#0"                     [id=18568, stack(0x000000e21c800000,0x000000e21c900000) (1024K)]
  0x000002d89593cf50 WorkerThread "GC Thread#1"                     [id=13212, stack(0x000000e21db00000,0x000000e21dc00000) (1024K)]
  0x000002d89593d2f0 WorkerThread "GC Thread#2"                     [id=13564, stack(0x000000e21dc00000,0x000000e21dd00000) (1024K)]
  0x000002d89593d690 WorkerThread "GC Thread#3"                     [id=7292, stack(0x000000e21dd00000,0x000000e21de00000) (1024K)]
  0x000002d895b801d0 WorkerThread "GC Thread#4"                     [id=2656, stack(0x000000e21de00000,0x000000e21df00000) (1024K)]
  0x000002d895b80570 WorkerThread "GC Thread#5"                     [id=11836, stack(0x000000e21df00000,0x000000e21e000000) (1024K)]
  0x000002d895c47f50 WorkerThread "GC Thread#6"                     [id=21016, stack(0x000000e21e000000,0x000000e21e100000) (1024K)]
  0x000002d8db6eddc0 WorkerThread "GC Thread#7"                     [id=16160, stack(0x000000e21e200000,0x000000e21e300000) (1024K)]
  0x000002d8db6ed2e0 WorkerThread "GC Thread#8"                     [id=4052, stack(0x000000e21e300000,0x000000e21e400000) (1024K)]
  0x000002d8db6ecf40 WorkerThread "GC Thread#9"                     [id=1096, stack(0x000000e21e400000,0x000000e21e500000) (1024K)]
  0x000002d8f539b860 ConcurrentGCThread "G1 Main Marker"            [id=7300, stack(0x000000e21c900000,0x000000e21ca00000) (1024K)]
  0x000002d8f539c360 WorkerThread "G1 Conc#0"                       [id=15816, stack(0x000000e21ca00000,0x000000e21cb00000) (1024K)]
  0x000002d8db6ed680 WorkerThread "G1 Conc#1"                       [id=7776, stack(0x000000e21e100000,0x000000e21e200000) (1024K)]
  0x000002d8dcb210a0 WorkerThread "G1 Conc#2"                       [id=8400, stack(0x000000e21e500000,0x000000e21e600000) (1024K)]
  0x000002d8f53de530 ConcurrentGCThread "G1 Refine#0"               [id=18100, stack(0x000000e21cb00000,0x000000e21cc00000) (1024K)]
  0x000002d894f4ab00 ConcurrentGCThread "G1 Service"                [id=9256, stack(0x000000e21cc00000,0x000000e21cd00000) (1024K)]
Total: 18

Threads with active compile tasks:
C2 CompilerThread0  2464274 11368       4       org.hibernate.sql.results.graph.collection.internal.AbstractImmediateCollectionInitializer::resolveKey (59 bytes)
Total: 1

VM state: not at safepoint (normal execution)

VM Mutex/Monitor currently owned by a thread: None

Heap address: 0x0000000704400000, size: 4028 MB, Compressed Oops mode: Zero based, Oop shift amount: 3

CDS archive(s) mapped at: [0x000002d896000000-0x000002d896c90000-0x000002d896c90000), size 13172736, SharedBaseAddress: 0x000002d896000000, ArchiveRelocationMode: 1.
Compressed class space mapped at: 0x000002d897000000-0x000002d8d7000000, reserved size: 1073741824
Narrow klass base: 0x000002d896000000, Narrow klass shift: 0, Narrow klass range: 0x100000000

GC Precious Log:
 CardTable entry size: 512
 Card Set container configuration: InlinePtr #cards 4 size 8 Array Of Cards #cards 16 size 48 Howl #buckets 8 coarsen threshold 3686 Howl Bitmap #cards 512 size 80 coarsen threshold 460 Card regions per heap region 1 cards per card region 4096
 CPUs: 12 total, 12 available
 Memory: 16108M
 Large Page Support: Disabled
 NUMA Support: Disabled
 Compressed Oops: Enabled (Zero based)
 Heap Region Size: 2M
 Heap Min Capacity: 8M
 Heap Initial Capacity: 252M
 Heap Max Capacity: 4028M
 Pre-touch: Disabled
 Parallel Workers: 10
 Concurrent Workers: 3
 Concurrent Refinement Workers: 10
 Periodic GC: Disabled

Heap:
 garbage-first heap   total 344064K, used 39592K [0x0000000704400000, 0x0000000800000000)
  region size 2048K, 5 young (10240K), 1 survivors (2048K)
 Metaspace       used 79505K, committed 80320K, reserved 1179648K
  class space    used 10667K, committed 11072K, reserved 1048576K

Heap Regions: E=young(eden), S=young(survivor), O=old, HS=humongous(starts), HC=humongous(continues), CS=collection set, F=free, TAMS=top-at-mark-start, PB=parsable bottom
|   0|0x0000000704400000, 0x0000000704600000, 0x0000000704600000|100%| O|  |TAMS 0x0000000704400000| PB 0x0000000704400000| Untracked 
|   1|0x0000000704600000, 0x0000000704800000, 0x0000000704800000|100%| O|  |TAMS 0x0000000704600000| PB 0x0000000704600000| Untracked 
|   2|0x0000000704800000, 0x0000000704a00000, 0x0000000704a00000|100%| O|  |TAMS 0x0000000704800000| PB 0x0000000704800000| Untracked 
|   3|0x0000000704a00000, 0x0000000704c00000, 0x0000000704c00000|100%| O|  |TAMS 0x0000000704a00000| PB 0x0000000704a00000| Untracked 
|   4|0x0000000704c00000, 0x0000000704e00000, 0x0000000704e00000|100%| O|  |TAMS 0x0000000704c00000| PB 0x0000000704c00000| Untracked 
|   5|0x0000000704e00000, 0x0000000704e00000, 0x0000000705000000|  0%| F|  |TAMS 0x0000000704e00000| PB 0x0000000704e00000| Untracked 
|   6|0x0000000705000000, 0x0000000705200000, 0x0000000705200000|100%| O|  |TAMS 0x0000000705000000| PB 0x0000000705000000| Untracked 
|   7|0x0000000705200000, 0x0000000705400000, 0x0000000705400000|100%| O|  |TAMS 0x0000000705200000| PB 0x0000000705200000| Untracked 
|   8|0x0000000705400000, 0x0000000705400000, 0x0000000705600000|  0%| F|  |TAMS 0x0000000705400000| PB 0x0000000705400000| Untracked 
|   9|0x0000000705600000, 0x0000000705600000, 0x0000000705800000|  0%| F|  |TAMS 0x0000000705600000| PB 0x0000000705600000| Untracked 
|  10|0x0000000705800000, 0x0000000705a00000, 0x0000000705a00000|100%| O|  |TAMS 0x0000000705800000| PB 0x0000000705800000| Untracked 
|  11|0x0000000705a00000, 0x0000000705c00000, 0x0000000705c00000|100%| O|  |TAMS 0x0000000705a00000| PB 0x0000000705a00000| Untracked 
|  12|0x0000000705c00000, 0x0000000705e00000, 0x0000000705e00000|100%| O|  |TAMS 0x0000000705c00000| PB 0x0000000705c00000| Untracked 
|  13|0x0000000705e00000, 0x0000000705e00000, 0x0000000706000000|  0%| F|  |TAMS 0x0000000705e00000| PB 0x0000000705e00000| Untracked 
|  14|0x0000000706000000, 0x0000000706000000, 0x0000000706200000|  0%| F|  |TAMS 0x0000000706000000| PB 0x0000000706000000| Untracked 
|  15|0x0000000706200000, 0x0000000706200000, 0x0000000706400000|  0%| F|  |TAMS 0x0000000706200000| PB 0x0000000706200000| Untracked 
|  16|0x0000000706400000, 0x0000000706400000, 0x0000000706600000|  0%| F|  |TAMS 0x0000000706400000| PB 0x0000000706400000| Untracked 
|  17|0x0000000706600000, 0x0000000706800000, 0x0000000706800000|100%| O|  |TAMS 0x0000000706600000| PB 0x0000000706600000| Untracked 
|  18|0x0000000706800000, 0x0000000706800000, 0x0000000706a00000|  0%| F|  |TAMS 0x0000000706800000| PB 0x0000000706800000| Untracked 
|  19|0x0000000706a00000, 0x0000000706a00000, 0x0000000706c00000|  0%| F|  |TAMS 0x0000000706a00000| PB 0x0000000706a00000| Untracked 
|  20|0x0000000706c00000, 0x0000000706c00000, 0x0000000706e00000|  0%| F|  |TAMS 0x0000000706c00000| PB 0x0000000706c00000| Untracked 
|  21|0x0000000706e00000, 0x0000000706e00000, 0x0000000707000000|  0%| F|  |TAMS 0x0000000706e00000| PB 0x0000000706e00000| Untracked 
|  22|0x0000000707000000, 0x0000000707200000, 0x0000000707200000|100%| O|  |TAMS 0x0000000707000000| PB 0x0000000707000000| Untracked 
|  23|0x0000000707200000, 0x0000000707200000, 0x0000000707400000|  0%| F|  |TAMS 0x0000000707200000| PB 0x0000000707200000| Untracked 
|  24|0x0000000707400000, 0x0000000707400000, 0x0000000707600000|  0%| F|  |TAMS 0x0000000707400000| PB 0x0000000707400000| Untracked 
|  25|0x0000000707600000, 0x0000000707600000, 0x0000000707800000|  0%| F|  |TAMS 0x0000000707600000| PB 0x0000000707600000| Untracked 
|  26|0x0000000707800000, 0x0000000707800000, 0x0000000707a00000|  0%| F|  |TAMS 0x0000000707800000| PB 0x0000000707800000| Untracked 
|  27|0x0000000707a00000, 0x0000000707a00000, 0x0000000707c00000|  0%| F|  |TAMS 0x0000000707a00000| PB 0x0000000707a00000| Untracked 
|  28|0x0000000707c00000, 0x0000000707c00000, 0x0000000707e00000|  0%| F|  |TAMS 0x0000000707c00000| PB 0x0000000707c00000| Untracked 
|  29|0x0000000707e00000, 0x0000000707e00000, 0x0000000708000000|  0%| F|  |TAMS 0x0000000707e00000| PB 0x0000000707e00000| Untracked 
|  30|0x0000000708000000, 0x0000000708000000, 0x0000000708200000|  0%| F|  |TAMS 0x0000000708000000| PB 0x0000000708000000| Untracked 
|  31|0x0000000708200000, 0x0000000708200000, 0x0000000708400000|  0%| F|  |TAMS 0x0000000708200000| PB 0x0000000708200000| Untracked 
|  32|0x0000000708400000, 0x0000000708400000, 0x0000000708600000|  0%| F|  |TAMS 0x0000000708400000| PB 0x0000000708400000| Untracked 
|  33|0x0000000708600000, 0x0000000708600000, 0x0000000708800000|  0%| F|  |TAMS 0x0000000708600000| PB 0x0000000708600000| Untracked 
|  34|0x0000000708800000, 0x0000000708800000, 0x0000000708a00000|  0%| F|  |TAMS 0x0000000708800000| PB 0x0000000708800000| Untracked 
|  35|0x0000000708a00000, 0x0000000708a00000, 0x0000000708c00000|  0%| F|  |TAMS 0x0000000708a00000| PB 0x0000000708a00000| Untracked 
|  36|0x0000000708c00000, 0x0000000708c00000, 0x0000000708e00000|  0%| F|  |TAMS 0x0000000708c00000| PB 0x0000000708c00000| Untracked 
|  37|0x0000000708e00000, 0x0000000708e00000, 0x0000000709000000|  0%| F|  |TAMS 0x0000000708e00000| PB 0x0000000708e00000| Untracked 
|  38|0x0000000709000000, 0x0000000709000000, 0x0000000709200000|  0%| F|  |TAMS 0x0000000709000000| PB 0x0000000709000000| Untracked 
|  39|0x0000000709200000, 0x0000000709200000, 0x0000000709400000|  0%| F|  |TAMS 0x0000000709200000| PB 0x0000000709200000| Untracked 
|  40|0x0000000709400000, 0x0000000709400000, 0x0000000709600000|  0%| F|  |TAMS 0x0000000709400000| PB 0x0000000709400000| Untracked 
|  41|0x0000000709600000, 0x0000000709600000, 0x0000000709800000|  0%| F|  |TAMS 0x0000000709600000| PB 0x0000000709600000| Untracked 
|  42|0x0000000709800000, 0x0000000709800000, 0x0000000709a00000|  0%| F|  |TAMS 0x0000000709800000| PB 0x0000000709800000| Untracked 
|  43|0x0000000709a00000, 0x0000000709a00000, 0x0000000709c00000|  0%| F|  |TAMS 0x0000000709a00000| PB 0x0000000709a00000| Untracked 
|  44|0x0000000709c00000, 0x0000000709c00000, 0x0000000709e00000|  0%| F|  |TAMS 0x0000000709c00000| PB 0x0000000709c00000| Untracked 
|  45|0x0000000709e00000, 0x0000000709e00000, 0x000000070a000000|  0%| F|  |TAMS 0x0000000709e00000| PB 0x0000000709e00000| Untracked 
|  46|0x000000070a000000, 0x000000070a000000, 0x000000070a200000|  0%| F|  |TAMS 0x000000070a000000| PB 0x000000070a000000| Untracked 
|  47|0x000000070a200000, 0x000000070a200000, 0x000000070a400000|  0%| F|  |TAMS 0x000000070a200000| PB 0x000000070a200000| Untracked 
|  48|0x000000070a400000, 0x000000070a400000, 0x000000070a600000|  0%| F|  |TAMS 0x000000070a400000| PB 0x000000070a400000| Untracked 
|  49|0x000000070a600000, 0x000000070a600000, 0x000000070a800000|  0%| F|  |TAMS 0x000000070a600000| PB 0x000000070a600000| Untracked 
|  50|0x000000070a800000, 0x000000070a800000, 0x000000070aa00000|  0%| F|  |TAMS 0x000000070a800000| PB 0x000000070a800000| Untracked 
|  51|0x000000070aa00000, 0x000000070aa00000, 0x000000070ac00000|  0%| F|  |TAMS 0x000000070aa00000| PB 0x000000070aa00000| Untracked 
|  52|0x000000070ac00000, 0x000000070ac00000, 0x000000070ae00000|  0%| F|  |TAMS 0x000000070ac00000| PB 0x000000070ac00000| Untracked 
|  53|0x000000070ae00000, 0x000000070ae00000, 0x000000070b000000|  0%| F|  |TAMS 0x000000070ae00000| PB 0x000000070ae00000| Untracked 
|  54|0x000000070b000000, 0x000000070b000000, 0x000000070b200000|  0%| F|  |TAMS 0x000000070b000000| PB 0x000000070b000000| Untracked 
|  55|0x000000070b200000, 0x000000070b200000, 0x000000070b400000|  0%| F|  |TAMS 0x000000070b200000| PB 0x000000070b200000| Untracked 
|  56|0x000000070b400000, 0x000000070b400000, 0x000000070b600000|  0%| F|  |TAMS 0x000000070b400000| PB 0x000000070b400000| Untracked 
|  57|0x000000070b600000, 0x000000070b600000, 0x000000070b800000|  0%| F|  |TAMS 0x000000070b600000| PB 0x000000070b600000| Untracked 
|  58|0x000000070b800000, 0x000000070b800000, 0x000000070ba00000|  0%| F|  |TAMS 0x000000070b800000| PB 0x000000070b800000| Untracked 
|  59|0x000000070ba00000, 0x000000070ba00000, 0x000000070bc00000|  0%| F|  |TAMS 0x000000070ba00000| PB 0x000000070ba00000| Untracked 
|  60|0x000000070bc00000, 0x000000070bc00000, 0x000000070be00000|  0%| F|  |TAMS 0x000000070bc00000| PB 0x000000070bc00000| Untracked 
|  61|0x000000070be00000, 0x000000070be00000, 0x000000070c000000|  0%| F|  |TAMS 0x000000070be00000| PB 0x000000070be00000| Untracked 
|  62|0x000000070c000000, 0x000000070c000000, 0x000000070c200000|  0%| F|  |TAMS 0x000000070c000000| PB 0x000000070c000000| Untracked 
|  63|0x000000070c200000, 0x000000070c200000, 0x000000070c400000|  0%| F|  |TAMS 0x000000070c200000| PB 0x000000070c200000| Untracked 
|  64|0x000000070c400000, 0x000000070c400000, 0x000000070c600000|  0%| F|  |TAMS 0x000000070c400000| PB 0x000000070c400000| Untracked 
|  65|0x000000070c600000, 0x000000070c600000, 0x000000070c800000|  0%| F|  |TAMS 0x000000070c600000| PB 0x000000070c600000| Untracked 
|  66|0x000000070c800000, 0x000000070c800000, 0x000000070ca00000|  0%| F|  |TAMS 0x000000070c800000| PB 0x000000070c800000| Untracked 
|  67|0x000000070ca00000, 0x000000070ca00000, 0x000000070cc00000|  0%| F|  |TAMS 0x000000070ca00000| PB 0x000000070ca00000| Untracked 
|  68|0x000000070cc00000, 0x000000070cc00000, 0x000000070ce00000|  0%| F|  |TAMS 0x000000070cc00000| PB 0x000000070cc00000| Untracked 
|  69|0x000000070ce00000, 0x000000070ce00000, 0x000000070d000000|  0%| F|  |TAMS 0x000000070ce00000| PB 0x000000070ce00000| Untracked 
|  70|0x000000070d000000, 0x000000070d000000, 0x000000070d200000|  0%| F|  |TAMS 0x000000070d000000| PB 0x000000070d000000| Untracked 
|  71|0x000000070d200000, 0x000000070d200000, 0x000000070d400000|  0%| F|  |TAMS 0x000000070d200000| PB 0x000000070d200000| Untracked 
|  72|0x000000070d400000, 0x000000070d400000, 0x000000070d600000|  0%| F|  |TAMS 0x000000070d400000| PB 0x000000070d400000| Untracked 
|  73|0x000000070d600000, 0x000000070d600000, 0x000000070d800000|  0%| F|  |TAMS 0x000000070d600000| PB 0x000000070d600000| Untracked 
|  74|0x000000070d800000, 0x000000070d800000, 0x000000070da00000|  0%| F|  |TAMS 0x000000070d800000| PB 0x000000070d800000| Untracked 
|  75|0x000000070da00000, 0x000000070da00000, 0x000000070dc00000|  0%| F|  |TAMS 0x000000070da00000| PB 0x000000070da00000| Untracked 
|  76|0x000000070dc00000, 0x000000070dc00000, 0x000000070de00000|  0%| F|  |TAMS 0x000000070dc00000| PB 0x000000070dc00000| Untracked 
|  77|0x000000070de00000, 0x000000070de00000, 0x000000070e000000|  0%| F|  |TAMS 0x000000070de00000| PB 0x000000070de00000| Untracked 
|  78|0x000000070e000000, 0x000000070e000000, 0x000000070e200000|  0%| F|  |TAMS 0x000000070e000000| PB 0x000000070e000000| Untracked 
|  79|0x000000070e200000, 0x000000070e200000, 0x000000070e400000|  0%| F|  |TAMS 0x000000070e200000| PB 0x000000070e200000| Untracked 
|  80|0x000000070e400000, 0x000000070e400000, 0x000000070e600000|  0%| F|  |TAMS 0x000000070e400000| PB 0x000000070e400000| Untracked 
|  81|0x000000070e600000, 0x000000070e600000, 0x000000070e800000|  0%| F|  |TAMS 0x000000070e600000| PB 0x000000070e600000| Untracked 
|  82|0x000000070e800000, 0x000000070e800000, 0x000000070ea00000|  0%| F|  |TAMS 0x000000070e800000| PB 0x000000070e800000| Untracked 
|  83|0x000000070ea00000, 0x000000070ea00000, 0x000000070ec00000|  0%| F|  |TAMS 0x000000070ea00000| PB 0x000000070ea00000| Untracked 
|  84|0x000000070ec00000, 0x000000070ec00000, 0x000000070ee00000|  0%| F|  |TAMS 0x000000070ec00000| PB 0x000000070ec00000| Untracked 
|  85|0x000000070ee00000, 0x000000070ee00000, 0x000000070f000000|  0%| F|  |TAMS 0x000000070ee00000| PB 0x000000070ee00000| Untracked 
|  86|0x000000070f000000, 0x000000070f000000, 0x000000070f200000|  0%| F|  |TAMS 0x000000070f000000| PB 0x000000070f000000| Untracked 
|  87|0x000000070f200000, 0x000000070f200000, 0x000000070f400000|  0%| F|  |TAMS 0x000000070f200000| PB 0x000000070f200000| Untracked 
|  88|0x000000070f400000, 0x000000070f400000, 0x000000070f600000|  0%| F|  |TAMS 0x000000070f400000| PB 0x000000070f400000| Untracked 
|  89|0x000000070f600000, 0x000000070f600000, 0x000000070f800000|  0%| F|  |TAMS 0x000000070f600000| PB 0x000000070f600000| Untracked 
|  90|0x000000070f800000, 0x000000070f800000, 0x000000070fa00000|  0%| F|  |TAMS 0x000000070f800000| PB 0x000000070f800000| Untracked 
|  91|0x000000070fa00000, 0x000000070fa00000, 0x000000070fc00000|  0%| F|  |TAMS 0x000000070fa00000| PB 0x000000070fa00000| Untracked 
|  92|0x000000070fc00000, 0x000000070fc00000, 0x000000070fe00000|  0%| F|  |TAMS 0x000000070fc00000| PB 0x000000070fc00000| Untracked 
|  93|0x000000070fe00000, 0x000000070fe00000, 0x0000000710000000|  0%| F|  |TAMS 0x000000070fe00000| PB 0x000000070fe00000| Untracked 
|  94|0x0000000710000000, 0x0000000710000000, 0x0000000710200000|  0%| F|  |TAMS 0x0000000710000000| PB 0x0000000710000000| Untracked 
|  95|0x0000000710200000, 0x0000000710200000, 0x0000000710400000|  0%| F|  |TAMS 0x0000000710200000| PB 0x0000000710200000| Untracked 
|  96|0x0000000710400000, 0x0000000710400000, 0x0000000710600000|  0%| F|  |TAMS 0x0000000710400000| PB 0x0000000710400000| Untracked 
|  97|0x0000000710600000, 0x0000000710600000, 0x0000000710800000|  0%| F|  |TAMS 0x0000000710600000| PB 0x0000000710600000| Untracked 
|  98|0x0000000710800000, 0x0000000710800000, 0x0000000710a00000|  0%| F|  |TAMS 0x0000000710800000| PB 0x0000000710800000| Untracked 
|  99|0x0000000710a00000, 0x0000000710a00000, 0x0000000710c00000|  0%| F|  |TAMS 0x0000000710a00000| PB 0x0000000710a00000| Untracked 
| 100|0x0000000710c00000, 0x0000000710c00000, 0x0000000710e00000|  0%| F|  |TAMS 0x0000000710c00000| PB 0x0000000710c00000| Untracked 
| 101|0x0000000710e00000, 0x0000000710e00000, 0x0000000711000000|  0%| F|  |TAMS 0x0000000710e00000| PB 0x0000000710e00000| Untracked 
| 102|0x0000000711000000, 0x0000000711000000, 0x0000000711200000|  0%| F|  |TAMS 0x0000000711000000| PB 0x0000000711000000| Untracked 
| 103|0x0000000711200000, 0x0000000711200000, 0x0000000711400000|  0%| F|  |TAMS 0x0000000711200000| PB 0x0000000711200000| Untracked 
| 104|0x0000000711400000, 0x0000000711400000, 0x0000000711600000|  0%| F|  |TAMS 0x0000000711400000| PB 0x0000000711400000| Untracked 
| 105|0x0000000711600000, 0x0000000711600000, 0x0000000711800000|  0%| F|  |TAMS 0x0000000711600000| PB 0x0000000711600000| Untracked 
| 106|0x0000000711800000, 0x0000000711800000, 0x0000000711a00000|  0%| F|  |TAMS 0x0000000711800000| PB 0x0000000711800000| Untracked 
| 107|0x0000000711a00000, 0x0000000711a00000, 0x0000000711c00000|  0%| F|  |TAMS 0x0000000711a00000| PB 0x0000000711a00000| Untracked 
| 108|0x0000000711c00000, 0x0000000711c00000, 0x0000000711e00000|  0%| F|  |TAMS 0x0000000711c00000| PB 0x0000000711c00000| Untracked 
| 109|0x0000000711e00000, 0x0000000711e00000, 0x0000000712000000|  0%| F|  |TAMS 0x0000000711e00000| PB 0x0000000711e00000| Untracked 
| 110|0x0000000712000000, 0x0000000712000000, 0x0000000712200000|  0%| F|  |TAMS 0x0000000712000000| PB 0x0000000712000000| Untracked 
| 111|0x0000000712200000, 0x0000000712200000, 0x0000000712400000|  0%| F|  |TAMS 0x0000000712200000| PB 0x0000000712200000| Untracked 
| 112|0x0000000712400000, 0x0000000712400000, 0x0000000712600000|  0%| F|  |TAMS 0x0000000712400000| PB 0x0000000712400000| Untracked 
| 113|0x0000000712600000, 0x0000000712600000, 0x0000000712800000|  0%| F|  |TAMS 0x0000000712600000| PB 0x0000000712600000| Untracked 
| 114|0x0000000712800000, 0x0000000712800000, 0x0000000712a00000|  0%| F|  |TAMS 0x0000000712800000| PB 0x0000000712800000| Untracked 
| 115|0x0000000712a00000, 0x0000000712a00000, 0x0000000712c00000|  0%| F|  |TAMS 0x0000000712a00000| PB 0x0000000712a00000| Untracked 
| 116|0x0000000712c00000, 0x0000000712c00000, 0x0000000712e00000|  0%| F|  |TAMS 0x0000000712c00000| PB 0x0000000712c00000| Untracked 
| 117|0x0000000712e00000, 0x0000000712e00000, 0x0000000713000000|  0%| F|  |TAMS 0x0000000712e00000| PB 0x0000000712e00000| Untracked 
| 118|0x0000000713000000, 0x0000000713000000, 0x0000000713200000|  0%| F|  |TAMS 0x0000000713000000| PB 0x0000000713000000| Untracked 
| 119|0x0000000713200000, 0x0000000713200000, 0x0000000713400000|  0%| F|  |TAMS 0x0000000713200000| PB 0x0000000713200000| Untracked 
| 120|0x0000000713400000, 0x0000000713400000, 0x0000000713600000|  0%| F|  |TAMS 0x0000000713400000| PB 0x0000000713400000| Untracked 
| 121|0x0000000713600000, 0x0000000713600000, 0x0000000713800000|  0%| F|  |TAMS 0x0000000713600000| PB 0x0000000713600000| Untracked 
| 122|0x0000000713800000, 0x0000000713800000, 0x0000000713a00000|  0%| F|  |TAMS 0x0000000713800000| PB 0x0000000713800000| Untracked 
| 123|0x0000000713a00000, 0x0000000713a00000, 0x0000000713c00000|  0%| F|  |TAMS 0x0000000713a00000| PB 0x0000000713a00000| Untracked 
| 124|0x0000000713c00000, 0x0000000713c00000, 0x0000000713e00000|  0%| F|  |TAMS 0x0000000713c00000| PB 0x0000000713c00000| Untracked 
| 125|0x0000000713e00000, 0x0000000713e00000, 0x0000000714000000|  0%| F|  |TAMS 0x0000000713e00000| PB 0x0000000713e00000| Untracked 
| 126|0x0000000714000000, 0x0000000714000000, 0x0000000714200000|  0%| F|  |TAMS 0x0000000714000000| PB 0x0000000714000000| Untracked 
| 127|0x0000000714200000, 0x0000000714200000, 0x0000000714400000|  0%| F|  |TAMS 0x0000000714200000| PB 0x0000000714200000| Untracked 
| 128|0x0000000714400000, 0x0000000714400000, 0x0000000714600000|  0%| F|  |TAMS 0x0000000714400000| PB 0x0000000714400000| Untracked 
| 129|0x0000000714600000, 0x0000000714600000, 0x0000000714800000|  0%| F|  |TAMS 0x0000000714600000| PB 0x0000000714600000| Untracked 
| 130|0x0000000714800000, 0x0000000714800000, 0x0000000714a00000|  0%| F|  |TAMS 0x0000000714800000| PB 0x0000000714800000| Untracked 
| 131|0x0000000714a00000, 0x0000000714a00000, 0x0000000714c00000|  0%| F|  |TAMS 0x0000000714a00000| PB 0x0000000714a00000| Untracked 
| 132|0x0000000714c00000, 0x0000000714c00000, 0x0000000714e00000|  0%| F|  |TAMS 0x0000000714c00000| PB 0x0000000714c00000| Untracked 
| 133|0x0000000714e00000, 0x0000000714e00000, 0x0000000715000000|  0%| F|  |TAMS 0x0000000714e00000| PB 0x0000000714e00000| Untracked 
| 134|0x0000000715000000, 0x0000000715000000, 0x0000000715200000|  0%| F|  |TAMS 0x0000000715000000| PB 0x0000000715000000| Untracked 
| 135|0x0000000715200000, 0x0000000715200000, 0x0000000715400000|  0%| F|  |TAMS 0x0000000715200000| PB 0x0000000715200000| Untracked 
| 136|0x0000000715400000, 0x0000000715400000, 0x0000000715600000|  0%| F|  |TAMS 0x0000000715400000| PB 0x0000000715400000| Untracked 
| 137|0x0000000715600000, 0x0000000715600000, 0x0000000715800000|  0%| F|  |TAMS 0x0000000715600000| PB 0x0000000715600000| Untracked 
| 138|0x0000000715800000, 0x0000000715800000, 0x0000000715a00000|  0%| F|  |TAMS 0x0000000715800000| PB 0x0000000715800000| Untracked 
| 139|0x0000000715a00000, 0x0000000715a00000, 0x0000000715c00000|  0%| F|  |TAMS 0x0000000715a00000| PB 0x0000000715a00000| Untracked 
| 140|0x0000000715c00000, 0x0000000715c00000, 0x0000000715e00000|  0%| F|  |TAMS 0x0000000715c00000| PB 0x0000000715c00000| Untracked 
| 141|0x0000000715e00000, 0x0000000715e00000, 0x0000000716000000|  0%| F|  |TAMS 0x0000000715e00000| PB 0x0000000715e00000| Untracked 
| 142|0x0000000716000000, 0x0000000716000000, 0x0000000716200000|  0%| F|  |TAMS 0x0000000716000000| PB 0x0000000716000000| Untracked 
| 143|0x0000000716200000, 0x0000000716200000, 0x0000000716400000|  0%| F|  |TAMS 0x0000000716200000| PB 0x0000000716200000| Untracked 
| 144|0x0000000716400000, 0x0000000716400000, 0x0000000716600000|  0%| F|  |TAMS 0x0000000716400000| PB 0x0000000716400000| Untracked 
| 145|0x0000000716600000, 0x0000000716600000, 0x0000000716800000|  0%| F|  |TAMS 0x0000000716600000| PB 0x0000000716600000| Untracked 
| 146|0x0000000716800000, 0x0000000716800000, 0x0000000716a00000|  0%| F|  |TAMS 0x0000000716800000| PB 0x0000000716800000| Untracked 
| 147|0x0000000716a00000, 0x0000000716a00000, 0x0000000716c00000|  0%| F|  |TAMS 0x0000000716a00000| PB 0x0000000716a00000| Untracked 
| 148|0x0000000716c00000, 0x0000000716c00000, 0x0000000716e00000|  0%| F|  |TAMS 0x0000000716c00000| PB 0x0000000716c00000| Untracked 
| 149|0x0000000716e00000, 0x0000000716e00000, 0x0000000717000000|  0%| F|  |TAMS 0x0000000716e00000| PB 0x0000000716e00000| Untracked 
| 150|0x0000000717000000, 0x0000000717000000, 0x0000000717200000|  0%| F|  |TAMS 0x0000000717000000| PB 0x0000000717000000| Untracked 
| 151|0x0000000717200000, 0x0000000717200000, 0x0000000717400000|  0%| F|  |TAMS 0x0000000717200000| PB 0x0000000717200000| Untracked 
| 152|0x0000000717400000, 0x0000000717400000, 0x0000000717600000|  0%| F|  |TAMS 0x0000000717400000| PB 0x0000000717400000| Untracked 
| 153|0x0000000717600000, 0x0000000717600000, 0x0000000717800000|  0%| F|  |TAMS 0x0000000717600000| PB 0x0000000717600000| Untracked 
| 154|0x0000000717800000, 0x0000000717800000, 0x0000000717a00000|  0%| F|  |TAMS 0x0000000717800000| PB 0x0000000717800000| Untracked 
| 155|0x0000000717a00000, 0x0000000717a00000, 0x0000000717c00000|  0%| F|  |TAMS 0x0000000717a00000| PB 0x0000000717a00000| Untracked 
| 156|0x0000000717c00000, 0x0000000717c00000, 0x0000000717e00000|  0%| F|  |TAMS 0x0000000717c00000| PB 0x0000000717c00000| Untracked 
| 157|0x0000000717e00000, 0x0000000717e00000, 0x0000000718000000|  0%| F|  |TAMS 0x0000000717e00000| PB 0x0000000717e00000| Untracked 
| 158|0x0000000718000000, 0x0000000718000000, 0x0000000718200000|  0%| F|  |TAMS 0x0000000718000000| PB 0x0000000718000000| Untracked 
| 159|0x0000000718200000, 0x00000007183dc130, 0x0000000718400000| 92%| E|  |TAMS 0x0000000718200000| PB 0x0000000718200000| Complete 
| 160|0x0000000718400000, 0x0000000718514a00, 0x0000000718600000| 54%| S|CS|TAMS 0x0000000718400000| PB 0x0000000718400000| Complete 
|2007|0x00000007ff200000, 0x00000007ff395658, 0x00000007ff400000| 79%| O|  |TAMS 0x00000007ff200000| PB 0x00000007ff200000| Untracked 
|2008|0x00000007ff400000, 0x00000007ff600000, 0x00000007ff600000|100%| E|CS|TAMS 0x00000007ff400000| PB 0x00000007ff400000| Complete 
|2009|0x00000007ff600000, 0x00000007ff800000, 0x00000007ff800000|100%| O|  |TAMS 0x00000007ff600000| PB 0x00000007ff600000| Untracked 
|2010|0x00000007ff800000, 0x00000007ffa00000, 0x00000007ffa00000|100%| E|CS|TAMS 0x00000007ff800000| PB 0x00000007ff800000| Complete 
|2011|0x00000007ffa00000, 0x00000007ffc00000, 0x00000007ffc00000|100%| O|  |TAMS 0x00000007ffa00000| PB 0x00000007ffa00000| Untracked 
|2012|0x00000007ffc00000, 0x00000007ffe00000, 0x00000007ffe00000|100%| E|CS|TAMS 0x00000007ffc00000| PB 0x00000007ffc00000| Complete 
|2013|0x00000007ffe00000, 0x0000000800000000, 0x0000000800000000|100%| O|  |TAMS 0x00000007ffe00000| PB 0x00000007ffe00000| Untracked 

Card table byte_map: [0x000002d8fecc0000,0x000002d8ff4a0000] _byte_map_base: 0x000002d8fb49e000

Marking Bits: (CMBitMap*) 0x000002d8f5389fb0
 Bits: [0x000002d88f000000, 0x000002d892ef0000)

Polling page: 0x000002d8f3ae0000

Metaspace:

Usage:
  Non-class:     67.22 MB used.
      Class:     10.42 MB used.
       Both:     77.64 MB used.

Virtual space:
  Non-class space:      128.00 MB reserved,      67.62 MB ( 53%) committed,  2 nodes.
      Class space:        1.00 GB reserved,      10.81 MB (  1%) committed,  1 nodes.
             Both:        1.12 GB reserved,      78.44 MB (  7%) committed. 

Chunk freelists:
   Non-Class:  12.38 MB
       Class:  5.03 MB
        Both:  17.40 MB

MaxMetaspaceSize: unlimited
CompressedClassSpaceSize: 1.00 GB
Initial GC threshold: 21.00 MB
Current GC threshold: 130.31 MB
CDS: on
 - commit_granule_bytes: 65536.
 - commit_granule_words: 8192.
 - virtual_space_node_default_size: 8388608.
 - enlarge_chunks_in_place: 1.
 - use_allocation_guard: 0.


Internal statistics:

num_allocs_failed_limit: 12.
num_arena_births: 1224.
num_arena_deaths: 2.
num_vsnodes_births: 3.
num_vsnodes_deaths: 0.
num_space_committed: 1255.
num_space_uncommitted: 0.
num_chunks_returned_to_freelist: 14.
num_chunks_taken_from_freelist: 4285.
num_chunk_merges: 9.
num_chunk_splits: 3026.
num_chunks_enlarged: 2274.
num_inconsistent_stats: 0.

CodeHeap 'non-profiled nmethods': size=120000Kb used=4100Kb max_used=4789Kb free=115899Kb
 bounds [0x000002d887ad0000, 0x000002d887f80000, 0x000002d88f000000]
CodeHeap 'profiled nmethods': size=120000Kb used=10883Kb max_used=13456Kb free=109116Kb
 bounds [0x000002d880000000, 0x000002d880d30000, 0x000002d887530000]
CodeHeap 'non-nmethods': size=5760Kb used=1725Kb max_used=1773Kb free=4034Kb
 bounds [0x000002d887530000, 0x000002d8877a0000, 0x000002d887ad0000]
 total_blobs=6323 nmethods=5573 adapters=653
 compilation: enabled
              stopped_count=0, restarted_count=0
 full_count=0

Compilation events (20 events):
Event: 2436.934 Thread 0x000002d8950c6a50 nmethod 11356 0x000002d88060ef10 code [0x000002d88060f1c0, 0x000002d88060ffe0]
Event: 2436.934 Thread 0x000002d8950c6a50 11357       3       org.apache.tomcat.util.threads.ThreadPoolExecutor::getSubmittedCount (8 bytes)
Event: 2436.935 Thread 0x000002d8950c6a50 nmethod 11357 0x000002d880205510 code [0x000002d8802056a0, 0x000002d8802057d0]
Event: 2436.935 Thread 0x000002d8950c6a50 11358       3       org.apache.tomcat.util.threads.ThreadPoolExecutor$Worker::lock (6 bytes)
Event: 2436.936 Thread 0x000002d8950c6a50 nmethod 11358 0x000002d880212b90 code [0x000002d880212d40, 0x000002d880212e80]
Event: 2436.936 Thread 0x000002d8950c6a50 11359       3       org.apache.tomcat.util.threads.ThreadPoolExecutor$Worker::tryAcquire (20 bytes)
Event: 2436.937 Thread 0x000002d8950c6a50 nmethod 11359 0x000002d88051b390 code [0x000002d88051b540, 0x000002d88051b790]
Event: 2441.757 Thread 0x000002d8950c6a50 11360       3       org.springframework.context.event.AbstractApplicationEventMulticaster::getApplicationListeners (159 bytes)
Event: 2441.833 Thread 0x000002d8950c6a50 nmethod 11360 0x000002d880a3ed10 code [0x000002d880a3efc0, 0x000002d880a3fe70]
Event: 2446.719 Thread 0x000002d8950c6a50 11363       3       org.springframework.web.util.ServletRequestPathUtils::getCachedPath (53 bytes)
Event: 2446.724 Thread 0x000002d8950c6a50 nmethod 11363 0x000002d880509910 code [0x000002d880509b20, 0x000002d88050a1e8]
Event: 2446.727 Thread 0x000002d8950c6a50 11364   !   3       org.springframework.context.event.SimpleApplicationEventMulticaster::multicastEvent (111 bytes)
Event: 2446.738 Thread 0x000002d8950c6a50 nmethod 11364 0x000002d8800ce110 code [0x000002d8800ce380, 0x000002d8800cede8]
Event: 2451.730 Thread 0x000002d8950c2ba0 11365   !   4       java.util.concurrent.ConcurrentHashMap::computeIfAbsent (576 bytes)
Event: 2451.787 Thread 0x000002d8950c2ba0 nmethod 11365 0x000002d887eb5310 code [0x000002d887eb5560, 0x000002d887eb6d88]
Event: 2451.787 Thread 0x000002d8950c2ba0 11366       4       org.hibernate.persister.entity.AbstractEntityPersister::getSubMappingTypes (23 bytes)
Event: 2451.821 Thread 0x000002d8950c2ba0 nmethod 11366 0x000002d887be8e10 code [0x000002d887be8fa0, 0x000002d887be9058]
Event: 2458.117 Thread 0x000002d8950c6a50 11367   !   3       org.apache.catalina.core.StandardContext::getResources (38 bytes)
Event: 2458.141 Thread 0x000002d8950c6a50 nmethod 11367 0x000002d880b46290 code [0x000002d880b464c0, 0x000002d880b46c08]
Event: 2461.815 Thread 0x000002d8950c2ba0 11368       4       org.hibernate.sql.results.graph.collection.internal.AbstractImmediateCollectionInitializer::resolveKey (59 bytes)

GC Heap History (20 events):
Event: 940.782 GC heap before
{Heap before GC invocations=33 (full 0):
 garbage-first heap   total 301056K, used 295933K [0x0000000704400000, 0x0000000800000000)
  region size 2048K, 15 young (30720K), 3 survivors (6144K)
 Metaspace       used 78147K, committed 78912K, reserved 1179648K
  class space    used 10620K, committed 10944K, reserved 1048576K
}
Event: 940.788 GC heap after
{Heap after GC invocations=34 (full 0):
 garbage-first heap   total 305152K, used 33156K [0x0000000704400000, 0x0000000800000000)
  region size 2048K, 1 young (2048K), 1 survivors (2048K)
 Metaspace       used 78147K, committed 78912K, reserved 1179648K
  class space    used 10620K, committed 10944K, reserved 1048576K
}
Event: 976.137 GC heap before
{Heap before GC invocations=34 (full 0):
 garbage-first heap   total 305152K, used 37252K [0x0000000704400000, 0x0000000800000000)
  region size 2048K, 4 young (8192K), 1 survivors (2048K)
 Metaspace       used 78295K, committed 79040K, reserved 1179648K
  class space    used 10632K, committed 10944K, reserved 1048576K
}
Event: 976.140 GC heap after
{Heap after GC invocations=35 (full 0):
 garbage-first heap   total 305152K, used 33176K [0x0000000704400000, 0x0000000800000000)
  region size 2048K, 1 young (2048K), 1 survivors (2048K)
 Metaspace       used 78295K, committed 79040K, reserved 1179648K
  class space    used 10632K, committed 10944K, reserved 1048576K
}
Event: 1965.643 GC heap before
{Heap before GC invocations=36 (full 0):
 garbage-first heap   total 215040K, used 211352K [0x0000000704400000, 0x0000000800000000)
  region size 2048K, 18 young (36864K), 1 survivors (2048K)
 Metaspace       used 79186K, committed 80064K, reserved 1179648K
  class space    used 10650K, committed 11072K, reserved 1048576K
}
Event: 1965.674 GC heap after
{Heap after GC invocations=37 (full 0):
 garbage-first heap   total 221184K, used 60528K [0x0000000704400000, 0x0000000800000000)
  region size 2048K, 2 young (4096K), 2 survivors (4096K)
 Metaspace       used 79186K, committed 80064K, reserved 1179648K
  class space    used 10650K, committed 11072K, reserved 1048576K
}
Event: 1975.343 GC heap before
{Heap before GC invocations=37 (full 0):
 garbage-first heap   total 239616K, used 234608K [0x0000000704400000, 0x0000000800000000)
  region size 2048K, 11 young (22528K), 2 survivors (4096K)
 Metaspace       used 79186K, committed 80064K, reserved 1179648K
  class space    used 10650K, committed 11072K, reserved 1048576K
}
Event: 1975.362 GC heap after
{Heap after GC invocations=38 (full 0):
 garbage-first heap   total 243712K, used 73140K [0x0000000704400000, 0x0000000800000000)
  region size 2048K, 2 young (4096K), 2 survivors (4096K)
 Metaspace       used 79186K, committed 80064K, reserved 1179648K
  class space    used 10650K, committed 11072K, reserved 1048576K
}
Event: 1975.363 GC heap before
{Heap before GC invocations=38 (full 0):
 garbage-first heap   total 243712K, used 73140K [0x0000000704400000, 0x0000000800000000)
  region size 2048K, 3 young (6144K), 2 survivors (4096K)
 Metaspace       used 79186K, committed 80064K, reserved 1179648K
  class space    used 10650K, committed 11072K, reserved 1048576K
}
Event: 1975.371 GC heap after
{Heap after GC invocations=39 (full 0):
 garbage-first heap   total 243712K, used 73219K [0x0000000704400000, 0x0000000800000000)
  region size 2048K, 2 young (4096K), 2 survivors (4096K)
 Metaspace       used 79186K, committed 80064K, reserved 1179648K
  class space    used 10650K, committed 11072K, reserved 1048576K
}
Event: 1980.073 GC heap before
{Heap before GC invocations=40 (full 0):
 garbage-first heap   total 282624K, used 280067K [0x0000000704400000, 0x0000000800000000)
  region size 2048K, 12 young (24576K), 2 survivors (4096K)
 Metaspace       used 79188K, committed 80064K, reserved 1179648K
  class space    used 10650K, committed 11072K, reserved 1048576K
}
Event: 1980.077 GC heap after
{Heap after GC invocations=41 (full 0):
 garbage-first heap   total 286720K, used 81223K [0x0000000704400000, 0x0000000800000000)
  region size 2048K, 2 young (4096K), 2 survivors (4096K)
 Metaspace       used 79188K, committed 80064K, reserved 1179648K
  class space    used 10650K, committed 11072K, reserved 1048576K
}
Event: 2001.670 GC heap before
{Heap before GC invocations=41 (full 0):
 garbage-first heap   total 303104K, used 300359K [0x0000000704400000, 0x0000000800000000)
  region size 2048K, 16 young (32768K), 2 survivors (4096K)
 Metaspace       used 79217K, committed 80064K, reserved 1179648K
  class space    used 10650K, committed 11072K, reserved 1048576K
}
Event: 2001.675 GC heap after
{Heap after GC invocations=42 (full 0):
 garbage-first heap   total 311296K, used 69343K [0x0000000704400000, 0x0000000800000000)
  region size 2048K, 3 young (6144K), 3 survivors (6144K)
 Metaspace       used 79217K, committed 80064K, reserved 1179648K
  class space    used 10650K, committed 11072K, reserved 1048576K
}
Event: 2001.764 GC heap before
{Heap before GC invocations=42 (full 0):
 garbage-first heap   total 311296K, used 69343K [0x0000000704400000, 0x0000000800000000)
  region size 2048K, 4 young (8192K), 3 survivors (6144K)
 Metaspace       used 79217K, committed 80064K, reserved 1179648K
  class space    used 10650K, committed 11072K, reserved 1048576K
}
Event: 2001.766 GC heap after
{Heap after GC invocations=43 (full 0):
 garbage-first heap   total 311296K, used 68772K [0x0000000704400000, 0x0000000800000000)
  region size 2048K, 2 young (4096K), 2 survivors (4096K)
 Metaspace       used 79217K, committed 80064K, reserved 1179648K
  class space    used 10650K, committed 11072K, reserved 1048576K
}
Event: 2008.248 GC heap before
{Heap before GC invocations=44 (full 0):
 garbage-first heap   total 313344K, used 310436K [0x0000000704400000, 0x0000000800000000)
  region size 2048K, 13 young (26624K), 2 survivors (4096K)
 Metaspace       used 79248K, committed 80128K, reserved 1179648K
  class space    used 10656K, committed 11072K, reserved 1048576K
}
Event: 2008.252 GC heap after
{Heap after GC invocations=45 (full 0):
 garbage-first heap   total 321536K, used 90207K [0x0000000704400000, 0x0000000800000000)
  region size 2048K, 3 young (6144K), 3 survivors (6144K)
 Metaspace       used 79248K, committed 80128K, reserved 1179648K
  class space    used 10656K, committed 11072K, reserved 1048576K
}
Event: 2256.594 GC heap before
{Heap before GC invocations=45 (full 0):
 garbage-first heap   total 342016K, used 335967K [0x0000000704400000, 0x0000000800000000)
  region size 2048K, 18 young (36864K), 3 survivors (6144K)
 Metaspace       used 79432K, committed 80256K, reserved 1179648K
  class space    used 10667K, committed 11072K, reserved 1048576K
}
Event: 2256.893 GC heap after
{Heap after GC invocations=46 (full 0):
 garbage-first heap   total 344064K, used 33448K [0x0000000704400000, 0x0000000800000000)
  region size 2048K, 1 young (2048K), 1 survivors (2048K)
 Metaspace       used 79432K, committed 80256K, reserved 1179648K
  class space    used 10667K, committed 11072K, reserved 1048576K
}

Dll operation events (14 events):
Event: 0.017 Loaded shared library C:\Users\tradi\.jdks\openjdk-21.0.2\bin\java.dll
Event: 0.063 Loaded shared library C:\Users\tradi\.jdks\openjdk-21.0.2\bin\jsvml.dll
Event: 0.143 Loaded shared library C:\Users\tradi\.jdks\openjdk-21.0.2\bin\zip.dll
Event: 0.152 Loaded shared library C:\Users\tradi\.jdks\openjdk-21.0.2\bin\instrument.dll
Event: 0.160 Loaded shared library C:\Users\tradi\.jdks\openjdk-21.0.2\bin\net.dll
Event: 0.163 Loaded shared library C:\Users\tradi\.jdks\openjdk-21.0.2\bin\nio.dll
Event: 0.167 Loaded shared library C:\Users\tradi\.jdks\openjdk-21.0.2\bin\zip.dll
Event: 1.417 Loaded shared library C:\Users\tradi\.jdks\openjdk-21.0.2\bin\jimage.dll
Event: 1.698 Loaded shared library C:\Program Files\JetBrains\IntelliJ IDEA Community Edition 2023.3.2\bin\breakgen64.dll
Event: 1.708 Loaded shared library C:\Users\tradi\.jdks\openjdk-21.0.2\bin\extnet.dll
Event: 3.390 Loaded shared library C:\Users\tradi\.jdks\openjdk-21.0.2\bin\sunmscapi.dll
Event: 5.173 Loaded shared library C:\Users\tradi\.jdks\openjdk-21.0.2\bin\management.dll
Event: 5.174 Loaded shared library C:\Users\tradi\.jdks\openjdk-21.0.2\bin\management_ext.dll
Event: 5.886 Loaded shared library C:\Users\tradi\.jdks\openjdk-21.0.2\bin\verify.dll

Deoptimization events (20 events):
Event: 1967.087 Thread 0x000002d8dff75410 Uncommon trap: trap_request=0xffffff45 fr.pc=0x000002d887c95518 relative=0x0000000000002998
Event: 1967.089 Thread 0x000002d8dff75410 Uncommon trap: reason=unstable_if action=reinterpret pc=0x000002d887c95518 method=sun.nio.ch.WEPollSelectorImpl.doSelect(Ljava/util/function/Consumer;J)I @ 33 c2
Event: 1967.089 Thread 0x000002d8dff75410 DEOPT PACKING pc=0x000002d887c95518 sp=0x000000e21f8ff4a0
Event: 1967.090 Thread 0x000002d8dff75410 DEOPT UNPACKING pc=0x000002d8875846a2 sp=0x000000e21f8ff3e0 mode 2
Event: 2157.771 Thread 0x000002d8dd767440 Uncommon trap: trap_request=0xffffffde fr.pc=0x000002d887c4c0d8 relative=0x0000000000003a98
Event: 2157.771 Thread 0x000002d8dd767440 Uncommon trap: reason=class_check action=maybe_recompile pc=0x000002d887c4c0d8 method=org.springframework.web.servlet.mvc.condition.RequestMethodsRequestCondition.getMatchingCondition(Ljakarta/servlet/http/HttpServletRequest;)Lorg/springframework/web/serv
Event: 2157.771 Thread 0x000002d8dd767440 DEOPT PACKING pc=0x000002d887c4c0d8 sp=0x000000e21f0fd820
Event: 2157.772 Thread 0x000002d8dd767440 DEOPT UNPACKING pc=0x000002d8875846a2 sp=0x000000e21f0fd7d0 mode 2
Event: 2157.773 Thread 0x000002d8dd767440 Uncommon trap: trap_request=0xffffffde fr.pc=0x000002d887c4c0d8 relative=0x0000000000003a98
Event: 2157.773 Thread 0x000002d8dd767440 Uncommon trap: reason=class_check action=maybe_recompile pc=0x000002d887c4c0d8 method=org.springframework.web.servlet.mvc.condition.RequestMethodsRequestCondition.getMatchingCondition(Ljakarta/servlet/http/HttpServletRequest;)Lorg/springframework/web/serv
Event: 2157.773 Thread 0x000002d8dd767440 DEOPT PACKING pc=0x000002d887c4c0d8 sp=0x000000e21f0fd820
Event: 2157.773 Thread 0x000002d8dd767440 DEOPT UNPACKING pc=0x000002d8875846a2 sp=0x000000e21f0fd7d0 mode 2
Event: 2177.918 Thread 0x000002d8dd768160 Uncommon trap: trap_request=0xffffffde fr.pc=0x000002d887c4c0d8 relative=0x0000000000003a98
Event: 2177.918 Thread 0x000002d8dd768160 Uncommon trap: reason=class_check action=maybe_recompile pc=0x000002d887c4c0d8 method=org.springframework.web.servlet.mvc.condition.RequestMethodsRequestCondition.getMatchingCondition(Ljakarta/servlet/http/HttpServletRequest;)Lorg/springframework/web/serv
Event: 2177.918 Thread 0x000002d8dd768160 DEOPT PACKING pc=0x000002d887c4c0d8 sp=0x000000e21effd760
Event: 2177.918 Thread 0x000002d8dd768160 DEOPT UNPACKING pc=0x000002d8875846a2 sp=0x000000e21effd710 mode 2
Event: 2177.919 Thread 0x000002d8dd768160 Uncommon trap: trap_request=0xffffffde fr.pc=0x000002d887c4c0d8 relative=0x0000000000003a98
Event: 2177.919 Thread 0x000002d8dd768160 Uncommon trap: reason=class_check action=maybe_recompile pc=0x000002d887c4c0d8 method=org.springframework.web.servlet.mvc.condition.RequestMethodsRequestCondition.getMatchingCondition(Ljakarta/servlet/http/HttpServletRequest;)Lorg/springframework/web/serv
Event: 2177.919 Thread 0x000002d8dd768160 DEOPT PACKING pc=0x000002d887c4c0d8 sp=0x000000e21effd760
Event: 2177.919 Thread 0x000002d8dd768160 DEOPT UNPACKING pc=0x000002d8875846a2 sp=0x000000e21effd710 mode 2

Classes loaded (20 events):
Event: 1764.391 Loading class java/security/PrivateKey
Event: 1764.394 Loading class java/security/Key
Event: 1764.394 Loading class java/security/Key done
Event: 1764.394 Loading class javax/security/auth/Destroyable
Event: 1764.401 Loading class javax/security/auth/Destroyable done
Event: 1764.402 Loading class java/security/PrivateKey done
Event: 1764.406 Loading class javax/net/ssl/SSLSocket
Event: 1764.418 Loading class javax/net/ssl/SSLSocket done
Event: 1764.419 Loading class java/security/spec/InvalidKeySpecException
Event: 1764.420 Loading class java/security/spec/InvalidKeySpecException done
Event: 1764.420 Loading class java/security/spec/KeySpec
Event: 1764.420 Loading class java/security/spec/KeySpec done
Event: 1764.420 Loading class javax/crypto/NoSuchPaddingException
Event: 1764.421 Loading class javax/crypto/NoSuchPaddingException done
Event: 1764.422 Loading class javax/crypto/IllegalBlockSizeException
Event: 1764.423 Loading class javax/crypto/IllegalBlockSizeException done
Event: 1764.423 Loading class javax/crypto/BadPaddingException
Event: 1764.424 Loading class javax/crypto/BadPaddingException done
Event: 2157.652 Loading class java/util/ArrayList$SubList$2
Event: 2157.657 Loading class java/util/ArrayList$SubList$2 done

Classes unloaded (1 events):
Event: 1975.479 Thread 0x000002d895094140 Unloading class 0x000002d897a70400 'java/lang/invoke/LambdaForm$MH+0x000002d897a70400'

Classes redefined (0 events):
No events

Internal exceptions (20 events):
Event: 138.513 Thread 0x000002d8dd768160 Exception <a 'java/lang/IncompatibleClassChangeError'{0x000000071149dec0}: Found class java.lang.Object, but interface was expected> (0x000000071149dec0) 
thrown [s\open\src\hotspot\share\interpreter\linkResolver.cpp, line 840]
Event: 138.546 Thread 0x000002d8dd768160 Exception <a 'java/lang/NoSuchMethodError'{0x00000007115641a0}: 'void java.lang.invoke.Invokers$Holder.invokeExact_MT(java.lang.Object, java.lang.Object, int, java.lang.Object)'> (0x00000007115641a0) 
thrown [s\open\src\hotspot\share\interpreter\linkResolver.cpp, line 773]
Event: 138.547 Thread 0x000002d8dd767440 Exception <a 'java/lang/NoSuchMethodError'{0x00000007115574c0}: 'void java.lang.invoke.Invokers$Holder.invokeExact_MT(java.lang.Object, java.lang.Object, int, java.lang.Object)'> (0x00000007115574c0) 
thrown [s\open\src\hotspot\share\interpreter\linkResolver.cpp, line 773]
Event: 138.554 Thread 0x000002d8dd768160 Exception <a 'java/lang/IncompatibleClassChangeError'{0x00000007115a0ab0}: Found class java.lang.Object, but interface was expected> (0x00000007115a0ab0) 
thrown [s\open\src\hotspot\share\interpreter\linkResolver.cpp, line 840]
Event: 138.566 Thread 0x000002d8dd768160 Implicit null exception at 0x000002d887f20909 to 0x000002d887f20d28
Event: 147.111 Thread 0x000002d8dd765a00 Exception <a 'java/lang/NoSuchMethodError'{0x000000071115ee40}: 'void java.lang.invoke.DirectMethodHandle$Holder.invokeVirtual(java.lang.Object, java.lang.Object, double)'> (0x000000071115ee40) 
thrown [s\open\src\hotspot\share\interpreter\linkResolver.cpp, line 773]
Event: 147.112 Thread 0x000002d8dd765a00 Exception <a 'java/lang/NoSuchMethodError'{0x0000000711169428}: 'double java.lang.invoke.DelegatingMethodHandle$Holder.reinvoke_L(java.lang.Object, java.lang.Object, int)'> (0x0000000711169428) 
thrown [s\open\src\hotspot\share\interpreter\linkResolver.cpp, line 773]
Event: 147.115 Thread 0x000002d8dd765a00 Exception <a 'java/lang/NoSuchMethodError'{0x0000000711184178}: 'java.lang.Object java.lang.invoke.DirectMethodHandle$Holder.invokeInterface(java.lang.Object, java.lang.Object, java.lang.Object, java.lang.Object, java.lang.Object)'> (0x0000000711184178) 
thrown [s\open\src\hotspot\share\interpreter\linkResolver.cpp, line 773]
Event: 147.168 Thread 0x000002d8dd765a00 Exception <a 'java/lang/NoSuchMethodError'{0x0000000710e0b460}: 'double java.lang.invoke.Invokers$Holder.invokeExact_MT(java.lang.Object, java.lang.Object, java.lang.Object)'> (0x0000000710e0b460) 
thrown [s\open\src\hotspot\share\interpreter\linkResolver.cpp, line 773]
Event: 147.168 Thread 0x000002d8dd765a00 Exception <a 'java/lang/NoSuchMethodError'{0x0000000710e0f068}: 'int java.lang.invoke.Invokers$Holder.invokeExact_MT(java.lang.Object, java.lang.Object, java.lang.Object)'> (0x0000000710e0f068) 
thrown [s\open\src\hotspot\share\interpreter\linkResolver.cpp, line 773]
Event: 147.192 Thread 0x000002d8dd765a00 Exception <a 'java/lang/NoSuchMethodError'{0x0000000710eb9c28}: 'int java.lang.invoke.DirectMethodHandle$Holder.invokeStatic(java.lang.Object, java.lang.Object, int, java.lang.Object)'> (0x0000000710eb9c28) 
thrown [s\open\src\hotspot\share\interpreter\linkResolver.cpp, line 773]
Event: 278.856 Thread 0x000002d8dd767440 Exception <a 'sun/net/ConnectionResetException'{0x0000000713e2dbe0}: Connection reset> (0x0000000713e2dbe0) 
thrown [s\open\src\hotspot\share\prims\jni.cpp, line 539]
Event: 727.088 Thread 0x000002d8dff739d0 Implicit null exception at 0x000002d887edfaad to 0x000002d887ee0fa4
Event: 727.089 Thread 0x000002d8dff739d0 Implicit null exception at 0x000002d887afa874 to 0x000002d887afac5c
Event: 727.089 Thread 0x000002d8dff739d0 Implicit null exception at 0x000002d887add0de to 0x000002d887add188
Event: 832.882 Thread 0x000002d8dff74d80 Exception <a 'java/lang/NoSuchMethodError'{0x0000000713b81828}: 'int java.lang.invoke.DirectMethodHandle$Holder.invokeStatic(java.lang.Object, java.lang.Object, int, int)'> (0x0000000713b81828) 
thrown [s\open\src\hotspot\share\interpreter\linkResolver.cpp, line 773]
Event: 940.813 Thread 0x000002d8dd766720 Exception <a 'java/lang/IncompatibleClassChangeError'{0x00000007ff8383a0}: Found class java.lang.Object, but interface was expected> (0x00000007ff8383a0) 
thrown [s\open\src\hotspot\share\interpreter\linkResolver.cpp, line 840]
Event: 1764.608 Thread 0x000002d8dc7d7dc0 Implicit null exception at 0x000002d887d8f308 to 0x000002d887d90058
Event: 1764.629 Thread 0x000002d8dc7d7dc0 Implicit null exception at 0x000002d887dc6792 to 0x000002d887dc6e64
Event: 2157.636 Thread 0x000002d8dd767440 Exception <a 'java/lang/NoSuchMethodError'{0x0000000714700cd8}: 'java.lang.Object java.lang.invoke.DirectMethodHandle$Holder.invokeStatic(java.lang.Object, int, int)'> (0x0000000714700cd8) 
thrown [s\open\src\hotspot\share\interpreter\linkResolver.cpp, line 773]

ZGC Phase Switch (0 events):
No events

VM Operations (20 events):
Event: 2256.561 Executing VM operation: G1CollectForAllocation (G1 Evacuation Pause)
Event: 2256.893 Executing VM operation: G1CollectForAllocation (G1 Evacuation Pause) done
Event: 2277.082 Executing VM operation: Cleanup
Event: 2277.098 Executing VM operation: Cleanup done
Event: 2312.342 Executing VM operation: Cleanup
Event: 2312.342 Executing VM operation: Cleanup done
Event: 2322.385 Executing VM operation: Cleanup
Event: 2322.386 Executing VM operation: Cleanup done
Event: 2337.499 Executing VM operation: Cleanup
Event: 2337.499 Executing VM operation: Cleanup done
Event: 2376.842 Executing VM operation: Cleanup
Event: 2376.842 Executing VM operation: Cleanup done
Event: 2402.061 Executing VM operation: Cleanup
Event: 2402.062 Executing VM operation: Cleanup done
Event: 2412.140 Executing VM operation: Cleanup
Event: 2412.140 Executing VM operation: Cleanup done
Event: 2417.183 Executing VM operation: Cleanup
Event: 2417.183 Executing VM operation: Cleanup done
Event: 2457.595 Executing VM operation: Cleanup
Event: 2457.595 Executing VM operation: Cleanup done

Events (20 events):
Event: 2001.798 Thread 0x000002d895094140 flushing nmethod 0x000002d887b00a10
Event: 2001.798 Thread 0x000002d895094140 flushing nmethod 0x000002d887b57d90
Event: 2001.798 Thread 0x000002d895094140 flushing nmethod 0x000002d887b56e10
Event: 2001.798 Thread 0x000002d895094140 flushing nmethod 0x000002d887b50690
Event: 2001.798 Thread 0x000002d895094140 flushing nmethod 0x000002d887b42e10
Event: 2001.798 Thread 0x000002d895094140 flushing nmethod 0x000002d887b3b910
Event: 2001.798 Thread 0x000002d895094140 flushing nmethod 0x000002d887b3d510
Event: 2001.798 Thread 0x000002d895094140 flushing nmethod 0x000002d887b2ad10
Event: 2001.798 Thread 0x000002d895094140 flushing nmethod 0x000002d887b28790
Event: 2001.798 Thread 0x000002d895094140 flushing nmethod 0x000002d887b06990
Event: 2001.798 Thread 0x000002d895094140 flushing nmethod 0x000002d887b17390
Event: 2001.798 Thread 0x000002d895094140 flushing nmethod 0x000002d887b15490
Event: 2001.798 Thread 0x000002d895094140 flushing nmethod 0x000002d887b05a90
Event: 2001.798 Thread 0x000002d895094140 flushing nmethod 0x000002d887af3b90
Event: 2001.798 Thread 0x000002d895094140 flushing nmethod 0x000002d887af2f90
Event: 2001.798 Thread 0x000002d895094140 flushing nmethod 0x000002d887af5a10
Event: 2001.798 Thread 0x000002d895094140 flushing nmethod 0x000002d887ae9090
Event: 2001.798 Thread 0x000002d895094140 flushing nmethod 0x000002d887af1510
Event: 2001.798 Thread 0x000002d895094140 flushing nmethod 0x000002d887adeb90
Event: 2001.798 Thread 0x000002d895094140 flushing nmethod 0x000002d887ad0610


Dynamic libraries:
0x00007ff64d780000 - 0x00007ff64d78e000 	C:\Users\tradi\.jdks\openjdk-21.0.2\bin\java.exe
0x00007ffa8df80000 - 0x00007ffa8e1e3000 	C:\WINDOWS\SYSTEM32\ntdll.dll
0x00007ffa8c880000 - 0x00007ffa8c947000 	C:\WINDOWS\System32\KERNEL32.DLL
0x00007ffa8b550000 - 0x00007ffa8b917000 	C:\WINDOWS\System32\KERNELBASE.dll
0x00007ffa8bc70000 - 0x00007ffa8bdbc000 	C:\WINDOWS\System32\ucrtbase.dll
0x00007ff9f3910000 - 0x00007ff9f3928000 	C:\Users\tradi\.jdks\openjdk-21.0.2\bin\jli.dll
0x00007ffa8c980000 - 0x00007ffa8cb49000 	C:\WINDOWS\System32\USER32.dll
0x00007ffa8bae0000 - 0x00007ffa8bb07000 	C:\WINDOWS\System32\win32u.dll
0x00007ff9f5320000 - 0x00007ff9f533b000 	C:\Users\tradi\.jdks\openjdk-21.0.2\bin\VCRUNTIME140.dll
0x00007ffa8c160000 - 0x00007ffa8c18a000 	C:\WINDOWS\System32\GDI32.dll
0x00007ffa8b9b0000 - 0x00007ffa8badb000 	C:\WINDOWS\System32\gdi32full.dll
0x00007ffa8b4a0000 - 0x00007ffa8b543000 	C:\WINDOWS\System32\msvcp_win.dll
0x00007ffa75ef0000 - 0x00007ffa76180000 	C:\WINDOWS\WinSxS\amd64_microsoft.windows.common-controls_6595b64144ccf1df_6.0.26100.3037_none_3e09262ce333c378\COMCTL32.dll
0x00007ffa8bdc0000 - 0x00007ffa8be69000 	C:\WINDOWS\System32\msvcrt.dll
0x00007ffa8c660000 - 0x00007ffa8c68f000 	C:\WINDOWS\System32\IMM32.DLL
0x00007ffa3ae20000 - 0x00007ffa3ae2c000 	C:\Users\tradi\.jdks\openjdk-21.0.2\bin\vcruntime140_1.dll
0x00007ff9f3630000 - 0x00007ff9f36be000 	C:\Users\tradi\.jdks\openjdk-21.0.2\bin\msvcp140.dll
0x00007ff9f2910000 - 0x00007ff9f3627000 	C:\Users\tradi\.jdks\openjdk-21.0.2\bin\server\jvm.dll
0x00007ffa8de80000 - 0x00007ffa8df34000 	C:\WINDOWS\System32\ADVAPI32.dll
0x00007ffa8c410000 - 0x00007ffa8c4b6000 	C:\WINDOWS\System32\sechost.dll
0x00007ffa8be70000 - 0x00007ffa8bf86000 	C:\WINDOWS\System32\RPCRT4.dll
0x00007ffa8c5c0000 - 0x00007ffa8c634000 	C:\WINDOWS\System32\WS2_32.dll
0x00007ffa803c0000 - 0x00007ffa803f6000 	C:\WINDOWS\SYSTEM32\WINMM.dll
0x00007ffa75da0000 - 0x00007ffa75dab000 	C:\WINDOWS\SYSTEM32\VERSION.dll
0x00007ffa8b1b0000 - 0x00007ffa8b1fe000 	C:\WINDOWS\SYSTEM32\POWRPROF.dll
0x00007ffa8b190000 - 0x00007ffa8b1a4000 	C:\WINDOWS\SYSTEM32\UMPDC.dll
0x00007ffa8a080000 - 0x00007ffa8a09a000 	C:\WINDOWS\SYSTEM32\kernel.appcore.dll
0x00007ffa3aa40000 - 0x00007ffa3aa4a000 	C:\Users\tradi\.jdks\openjdk-21.0.2\bin\jimage.dll
0x00007ffa88b20000 - 0x00007ffa88d61000 	C:\WINDOWS\SYSTEM32\DBGHELP.DLL
0x00007ffa8d3e0000 - 0x00007ffa8d75e000 	C:\WINDOWS\System32\combase.dll
0x00007ffa8c2d0000 - 0x00007ffa8c3a6000 	C:\WINDOWS\System32\OLEAUT32.dll
0x00007ffa68570000 - 0x00007ffa685a9000 	C:\WINDOWS\SYSTEM32\dbgcore.DLL
0x00007ffa8bb10000 - 0x00007ffa8bba9000 	C:\WINDOWS\System32\bcryptPrimitives.dll
0x00007ffa782c0000 - 0x00007ffa782cf000 	C:\Users\tradi\.jdks\openjdk-21.0.2\bin\instrument.dll
0x00007ff9f38f0000 - 0x00007ff9f390f000 	C:\Users\tradi\.jdks\openjdk-21.0.2\bin\java.dll
0x00007ffa8d770000 - 0x00007ffa8de74000 	C:\WINDOWS\System32\SHELL32.dll
0x00007ffa88fe0000 - 0x00007ffa89817000 	C:\WINDOWS\SYSTEM32\windows.storage.dll
0x00007ffa8d0f0000 - 0x00007ffa8d1d9000 	C:\WINDOWS\System32\SHCORE.dll
0x00007ffa8c4c0000 - 0x00007ffa8c51d000 	C:\WINDOWS\System32\shlwapi.dll
0x00007ffa8b230000 - 0x00007ffa8b25e000 	C:\WINDOWS\SYSTEM32\profapi.dll
0x00007ff9f3810000 - 0x00007ff9f38e7000 	C:\Users\tradi\.jdks\openjdk-21.0.2\bin\jsvml.dll
0x00007ff9f37f0000 - 0x00007ff9f3808000 	C:\Users\tradi\.jdks\openjdk-21.0.2\bin\zip.dll
0x00007ffa355c0000 - 0x00007ffa355d0000 	C:\Users\tradi\.jdks\openjdk-21.0.2\bin\net.dll
0x00007ffa82210000 - 0x00007ffa8232e000 	C:\WINDOWS\SYSTEM32\WINHTTP.dll
0x00007ffa8a610000 - 0x00007ffa8a67a000 	C:\WINDOWS\system32\mswsock.dll
0x00007ff9f36c0000 - 0x00007ff9f36d6000 	C:\Users\tradi\.jdks\openjdk-21.0.2\bin\nio.dll
0x00007ffa78c30000 - 0x00007ffa78c4a000 	C:\Program Files\JetBrains\IntelliJ IDEA Community Edition 2023.3.2\bin\breakgen64.dll
0x00007ffa5b7d0000 - 0x00007ffa5b7d9000 	C:\Users\tradi\.jdks\openjdk-21.0.2\bin\extnet.dll
0x00007ffa84e50000 - 0x00007ffa84e5e000 	C:\Users\tradi\.jdks\openjdk-21.0.2\bin\sunmscapi.dll
0x00007ffa8b320000 - 0x00007ffa8b496000 	C:\WINDOWS\System32\CRYPT32.dll
0x00007ffa8ab00000 - 0x00007ffa8ab30000 	C:\WINDOWS\SYSTEM32\ncrypt.dll
0x00007ffa8aab0000 - 0x00007ffa8aaef000 	C:\WINDOWS\SYSTEM32\NTASN1.dll
0x00007ffa8a870000 - 0x00007ffa8a88c000 	C:\WINDOWS\SYSTEM32\CRYPTSP.dll
0x00007ffa8a0a0000 - 0x00007ffa8a0d8000 	C:\WINDOWS\system32\rsaenh.dll
0x00007ffa8a6b0000 - 0x00007ffa8a6db000 	C:\WINDOWS\SYSTEM32\USERENV.dll
0x00007ffa8ab40000 - 0x00007ffa8ab66000 	C:\WINDOWS\SYSTEM32\bcrypt.dll
0x00007ffa8a890000 - 0x00007ffa8a89c000 	C:\WINDOWS\SYSTEM32\CRYPTBASE.dll
0x00007ffa89be0000 - 0x00007ffa89c12000 	C:\WINDOWS\SYSTEM32\IPHLPAPI.DLL
0x00007ffa8d1e0000 - 0x00007ffa8d1ea000 	C:\WINDOWS\System32\NSI.dll
0x00007ffa7a770000 - 0x00007ffa7a77a000 	C:\Users\tradi\.jdks\openjdk-21.0.2\bin\management.dll
0x00007ffa78c20000 - 0x00007ffa78c2b000 	C:\Users\tradi\.jdks\openjdk-21.0.2\bin\management_ext.dll
0x00007ffa8c5a0000 - 0x00007ffa8c5a8000 	C:\WINDOWS\System32\PSAPI.DLL
0x00007ffa5b560000 - 0x00007ffa5b570000 	C:\Users\tradi\.jdks\openjdk-21.0.2\bin\verify.dll
0x00007ffa89c20000 - 0x00007ffa89d45000 	C:\WINDOWS\SYSTEM32\DNSAPI.dll
0x00007ffa801b0000 - 0x00007ffa801bb000 	C:\Windows\System32\rasadhlp.dll
0x00007ffa82ee0000 - 0x00007ffa82f65000 	C:\WINDOWS\System32\fwpuclnt.dll
0x00007ffa526b0000 - 0x00007ffa526b8000 	C:\WINDOWS\system32\wshunix.dll

dbghelp: loaded successfully - version: 4.0.5 - missing functions: none
symbol engine: initialized successfully - sym options: 0x614 - pdb path: .;C:\Users\tradi\.jdks\openjdk-21.0.2\bin;C:\WINDOWS\SYSTEM32;C:\WINDOWS\WinSxS\amd64_microsoft.windows.common-controls_6595b64144ccf1df_6.0.26100.3037_none_3e09262ce333c378;C:\Users\tradi\.jdks\openjdk-21.0.2\bin\server;C:\Program Files\JetBrains\IntelliJ IDEA Community Edition 2023.3.2\bin

VM Arguments:
jvm_args: -javaagent:C:\Program Files\JetBrains\IntelliJ IDEA Community Edition 2023.3.2\lib\idea_rt.jar=50298:C:\Program Files\JetBrains\IntelliJ IDEA Community Edition 2023.3.2\bin -Dfile.encoding=UTF-8 -Dsun.stdout.encoding=UTF-8 -Dsun.stderr.encoding=UTF-8 
java_command: com.fooddelivery.FooddeliveryApplication C:/Users/tradi/.m2/repository
java_class_path (initial): C:\Users\tradi\Downloads\fooddelivery\fooddelivery\target\classes;C:\Users\tradi\.m2\repository\org\springframework\boot\spring-boot-starter-data-jpa\3.3.5\spring-boot-starter-data-jpa-3.3.5.jar;C:\Users\tradi\.m2\repository\org\springframework\boot\spring-boot-starter-aop\3.3.5\spring-boot-starter-aop-3.3.5.jar;C:\Users\tradi\.m2\repository\org\springframework\spring-aop\6.1.14\spring-aop-6.1.14.jar;C:\Users\tradi\.m2\repository\org\aspectj\aspectjweaver\1.9.22.1\aspectjweaver-1.9.22.1.jar;C:\Users\tradi\.m2\repository\org\springframework\boot\spring-boot-starter-jdbc\3.3.5\spring-boot-starter-jdbc-3.3.5.jar;C:\Users\tradi\.m2\repository\com\zaxxer\HikariCP\5.1.0\HikariCP-5.1.0.jar;C:\Users\tradi\.m2\repository\org\springframework\spring-jdbc\6.1.14\spring-jdbc-6.1.14.jar;C:\Users\tradi\.m2\repository\org\hibernate\orm\hibernate-core\6.5.3.Final\hibernate-core-6.5.3.Final.jar;C:\Users\tradi\.m2\repository\jakarta\persistence\jakarta.persistence-api\3.1.0\jakarta.persistence-api-3.1.0.jar;C:\Users\tradi\.m2\repository\jakarta\transaction\jakarta.transaction-api\2.0.1\jakarta.transaction-api-2.0.1.jar;C:\Users\tradi\.m2\repository\org\jboss\logging\jboss-logging\3.5.3.Final\jboss-logging-3.5.3.Final.jar;C:\Users\tradi\.m2\repository\org\hibernate\common\hibernate-commons-annotations\6.0.6.Final\hibernate-commons-annotations-6.0.6.Final.jar;C:\Users\tradi\.m2\repository\io\smallrye\jandex\3.1.2\jandex-3.1.2.jar;C:\Users\tradi\.m2\repository\com\fasterxml\classmate\1.7.0\classmate-1.7.0.jar;C:\Users\tradi\.m2\repository\net\bytebuddy\byte-buddy\1.14.19\byte-buddy-1.14.19.jar;C:\Users\tradi\.m2\repository\org\glassfish\jaxb\jaxb-runtime\4.0.5\jaxb-runtime-4.0.5.jar;C:\Users\tradi\.m2\repository\org\glassfish\jaxb\jaxb-core\4.0.5\jaxb-core-4.0.5.jar;C:\Users\tradi\.m2\repository\org\eclipse\angus\angus-activation\2.0.2\angus-activation-2.0.2.jar;C:\Users\tradi\.m2\repository\org\glassfish\jaxb\txw2\4.0.5\txw2-4.0.5.jar;C:\Users\tradi\.m2\repository\com\sun\istack\istack-commons-runtime\4.1.2\istack-commons-runtime-4.1.2.jar;C:\Users\tradi\.m2\repository\jakarta\inject\jakarta.inject-api\2.0.1\jakarta.inject-api-2.0.1.jar;C:\Users\tradi\.m2\repository\org\antlr\antlr4-runtime\4.13.0\antlr4-runtime-4.13.0.jar;C:\Users\tradi\.m2\repository\org\springframework\data\spring-data-jpa\3.3.5\spring-data-jpa-3.3.5.jar;C:\Users\tradi\.m2\repository\org\springframework\data\spring-data-commons\3.3.5\spring-data-commons-3.3.5.jar;C:\Users\tradi\.m2\repository\org\springframework\spring-orm\6.1.14\spring-orm-6.1.14.jar;C:\Users\tradi\.m2\repository\org\springframework\spring-context\6.1.14\spring-context-6.1.14.jar;C:\Users\tradi\.m2\repository\org\springframework\spring-tx\6.1.14\spring-tx-6.1.14.jar;C:\Users\tradi\.m2\repository\org\springframework\spring-beans\6.1.14\spring-beans-6.1.14.jar;C:\Users\tradi\.m2\repository\jakarta\annotation\jakarta.annotation-api\2.1.1\jakarta.annotation-api-2.1.1.jar;C:\Users\tradi\.m2\repository\org\slf4j\slf4j-api\2.0.16\slf4j-api-2.0.16.jar;C:\Users\tradi\.m2\repository\org\springframework\spring-aspects\6.1.14\spring-aspects-6.1.14.jar;C:\Users\tradi\.m2\repository\org\springframework\boot\spring-boot-starter-validation\3.3.5\spring-boot-starter-validation-3.3.5.jar;C:\Users\tradi\.m2\repository\org\springframework\boot\spring-boot-starter\3.3.5\spring-boot-starter-3.3.5.jar;C:\Users\tradi\.m2\repository\org\springframework\boot\spring-boot\3.3.5\spring-boot-3.3.5.jar;C:\Users\tradi\.m2\repository\org\springframework\boot\spring-boot-autoconfigure\3.3.5\spring-boot-autoconfigure-3.3.5.jar;C:\Users\tradi\.m2\repository\org\springframework\boot\spring-boot-starter-logging\3.3.5\spring-boot-starter-logging-3.3.5.jar;C:\Users\tradi\.m2\repository\ch\qos\logback\logback-classic\1.5.11\logback-classic-1.5.11.jar;C:\Users\tradi\.m2\repository\ch\qos\logback\logback-core\1.5.11\logback-core-1.5.11.jar;C:\Users\tradi\.m2\repository\org\apache\logging\log4j\log4j-to-slf4j\2.23.1\log4j-to-slf4j-2.23.1.jar;C:\Users\tradi\.m2\repository\org\apache\logging\log4j\log4j-api\2.23.1\log4j-api-2.23.1.jar;C:\Users\tradi\.m2\repository\org\slf4j\jul-to-slf4j\2.0.16\jul-to-slf4j-2.0.16.jar;C:\Users\tradi\.m2\repository\org\yaml\snakeyaml\2.2\snakeyaml-2.2.jar;C:\Users\tradi\.m2\repository\org\apache\tomcat\embed\tomcat-embed-el\10.1.31\tomcat-embed-el-10.1.31.jar;C:\Users\tradi\.m2\repository\org\hibernate\validator\hibernate-validator\8.0.1.Final\hibernate-validator-8.0.1.Final.jar;C:\Users\tradi\.m2\repository\jakarta\validation\jakarta.validation-api\3.0.2\jakarta.validation-api-3.0.2.jar;C:\Users\tradi\.m2\repository\org\springframework\boot\spring-boot-starter-web\3.3.5\spring-boot-starter-web-3.3.5.jar;C:\Users\tradi\.m2\repository\org\springframework\boot\spring-boot-starter-json\3.3.5\spring-boot-starter-json-3.3.5.jar;C:\Users\tradi\.m2\repository\com\fasterxml\jackson\core\jackson-databind\2.17.2\jackson-databind-2.17.2.jar;C:\Users\tradi\.m2\repository\com\fasterxml\jackson\core\jackson-core\2.17.2\jackson-core-2.17.2.jar;C:\Users\tradi\.m2\repository\com\fasterxml\jackson\datatype\jackson-datatype-jdk8\2.17.2\jackson-datatype-jdk8-2.17.2.jar;C:\Users\tradi\.m2\repository\com\fasterxml\jackson\datatype\jackson-datatype-jsr310\2.17.2\jackson-datatype-jsr310-2.17.2.jar;C:\Users\tradi\.m2\repository\com\fasterxml\jackson\module\jackson-module-parameter-names\2.17.2\jackson-module-parameter-names-2.17.2.jar;C:\Users\tradi\.m2\repository\org\springframework\boot\spring-boot-starter-tomcat\3.3.5\spring-boot-starter-tomcat-3.3.5.jar;C:\Users\tradi\.m2\repository\org\apache\tomcat\embed\tomcat-embed-core\10.1.31\tomcat-embed-core-10.1.31.jar;C:\Users\tradi\.m2\repository\org\apache\tomcat\embed\tomcat-embed-websocket\10.1.31\tomcat-embed-websocket-10.1.31.jar;C:\Users\tradi\.m2\repository\org\springframework\spring-web\6.1.14\spring-web-6.1.14.jar;C:\Users\tradi\.m2\repository\io\micrometer\micrometer-observation\1.13.6\micrometer-observation-1.13.6.jar;C:\Users\tradi\.m2\repository\io\micrometer\micrometer-commons\1.13.6\micrometer-commons-1.13.6.jar;C:\Users\tradi\.m2\repository\org\springframework\spring-webmvc\6.1.14\spring-webmvc-6.1.14.jar;C:\Users\tradi\.m2\repository\org\springframework\spring-expression\6.1.14\spring-expression-6.1.14.jar;C:\Users\tradi\.m2\repository\com\mysql\mysql-connector-j\8.3.0\mysql-connector-j-8.3.0.jar;C:\Users\tradi\.m2\repository\org\projectlombok\lombok\1.18.34\lombok-1.18.34.jar;C:\Users\tradi\.m2\repository\com\fasterxml\jackson\core\jackson-annotations\2.17.2\jackson-annotations-2.17.2.jar;C:\Users\tradi\.m2\repository\jakarta\xml\bind\jakarta.xml.bind-api\4.0.2\jakarta.xml.bind-api-4.0.2.jar;C:\Users\tradi\.m2\repository\jakarta\activation\jakarta.activation-api\2.1.3\jakarta.activation-api-2.1.3.jar;C:\Users\tradi\.m2\repository\org\springframework\spring-core\6.1.14\spring-core-6.1.14.jar;C:\Users\tradi\.m2\repository\org\springframework\spring-jcl\6.1.14\spring-jcl-6.1.14.jar
Launcher Type: SUN_STANDARD

[Global flags]
     intx CICompilerCount                          = 4                                         {product} {ergonomic}
     uint ConcGCThreads                            = 3                                         {product} {ergonomic}
     uint G1ConcRefinementThreads                  = 10                                        {product} {ergonomic}
   size_t G1HeapRegionSize                         = 2097152                                   {product} {ergonomic}
    uintx GCDrainStackTargetSize                   = 64                                        {product} {ergonomic}
   size_t InitialHeapSize                          = 264241152                                 {product} {ergonomic}
   size_t MarkStackSize                            = 4194304                                   {product} {ergonomic}
   size_t MaxHeapSize                              = 4223664128                                {product} {ergonomic}
   size_t MaxNewSize                               = 2533359616                                {product} {ergonomic}
   size_t MinHeapDeltaBytes                        = 2097152                                   {product} {ergonomic}
   size_t MinHeapSize                              = 8388608                                   {product} {ergonomic}
    uintx NonNMethodCodeHeapSize                   = 5839372                                {pd product} {ergonomic}
    uintx NonProfiledCodeHeapSize                  = 122909434                              {pd product} {ergonomic}
    uintx ProfiledCodeHeapSize                     = 122909434                              {pd product} {ergonomic}
    uintx ReservedCodeCacheSize                    = 251658240                              {pd product} {ergonomic}
     bool SegmentedCodeCache                       = true                                      {product} {ergonomic}
   size_t SoftMaxHeapSize                          = 4223664128                             {manageable} {ergonomic}
     bool UseCompressedOops                        = true                           {product lp64_product} {ergonomic}
     bool UseG1GC                                  = true                                      {product} {ergonomic}
     bool UseLargePagesIndividualAllocation        = false                                  {pd product} {ergonomic}

Logging:
Log output configuration:
 #0: stdout all=warning uptime,level,tags foldmultilines=false
 #1: stderr all=off uptime,level,tags foldmultilines=false

Environment Variables:
JAVA_HOME=C:\Program Files\Java\jdk-21
PATH=C:\Python312\Scripts\;C:\Python312\;C:\Program Files\Common Files\Oracle\Java\javapath;C:\Program Files (x86)\Common Files\Oracle\Java\javapath;C:\WINDOWS\system32;C:\WINDOWS;C:\WINDOWS\System32\Wbem;C:\WINDOWS\System32\WindowsPowerShell\v1.0\;C:\WINDOWS\System32\OpenSSH\;C:\Program Files\Microsoft SQL Server\150\Tools\Binn\;C:\Program Files\Microsoft SQL Server\Client SDK\ODBC\170\Tools\Binn\;C:\Program Files\dotnet\;C:\maven\apache-maven-3.9.6-bin\apache-maven-3.9.6\bin;C:\ProgramData\chocolatey\bin;C:\Program Files\MongoDB\mongosh-2.1.1-win32-x64\bin;C:\Program Files\Git\cmd;C:\Program Files\Docker\Docker\resources\bin;C:\Program Files\Java\jdk-21\bin;C:\Users\tradi\AppData\Roaming\nvm;C:\Program Files\nodejs;C:\Program Files\Amazon\AWSCLIV2\;C:\Users\tradi\AppData\Local\Microsoft\WindowsApps;C:\Program Files\JetBrains\IntelliJ IDEA Community Edition 2023.3.2\bin;;C:\Program Files\JetBrains\IntelliJ IDEA 2023.3\bin;;C:\Users\tradi\.dotnet\tools;C:\Users\tradi\AppData\Local\Programs\Microsoft VS Code\bin;C:\Users\tradi\AppData\Roaming\npm;C:\Users\tradi\Downloads\flutter\src\flutter\bin;C:\Users\tradi\AppData\Roaming\nvm;C:\Program Files\nodejs;C:\Program Files\heroku\bin;C:\flutter_windows_3.24.3-stable\flutter\bin;
USERNAME=tradi
OS=Windows_NT
PROCESSOR_IDENTIFIER=Intel64 Family 6 Model 186 Stepping 3, GenuineIntel
TMP=C:\Users\tradi\AppData\Local\Temp
TEMP=C:\Users\tradi\AppData\Local\Temp




Periodic native trim disabled

---------------  S Y S T E M  ---------------

OS:
 Windows 11 , 64 bit Build 26100 (10.0.26100.3037)
OS uptime: 0 days 0:47 hours
Hyper-V role detected

CPU: total 12 (initial active 12) (6 cores per cpu, 2 threads per core) family 6 model 186 stepping 3 microcode 0x4112, cx8, cmov, fxsr, ht, mmx, 3dnowpref, sse, sse2, sse3, ssse3, sse4.1, sse4.2, popcnt, lzcnt, tsc, tscinvbit, avx, avx2, aes, erms, clmul, bmi1, bmi2, adx, sha, fma, vzeroupper, clflush, clflushopt, clwb, hv, serialize, rdtscp, rdpid, fsrm, f16c, cet_ibt, cet_ss
Processor Information for processor 0
  Max Mhz: 1700, Current Mhz: 1700, Mhz Limit: 1700
Processor Information for processor 1
  Max Mhz: 1700, Current Mhz: 1700, Mhz Limit: 1700
Processor Information for processor 2
  Max Mhz: 1700, Current Mhz: 1700, Mhz Limit: 1700
Processor Information for processor 3
  Max Mhz: 1700, Current Mhz: 1700, Mhz Limit: 1700
Processor Information for processor 4
  Max Mhz: 1700, Current Mhz: 1200, Mhz Limit: 1190
Processor Information for processor 5
  Max Mhz: 1700, Current Mhz: 1200, Mhz Limit: 1190
Processor Information for processor 6
  Max Mhz: 1700, Current Mhz: 1200, Mhz Limit: 1190
Processor Information for processor 7
  Max Mhz: 1700, Current Mhz: 1200, Mhz Limit: 1190
Processor Information for processor 8
  Max Mhz: 1700, Current Mhz: 1200, Mhz Limit: 1190
Processor Information for processor 9
  Max Mhz: 1700, Current Mhz: 1200, Mhz Limit: 1190
Processor Information for processor 10
  Max Mhz: 1700, Current Mhz: 1200, Mhz Limit: 1190
Processor Information for processor 11
  Max Mhz: 1700, Current Mhz: 1200, Mhz Limit: 1190

Memory: 4k page, system-wide physical 16108M (3078M free)
TotalPageFile size 65260M (AvailPageFile size 0M)
current process WorkingSet (physical memory assigned to process): 74M, peak: 461M
current process commit charge ("private bytes"): 588M, peak: 600M

vm_info: OpenJDK 64-Bit Server VM (21.0.2+13-58) for windows-amd64 JRE (21.0.2+13-58), built on 2024-01-05T18:32:24Z by "mach5one" with MS VC++ 17.1 (VS2022)

END.
