#
# There is insufficient memory for the Java Runtime Environment to continue.
# Native memory allocation (malloc) failed to allocate 465184 bytes for Chunk::new
# Possible reasons:
#   The system is out of physical RAM or swap space
#   The process is running with CompressedOops enabled, and the Java Heap may be blocking the growth of the native heap
# Possible solutions:
#   Reduce memory load on the system
#   Increase physical memory or swap space
#   Check if swap backing store is full
#   Decrease Java heap size (-Xmx/-Xms)
#   Decrease number of Java threads
#   Decrease Java thread stack sizes (-Xss)
#   Set larger code cache with -XX:ReservedCodeCacheSize=
#   JVM is running with Zero Based Compressed Oops mode in which the Java heap is
#     placed in the first 32GB address space. The Java Heap base address is the
#     maximum limit for the native heap growth. Please use -XX:HeapBaseMinAddress
#     to set the Java Heap base and to place the Java Heap above 32GB virtual address.
# This output file may be truncated or incomplete.
#
#  Out of Memory Error (arena.cpp:168), pid=6724, tid=23336
#
# JRE version: OpenJDK Runtime Environment (21.0.2+13) (build 21.0.2+13-58)
# Java VM: OpenJDK 64-Bit Server VM (21.0.2+13-58, mixed mode, sharing, tiered, compressed oops, compressed class ptrs, g1 gc, windows-amd64)
# No core dump will be written. Minidumps are not enabled by default on client versions of Windows
#

---------------  S U M M A R Y ------------

Command Line: -javaagent:C:\Program Files\JetBrains\IntelliJ IDEA Community Edition 2023.3.2\lib\idea_rt.jar=55293:C:\Program Files\JetBrains\IntelliJ IDEA Community Edition 2023.3.2\bin -Dfile.encoding=UTF-8 -Dsun.stdout.encoding=UTF-8 -Dsun.stderr.encoding=UTF-8 com.fooddelivery.FooddeliveryApplication C:/Users/tradi/.m2/repository

Host: 13th Gen Intel(R) Core(TM) i7-1355U, 12 cores, 15G,  Windows 11 , 64 bit Build 26100 (10.0.26100.3037)
Time: Mon Feb 17 22:59:24 2025 Eastern Standard Time elapsed time: 5.706559 seconds (0d 0h 0m 5s)

---------------  T H R E A D  ---------------

Current thread (0x000002739a98dab0):  JavaThread "C2 CompilerThread2" daemon [_thread_in_native, id=23336, stack(0x000000e9bdd00000,0x000000e9bde00000) (1024K)]


Current CompileTask:
C2:   5706 2291   !   4       java.util.zip.InflaterInputStream::read (129 bytes)

Stack: [0x000000e9bdd00000,0x000000e9bde00000]
Native frames: (J=compiled Java code, j=interpreted, Vv=VM code, C=native code)
V  [jvm.dll+0x6cade9]
V  [jvm.dll+0x8569c1]
V  [jvm.dll+0x858d2e]
V  [jvm.dll+0x859413]
V  [jvm.dll+0x280e56]
V  [jvm.dll+0xc3f3d]
V  [jvm.dll+0xc4473]
V  [jvm.dll+0x3b5c2c]
V  [jvm.dll+0x1e2209]
V  [jvm.dll+0x249d22]
V  [jvm.dll+0x2491b1]
V  [jvm.dll+0x1c9634]
V  [jvm.dll+0x258859]
V  [jvm.dll+0x256e3a]
V  [jvm.dll+0x3ef6c6]
V  [jvm.dll+0x7ff568]
V  [jvm.dll+0x6c953d]
C  [ucrtbase.dll+0x37b0]
C  [KERNEL32.DLL+0x2e8d7]
C  [ntdll.dll+0xbbf2c]


---------------  P R O C E S S  ---------------

Threads class SMR info:
_java_thread_list=0x000002739aee2780, length=15, elements={
0x0000027332c8c490, 0x0000027353c25c40, 0x0000027353c283c0, 0x0000027353c2ada0,
0x0000027353c2b670, 0x0000027353c32f40, 0x00000273545e8090, 0x00000273545e8b00,
0x00000273545f21d0, 0x0000027353bf0360, 0x0000027354759bc0, 0x000002739a1606b0,
0x000002739a162d30, 0x000002739a3d3ff0, 0x000002739a98dab0
}

Java Threads: ( => current thread )
  0x0000027332c8c490 JavaThread "main"                              [_thread_blocked, id=14104, stack(0x000000e9bbe00000,0x000000e9bbf00000) (1024K)]
  0x0000027353c25c40 JavaThread "Reference Handler"          daemon [_thread_blocked, id=8256, stack(0x000000e9bc600000,0x000000e9bc700000) (1024K)]
  0x0000027353c283c0 JavaThread "Finalizer"                  daemon [_thread_blocked, id=14600, stack(0x000000e9bc700000,0x000000e9bc800000) (1024K)]
  0x0000027353c2ada0 JavaThread "Signal Dispatcher"          daemon [_thread_blocked, id=15832, stack(0x000000e9bc800000,0x000000e9bc900000) (1024K)]
  0x0000027353c2b670 JavaThread "Attach Listener"            daemon [_thread_blocked, id=10480, stack(0x000000e9bc900000,0x000000e9bca00000) (1024K)]
  0x0000027353c32f40 JavaThread "Service Thread"             daemon [_thread_blocked, id=16736, stack(0x000000e9bca00000,0x000000e9bcb00000) (1024K)]
  0x00000273545e8090 JavaThread "Monitor Deflation Thread"   daemon [_thread_blocked, id=19412, stack(0x000000e9bcb00000,0x000000e9bcc00000) (1024K)]
  0x00000273545e8b00 JavaThread "C2 CompilerThread0"         daemon [_thread_in_native, id=19176, stack(0x000000e9bcc00000,0x000000e9bcd00000) (1024K)]
  0x00000273545f21d0 JavaThread "C1 CompilerThread0"         daemon [_thread_blocked, id=8844, stack(0x000000e9bcd00000,0x000000e9bce00000) (1024K)]
  0x0000027353bf0360 JavaThread "Common-Cleaner"             daemon [_thread_blocked, id=8136, stack(0x000000e9bce00000,0x000000e9bcf00000) (1024K)]
  0x0000027354759bc0 JavaThread "C2 CompilerThread1"         daemon [_thread_blocked, id=6508, stack(0x000000e9bcf00000,0x000000e9bd000000) (1024K)]
  0x000002739a1606b0 JavaThread "Monitor Ctrl-Break"         daemon [_thread_in_native, id=14884, stack(0x000000e9bd100000,0x000000e9bd200000) (1024K)]
  0x000002739a162d30 JavaThread "Notification Thread"        daemon [_thread_blocked, id=20316, stack(0x000000e9bd200000,0x000000e9bd300000) (1024K)]
  0x000002739a3d3ff0 JavaThread "background-preinit"                [_thread_blocked, id=8956, stack(0x000000e9bd800000,0x000000e9bd900000) (1024K)]
=>0x000002739a98dab0 JavaThread "C2 CompilerThread2"         daemon [_thread_in_native, id=23336, stack(0x000000e9bdd00000,0x000000e9bde00000) (1024K)]
Total: 15

Other Threads:
  0x0000027353c06bd0 VMThread "VM Thread"                           [id=13924, stack(0x000000e9bc500000,0x000000e9bc600000) (1024K)]
  0x0000027353befcd0 WatcherThread "VM Periodic Task Thread"        [id=5212, stack(0x000000e9bc400000,0x000000e9bc500000) (1024K)]
  0x00000273350397f0 WorkerThread "GC Thread#0"                     [id=8364, stack(0x000000e9bbf00000,0x000000e9bc000000) (1024K)]
  0x000002739a7eab70 WorkerThread "GC Thread#1"                     [id=21184, stack(0x000000e9bd300000,0x000000e9bd400000) (1024K)]
  0x000002739a7eaf10 WorkerThread "GC Thread#2"                     [id=19772, stack(0x000000e9bd400000,0x000000e9bd500000) (1024K)]
  0x000002739a302860 WorkerThread "GC Thread#3"                     [id=19656, stack(0x000000e9bd500000,0x000000e9bd600000) (1024K)]
  0x000002739a7eb2b0 WorkerThread "GC Thread#4"                     [id=18452, stack(0x000000e9bd600000,0x000000e9bd700000) (1024K)]
  0x000002739a7eb650 WorkerThread "GC Thread#5"                     [id=21992, stack(0x000000e9bd700000,0x000000e9bd800000) (1024K)]
  0x000002739aad3550 WorkerThread "GC Thread#6"                     [id=22308, stack(0x000000e9bd900000,0x000000e9bda00000) (1024K)]
  0x000002739ad27410 WorkerThread "GC Thread#7"                     [id=4748, stack(0x000000e9bda00000,0x000000e9bdb00000) (1024K)]
  0x000002739ad27070 WorkerThread "GC Thread#8"                     [id=17112, stack(0x000000e9bdb00000,0x000000e9bdc00000) (1024K)]
  0x000002739ad277b0 WorkerThread "GC Thread#9"                     [id=8648, stack(0x000000e9bdc00000,0x000000e9bdd00000) (1024K)]
  0x000002733504b3a0 ConcurrentGCThread "G1 Main Marker"            [id=5220, stack(0x000000e9bc000000,0x000000e9bc100000) (1024K)]
  0x000002733504cd20 WorkerThread "G1 Conc#0"                       [id=6240, stack(0x000000e9bc100000,0x000000e9bc200000) (1024K)]
  0x000002733508e800 ConcurrentGCThread "G1 Refine#0"               [id=7192, stack(0x000000e9bc200000,0x000000e9bc300000) (1024K)]
  0x0000027353abb400 ConcurrentGCThread "G1 Service"                [id=14188, stack(0x000000e9bc300000,0x000000e9bc400000) (1024K)]
Total: 16

Threads with active compile tasks:
C2 CompilerThread0     5734 2300   !   4       jdk.internal.loader.BuiltinClassLoader::loadClassOrNull (143 bytes)
C2 CompilerThread2     5734 2291   !   4       java.util.zip.InflaterInputStream::read (129 bytes)
Total: 2

VM state: not at safepoint (normal execution)

VM Mutex/Monitor currently owned by a thread: None

Heap address: 0x0000000704400000, size: 4028 MB, Compressed Oops mode: Zero based, Oop shift amount: 3

CDS archive(s) mapped at: [0x0000027355000000-0x0000027355c90000-0x0000027355c90000), size 13172736, SharedBaseAddress: 0x0000027355000000, ArchiveRelocationMode: 1.
Compressed class space mapped at: 0x0000027356000000-0x0000027396000000, reserved size: 1073741824
Narrow klass base: 0x0000027355000000, Narrow klass shift: 0, Narrow klass range: 0x100000000

GC Precious Log:
 CardTable entry size: 512
 Card Set container configuration: InlinePtr #cards 4 size 8 Array Of Cards #cards 16 size 48 Howl #buckets 8 coarsen threshold 3686 Howl Bitmap #cards 512 size 80 coarsen threshold 460 Card regions per heap region 1 cards per card region 4096
 CPUs: 12 total, 12 available
 Memory: 16108M
 Large Page Support: Disabled
 NUMA Support: Disabled
 Compressed Oops: Enabled (Zero based)
 Heap Region Size: 2M
 Heap Min Capacity: 8M
 Heap Initial Capacity: 252M
 Heap Max Capacity: 4028M
 Pre-touch: Disabled
 Parallel Workers: 10
 Concurrent Workers: 3
 Concurrent Refinement Workers: 10
 Periodic GC: Disabled

Heap:
 garbage-first heap   total 258048K, used 29375K [0x0000000704400000, 0x0000000800000000)
  region size 2048K, 13 young (26624K), 2 survivors (4096K)
 Metaspace       used 18155K, committed 18432K, reserved 1114112K
  class space    used 2245K, committed 2368K, reserved 1048576K

Heap Regions: E=young(eden), S=young(survivor), O=old, HS=humongous(starts), HC=humongous(continues), CS=collection set, F=free, TAMS=top-at-mark-start, PB=parsable bottom
|   0|0x0000000704400000, 0x0000000704600000, 0x0000000704600000|100%| O|  |TAMS 0x0000000704400000| PB 0x0000000704400000| Untracked 
|   1|0x0000000704600000, 0x0000000704800000, 0x0000000704800000|100%| O|  |TAMS 0x0000000704600000| PB 0x0000000704600000| Untracked 
|   2|0x0000000704800000, 0x0000000704a00000, 0x0000000704a00000|100%| O|  |TAMS 0x0000000704800000| PB 0x0000000704800000| Untracked 
|   3|0x0000000704a00000, 0x0000000704a47b30, 0x0000000704c00000| 14%| O|  |TAMS 0x0000000704a00000| PB 0x0000000704a00000| Untracked 
|   4|0x0000000704c00000, 0x0000000704c00000, 0x0000000704e00000|  0%| F|  |TAMS 0x0000000704c00000| PB 0x0000000704c00000| Untracked 
|   5|0x0000000704e00000, 0x0000000704e00000, 0x0000000705000000|  0%| F|  |TAMS 0x0000000704e00000| PB 0x0000000704e00000| Untracked 
|   6|0x0000000705000000, 0x0000000705000000, 0x0000000705200000|  0%| F|  |TAMS 0x0000000705000000| PB 0x0000000705000000| Untracked 
|   7|0x0000000705200000, 0x0000000705200000, 0x0000000705400000|  0%| F|  |TAMS 0x0000000705200000| PB 0x0000000705200000| Untracked 
|   8|0x0000000705400000, 0x0000000705400000, 0x0000000705600000|  0%| F|  |TAMS 0x0000000705400000| PB 0x0000000705400000| Untracked 
|   9|0x0000000705600000, 0x0000000705600000, 0x0000000705800000|  0%| F|  |TAMS 0x0000000705600000| PB 0x0000000705600000| Untracked 
|  10|0x0000000705800000, 0x0000000705800000, 0x0000000705a00000|  0%| F|  |TAMS 0x0000000705800000| PB 0x0000000705800000| Untracked 
|  11|0x0000000705a00000, 0x0000000705a00000, 0x0000000705c00000|  0%| F|  |TAMS 0x0000000705a00000| PB 0x0000000705a00000| Untracked 
|  12|0x0000000705c00000, 0x0000000705c00000, 0x0000000705e00000|  0%| F|  |TAMS 0x0000000705c00000| PB 0x0000000705c00000| Untracked 
|  13|0x0000000705e00000, 0x0000000705e00000, 0x0000000706000000|  0%| F|  |TAMS 0x0000000705e00000| PB 0x0000000705e00000| Untracked 
|  14|0x0000000706000000, 0x0000000706000000, 0x0000000706200000|  0%| F|  |TAMS 0x0000000706000000| PB 0x0000000706000000| Untracked 
|  15|0x0000000706200000, 0x0000000706200000, 0x0000000706400000|  0%| F|  |TAMS 0x0000000706200000| PB 0x0000000706200000| Untracked 
|  16|0x0000000706400000, 0x0000000706400000, 0x0000000706600000|  0%| F|  |TAMS 0x0000000706400000| PB 0x0000000706400000| Untracked 
|  17|0x0000000706600000, 0x0000000706600000, 0x0000000706800000|  0%| F|  |TAMS 0x0000000706600000| PB 0x0000000706600000| Untracked 
|  18|0x0000000706800000, 0x0000000706800000, 0x0000000706a00000|  0%| F|  |TAMS 0x0000000706800000| PB 0x0000000706800000| Untracked 
|  19|0x0000000706a00000, 0x0000000706a00000, 0x0000000706c00000|  0%| F|  |TAMS 0x0000000706a00000| PB 0x0000000706a00000| Untracked 
|  20|0x0000000706c00000, 0x0000000706c00000, 0x0000000706e00000|  0%| F|  |TAMS 0x0000000706c00000| PB 0x0000000706c00000| Untracked 
|  21|0x0000000706e00000, 0x0000000706e00000, 0x0000000707000000|  0%| F|  |TAMS 0x0000000706e00000| PB 0x0000000706e00000| Untracked 
|  22|0x0000000707000000, 0x0000000707000000, 0x0000000707200000|  0%| F|  |TAMS 0x0000000707000000| PB 0x0000000707000000| Untracked 
|  23|0x0000000707200000, 0x0000000707200000, 0x0000000707400000|  0%| F|  |TAMS 0x0000000707200000| PB 0x0000000707200000| Untracked 
|  24|0x0000000707400000, 0x0000000707400000, 0x0000000707600000|  0%| F|  |TAMS 0x0000000707400000| PB 0x0000000707400000| Untracked 
|  25|0x0000000707600000, 0x0000000707600000, 0x0000000707800000|  0%| F|  |TAMS 0x0000000707600000| PB 0x0000000707600000| Untracked 
|  26|0x0000000707800000, 0x0000000707800000, 0x0000000707a00000|  0%| F|  |TAMS 0x0000000707800000| PB 0x0000000707800000| Untracked 
|  27|0x0000000707a00000, 0x0000000707a00000, 0x0000000707c00000|  0%| F|  |TAMS 0x0000000707a00000| PB 0x0000000707a00000| Untracked 
|  28|0x0000000707c00000, 0x0000000707c00000, 0x0000000707e00000|  0%| F|  |TAMS 0x0000000707c00000| PB 0x0000000707c00000| Untracked 
|  29|0x0000000707e00000, 0x0000000707e00000, 0x0000000708000000|  0%| F|  |TAMS 0x0000000707e00000| PB 0x0000000707e00000| Untracked 
|  30|0x0000000708000000, 0x0000000708000000, 0x0000000708200000|  0%| F|  |TAMS 0x0000000708000000| PB 0x0000000708000000| Untracked 
|  31|0x0000000708200000, 0x0000000708200000, 0x0000000708400000|  0%| F|  |TAMS 0x0000000708200000| PB 0x0000000708200000| Untracked 
|  32|0x0000000708400000, 0x0000000708400000, 0x0000000708600000|  0%| F|  |TAMS 0x0000000708400000| PB 0x0000000708400000| Untracked 
|  33|0x0000000708600000, 0x0000000708600000, 0x0000000708800000|  0%| F|  |TAMS 0x0000000708600000| PB 0x0000000708600000| Untracked 
|  34|0x0000000708800000, 0x0000000708800000, 0x0000000708a00000|  0%| F|  |TAMS 0x0000000708800000| PB 0x0000000708800000| Untracked 
|  35|0x0000000708a00000, 0x0000000708a00000, 0x0000000708c00000|  0%| F|  |TAMS 0x0000000708a00000| PB 0x0000000708a00000| Untracked 
|  36|0x0000000708c00000, 0x0000000708c00000, 0x0000000708e00000|  0%| F|  |TAMS 0x0000000708c00000| PB 0x0000000708c00000| Untracked 
|  37|0x0000000708e00000, 0x0000000708e00000, 0x0000000709000000|  0%| F|  |TAMS 0x0000000708e00000| PB 0x0000000708e00000| Untracked 
|  38|0x0000000709000000, 0x0000000709000000, 0x0000000709200000|  0%| F|  |TAMS 0x0000000709000000| PB 0x0000000709000000| Untracked 
|  39|0x0000000709200000, 0x0000000709200000, 0x0000000709400000|  0%| F|  |TAMS 0x0000000709200000| PB 0x0000000709200000| Untracked 
|  40|0x0000000709400000, 0x0000000709400000, 0x0000000709600000|  0%| F|  |TAMS 0x0000000709400000| PB 0x0000000709400000| Untracked 
|  41|0x0000000709600000, 0x0000000709600000, 0x0000000709800000|  0%| F|  |TAMS 0x0000000709600000| PB 0x0000000709600000| Untracked 
|  42|0x0000000709800000, 0x0000000709800000, 0x0000000709a00000|  0%| F|  |TAMS 0x0000000709800000| PB 0x0000000709800000| Untracked 
|  43|0x0000000709a00000, 0x0000000709a00000, 0x0000000709c00000|  0%| F|  |TAMS 0x0000000709a00000| PB 0x0000000709a00000| Untracked 
|  44|0x0000000709c00000, 0x0000000709c00000, 0x0000000709e00000|  0%| F|  |TAMS 0x0000000709c00000| PB 0x0000000709c00000| Untracked 
|  45|0x0000000709e00000, 0x0000000709e00000, 0x000000070a000000|  0%| F|  |TAMS 0x0000000709e00000| PB 0x0000000709e00000| Untracked 
|  46|0x000000070a000000, 0x000000070a000000, 0x000000070a200000|  0%| F|  |TAMS 0x000000070a000000| PB 0x000000070a000000| Untracked 
|  47|0x000000070a200000, 0x000000070a200000, 0x000000070a400000|  0%| F|  |TAMS 0x000000070a200000| PB 0x000000070a200000| Untracked 
|  48|0x000000070a400000, 0x000000070a400000, 0x000000070a600000|  0%| F|  |TAMS 0x000000070a400000| PB 0x000000070a400000| Untracked 
|  49|0x000000070a600000, 0x000000070a600000, 0x000000070a800000|  0%| F|  |TAMS 0x000000070a600000| PB 0x000000070a600000| Untracked 
|  50|0x000000070a800000, 0x000000070a800000, 0x000000070aa00000|  0%| F|  |TAMS 0x000000070a800000| PB 0x000000070a800000| Untracked 
|  51|0x000000070aa00000, 0x000000070aa00000, 0x000000070ac00000|  0%| F|  |TAMS 0x000000070aa00000| PB 0x000000070aa00000| Untracked 
|  52|0x000000070ac00000, 0x000000070ac00000, 0x000000070ae00000|  0%| F|  |TAMS 0x000000070ac00000| PB 0x000000070ac00000| Untracked 
|  53|0x000000070ae00000, 0x000000070ae00000, 0x000000070b000000|  0%| F|  |TAMS 0x000000070ae00000| PB 0x000000070ae00000| Untracked 
|  54|0x000000070b000000, 0x000000070b000000, 0x000000070b200000|  0%| F|  |TAMS 0x000000070b000000| PB 0x000000070b000000| Untracked 
|  55|0x000000070b200000, 0x000000070b200000, 0x000000070b400000|  0%| F|  |TAMS 0x000000070b200000| PB 0x000000070b200000| Untracked 
|  56|0x000000070b400000, 0x000000070b400000, 0x000000070b600000|  0%| F|  |TAMS 0x000000070b400000| PB 0x000000070b400000| Untracked 
|  57|0x000000070b600000, 0x000000070b600000, 0x000000070b800000|  0%| F|  |TAMS 0x000000070b600000| PB 0x000000070b600000| Untracked 
|  58|0x000000070b800000, 0x000000070b800000, 0x000000070ba00000|  0%| F|  |TAMS 0x000000070b800000| PB 0x000000070b800000| Untracked 
|  59|0x000000070ba00000, 0x000000070ba00000, 0x000000070bc00000|  0%| F|  |TAMS 0x000000070ba00000| PB 0x000000070ba00000| Untracked 
|  60|0x000000070bc00000, 0x000000070bc00000, 0x000000070be00000|  0%| F|  |TAMS 0x000000070bc00000| PB 0x000000070bc00000| Untracked 
|  61|0x000000070be00000, 0x000000070be00000, 0x000000070c000000|  0%| F|  |TAMS 0x000000070be00000| PB 0x000000070be00000| Untracked 
|  62|0x000000070c000000, 0x000000070c000000, 0x000000070c200000|  0%| F|  |TAMS 0x000000070c000000| PB 0x000000070c000000| Untracked 
|  63|0x000000070c200000, 0x000000070c200000, 0x000000070c400000|  0%| F|  |TAMS 0x000000070c200000| PB 0x000000070c200000| Untracked 
|  64|0x000000070c400000, 0x000000070c400000, 0x000000070c600000|  0%| F|  |TAMS 0x000000070c400000| PB 0x000000070c400000| Untracked 
|  65|0x000000070c600000, 0x000000070c600000, 0x000000070c800000|  0%| F|  |TAMS 0x000000070c600000| PB 0x000000070c600000| Untracked 
|  66|0x000000070c800000, 0x000000070c800000, 0x000000070ca00000|  0%| F|  |TAMS 0x000000070c800000| PB 0x000000070c800000| Untracked 
|  67|0x000000070ca00000, 0x000000070ca00000, 0x000000070cc00000|  0%| F|  |TAMS 0x000000070ca00000| PB 0x000000070ca00000| Untracked 
|  68|0x000000070cc00000, 0x000000070cc00000, 0x000000070ce00000|  0%| F|  |TAMS 0x000000070cc00000| PB 0x000000070cc00000| Untracked 
|  69|0x000000070ce00000, 0x000000070ce00000, 0x000000070d000000|  0%| F|  |TAMS 0x000000070ce00000| PB 0x000000070ce00000| Untracked 
|  70|0x000000070d000000, 0x000000070d000000, 0x000000070d200000|  0%| F|  |TAMS 0x000000070d000000| PB 0x000000070d000000| Untracked 
|  71|0x000000070d200000, 0x000000070d200000, 0x000000070d400000|  0%| F|  |TAMS 0x000000070d200000| PB 0x000000070d200000| Untracked 
|  72|0x000000070d400000, 0x000000070d400000, 0x000000070d600000|  0%| F|  |TAMS 0x000000070d400000| PB 0x000000070d400000| Untracked 
|  73|0x000000070d600000, 0x000000070d600000, 0x000000070d800000|  0%| F|  |TAMS 0x000000070d600000| PB 0x000000070d600000| Untracked 
|  74|0x000000070d800000, 0x000000070d800000, 0x000000070da00000|  0%| F|  |TAMS 0x000000070d800000| PB 0x000000070d800000| Untracked 
|  75|0x000000070da00000, 0x000000070da00000, 0x000000070dc00000|  0%| F|  |TAMS 0x000000070da00000| PB 0x000000070da00000| Untracked 
|  76|0x000000070dc00000, 0x000000070dc00000, 0x000000070de00000|  0%| F|  |TAMS 0x000000070dc00000| PB 0x000000070dc00000| Untracked 
|  77|0x000000070de00000, 0x000000070de00000, 0x000000070e000000|  0%| F|  |TAMS 0x000000070de00000| PB 0x000000070de00000| Untracked 
|  78|0x000000070e000000, 0x000000070e000000, 0x000000070e200000|  0%| F|  |TAMS 0x000000070e000000| PB 0x000000070e000000| Untracked 
|  79|0x000000070e200000, 0x000000070e200000, 0x000000070e400000|  0%| F|  |TAMS 0x000000070e200000| PB 0x000000070e200000| Untracked 
|  80|0x000000070e400000, 0x000000070e400000, 0x000000070e600000|  0%| F|  |TAMS 0x000000070e400000| PB 0x000000070e400000| Untracked 
|  81|0x000000070e600000, 0x000000070e600000, 0x000000070e800000|  0%| F|  |TAMS 0x000000070e600000| PB 0x000000070e600000| Untracked 
|  82|0x000000070e800000, 0x000000070e800000, 0x000000070ea00000|  0%| F|  |TAMS 0x000000070e800000| PB 0x000000070e800000| Untracked 
|  83|0x000000070ea00000, 0x000000070ea00000, 0x000000070ec00000|  0%| F|  |TAMS 0x000000070ea00000| PB 0x000000070ea00000| Untracked 
|  84|0x000000070ec00000, 0x000000070ec00000, 0x000000070ee00000|  0%| F|  |TAMS 0x000000070ec00000| PB 0x000000070ec00000| Untracked 
|  85|0x000000070ee00000, 0x000000070ee00000, 0x000000070f000000|  0%| F|  |TAMS 0x000000070ee00000| PB 0x000000070ee00000| Untracked 
|  86|0x000000070f000000, 0x000000070f000000, 0x000000070f200000|  0%| F|  |TAMS 0x000000070f000000| PB 0x000000070f000000| Untracked 
|  87|0x000000070f200000, 0x000000070f200000, 0x000000070f400000|  0%| F|  |TAMS 0x000000070f200000| PB 0x000000070f200000| Untracked 
|  88|0x000000070f400000, 0x000000070f400000, 0x000000070f600000|  0%| F|  |TAMS 0x000000070f400000| PB 0x000000070f400000| Untracked 
|  89|0x000000070f600000, 0x000000070f600000, 0x000000070f800000|  0%| F|  |TAMS 0x000000070f600000| PB 0x000000070f600000| Untracked 
|  90|0x000000070f800000, 0x000000070f800000, 0x000000070fa00000|  0%| F|  |TAMS 0x000000070f800000| PB 0x000000070f800000| Untracked 
|  91|0x000000070fa00000, 0x000000070fa00000, 0x000000070fc00000|  0%| F|  |TAMS 0x000000070fa00000| PB 0x000000070fa00000| Untracked 
|  92|0x000000070fc00000, 0x000000070fc00000, 0x000000070fe00000|  0%| F|  |TAMS 0x000000070fc00000| PB 0x000000070fc00000| Untracked 
|  93|0x000000070fe00000, 0x000000070fe00000, 0x0000000710000000|  0%| F|  |TAMS 0x000000070fe00000| PB 0x000000070fe00000| Untracked 
|  94|0x0000000710000000, 0x0000000710000000, 0x0000000710200000|  0%| F|  |TAMS 0x0000000710000000| PB 0x0000000710000000| Untracked 
|  95|0x0000000710200000, 0x0000000710200000, 0x0000000710400000|  0%| F|  |TAMS 0x0000000710200000| PB 0x0000000710200000| Untracked 
|  96|0x0000000710400000, 0x0000000710400000, 0x0000000710600000|  0%| F|  |TAMS 0x0000000710400000| PB 0x0000000710400000| Untracked 
|  97|0x0000000710600000, 0x0000000710600000, 0x0000000710800000|  0%| F|  |TAMS 0x0000000710600000| PB 0x0000000710600000| Untracked 
|  98|0x0000000710800000, 0x0000000710800000, 0x0000000710a00000|  0%| F|  |TAMS 0x0000000710800000| PB 0x0000000710800000| Untracked 
|  99|0x0000000710a00000, 0x0000000710a00000, 0x0000000710c00000|  0%| F|  |TAMS 0x0000000710a00000| PB 0x0000000710a00000| Untracked 
| 100|0x0000000710c00000, 0x0000000710c00000, 0x0000000710e00000|  0%| F|  |TAMS 0x0000000710c00000| PB 0x0000000710c00000| Untracked 
| 101|0x0000000710e00000, 0x0000000710e00000, 0x0000000711000000|  0%| F|  |TAMS 0x0000000710e00000| PB 0x0000000710e00000| Untracked 
| 102|0x0000000711000000, 0x0000000711000000, 0x0000000711200000|  0%| F|  |TAMS 0x0000000711000000| PB 0x0000000711000000| Untracked 
| 103|0x0000000711200000, 0x0000000711200000, 0x0000000711400000|  0%| F|  |TAMS 0x0000000711200000| PB 0x0000000711200000| Untracked 
| 104|0x0000000711400000, 0x0000000711400000, 0x0000000711600000|  0%| F|  |TAMS 0x0000000711400000| PB 0x0000000711400000| Untracked 
| 105|0x0000000711600000, 0x0000000711600000, 0x0000000711800000|  0%| F|  |TAMS 0x0000000711600000| PB 0x0000000711600000| Untracked 
| 106|0x0000000711800000, 0x0000000711800000, 0x0000000711a00000|  0%| F|  |TAMS 0x0000000711800000| PB 0x0000000711800000| Untracked 
| 107|0x0000000711a00000, 0x0000000711a00000, 0x0000000711c00000|  0%| F|  |TAMS 0x0000000711a00000| PB 0x0000000711a00000| Untracked 
| 108|0x0000000711c00000, 0x0000000711c68490, 0x0000000711e00000| 20%| S|CS|TAMS 0x0000000711c00000| PB 0x0000000711c00000| Complete 
| 109|0x0000000711e00000, 0x0000000712000000, 0x0000000712000000|100%| S|CS|TAMS 0x0000000711e00000| PB 0x0000000711e00000| Complete 
| 110|0x0000000712000000, 0x0000000712000000, 0x0000000712200000|  0%| F|  |TAMS 0x0000000712000000| PB 0x0000000712000000| Untracked 
| 111|0x0000000712200000, 0x0000000712200000, 0x0000000712400000|  0%| F|  |TAMS 0x0000000712200000| PB 0x0000000712200000| Untracked 
| 112|0x0000000712400000, 0x0000000712400000, 0x0000000712600000|  0%| F|  |TAMS 0x0000000712400000| PB 0x0000000712400000| Untracked 
| 113|0x0000000712600000, 0x0000000712600000, 0x0000000712800000|  0%| F|  |TAMS 0x0000000712600000| PB 0x0000000712600000| Untracked 
| 114|0x0000000712800000, 0x0000000712800000, 0x0000000712a00000|  0%| F|  |TAMS 0x0000000712800000| PB 0x0000000712800000| Untracked 
| 115|0x0000000712a00000, 0x0000000712aa2b90, 0x0000000712c00000| 31%| E|  |TAMS 0x0000000712a00000| PB 0x0000000712a00000| Complete 
| 116|0x0000000712c00000, 0x0000000712e00000, 0x0000000712e00000|100%| E|CS|TAMS 0x0000000712c00000| PB 0x0000000712c00000| Complete 
| 117|0x0000000712e00000, 0x0000000713000000, 0x0000000713000000|100%| E|CS|TAMS 0x0000000712e00000| PB 0x0000000712e00000| Complete 
| 118|0x0000000713000000, 0x0000000713200000, 0x0000000713200000|100%| E|CS|TAMS 0x0000000713000000| PB 0x0000000713000000| Complete 
| 119|0x0000000713200000, 0x0000000713400000, 0x0000000713400000|100%| E|CS|TAMS 0x0000000713200000| PB 0x0000000713200000| Complete 
| 120|0x0000000713400000, 0x0000000713600000, 0x0000000713600000|100%| E|CS|TAMS 0x0000000713400000| PB 0x0000000713400000| Complete 
| 121|0x0000000713600000, 0x0000000713800000, 0x0000000713800000|100%| E|CS|TAMS 0x0000000713600000| PB 0x0000000713600000| Complete 
| 122|0x0000000713800000, 0x0000000713a00000, 0x0000000713a00000|100%| E|CS|TAMS 0x0000000713800000| PB 0x0000000713800000| Complete 
| 123|0x0000000713a00000, 0x0000000713c00000, 0x0000000713c00000|100%| E|CS|TAMS 0x0000000713a00000| PB 0x0000000713a00000| Complete 
| 124|0x0000000713c00000, 0x0000000713e00000, 0x0000000713e00000|100%| E|CS|TAMS 0x0000000713c00000| PB 0x0000000713c00000| Complete 
| 125|0x0000000713e00000, 0x0000000714000000, 0x0000000714000000|100%| E|CS|TAMS 0x0000000713e00000| PB 0x0000000713e00000| Complete 

Card table byte_map: [0x000002734d150000,0x000002734d930000] _byte_map_base: 0x000002734992e000

Marking Bits: (CMBitMap*) 0x0000027335039ef0
 Bits: [0x000002734d930000, 0x0000027351820000)

Polling page: 0x0000027332c30000

Metaspace:

Usage:
  Non-class:     15.54 MB used.
      Class:      2.19 MB used.
       Both:     17.73 MB used.

Virtual space:
  Non-class space:       64.00 MB reserved,      15.69 MB ( 25%) committed,  1 nodes.
      Class space:        1.00 GB reserved,       2.31 MB ( <1%) committed,  1 nodes.
             Both:        1.06 GB reserved,      18.00 MB (  2%) committed. 

Chunk freelists:
   Non-Class:  336.00 KB
       Class:  13.69 MB
        Both:  14.02 MB

MaxMetaspaceSize: unlimited
CompressedClassSpaceSize: 1.00 GB
Initial GC threshold: 21.00 MB
Current GC threshold: 21.00 MB
CDS: on
 - commit_granule_bytes: 65536.
 - commit_granule_words: 8192.
 - virtual_space_node_default_size: 8388608.
 - enlarge_chunks_in_place: 1.
 - use_allocation_guard: 0.


Internal statistics:

num_allocs_failed_limit: 0.
num_arena_births: 262.
num_arena_deaths: 0.
num_vsnodes_births: 2.
num_vsnodes_deaths: 0.
num_space_committed: 288.
num_space_uncommitted: 0.
num_chunks_returned_to_freelist: 0.
num_chunks_taken_from_freelist: 884.
num_chunk_merges: 0.
num_chunk_splits: 584.
num_chunks_enlarged: 419.
num_inconsistent_stats: 0.

CodeHeap 'non-profiled nmethods': size=120000Kb used=958Kb max_used=958Kb free=119041Kb
 bounds [0x0000027344ef0000, 0x0000027345160000, 0x000002734c420000]
CodeHeap 'profiled nmethods': size=120000Kb used=4234Kb max_used=4234Kb free=115766Kb
 bounds [0x000002733d420000, 0x000002733d850000, 0x0000027344950000]
CodeHeap 'non-nmethods': size=5760Kb used=1439Kb max_used=1481Kb free=4320Kb
 bounds [0x0000027344950000, 0x0000027344bc0000, 0x0000027344ef0000]
 total_blobs=2830 nmethods=2305 adapters=429
 compilation: enabled
              stopped_count=0, restarted_count=0
 full_count=0

Compilation events (20 events):
Event: 3.663 Thread 0x0000027354759bc0 2298       4       java.lang.Integer::getChars (121 bytes)
Event: 3.668 Thread 0x0000027354759bc0 nmethod 2298 0x0000027344fdc710 code [0x0000027344fdc8c0, 0x0000027344fdcbd8]
Event: 3.668 Thread 0x0000027354759bc0 2299       4       java.lang.ClassLoader::getClassLoadingLock (35 bytes)
Event: 3.670 Thread 0x00000273545e8b00 nmethod 2294 0x0000027344fdce10 code [0x0000027344fdd000, 0x0000027344fddaa0]
Event: 3.671 Thread 0x00000273545e8b00 2300   !   4       jdk.internal.loader.BuiltinClassLoader::loadClassOrNull (143 bytes)
Event: 3.671 Thread 0x0000027354759bc0 nmethod 2299 0x0000027344fddf90 code [0x0000027344fde120, 0x0000027344fde280]
Event: 3.673 Thread 0x0000027354759bc0 2301       4       jdk.internal.loader.BuiltinClassLoader::findLoadedModule (33 bytes)
Event: 3.673 Thread 0x00000273545f21d0 2302       3       jdk.internal.org.objectweb.asm.SymbolTable::<init> (41 bytes)
Event: 3.673 Thread 0x00000273545f21d0 nmethod 2302 0x000002733d83b790 code [0x000002733d83b960, 0x000002733d83bee8]
Event: 3.674 Thread 0x00000273545f21d0 2303       3       java.lang.String::compareTo (9 bytes)
Event: 3.674 Thread 0x00000273545f21d0 nmethod 2303 0x000002733d83c010 code [0x000002733d83c1c0, 0x000002733d83c3f0]
Event: 3.674 Thread 0x00000273545f21d0 2304       3       java.util.TreeMap::setColor (10 bytes)
Event: 3.674 Thread 0x00000273545f21d0 nmethod 2304 0x000002733d83c490 code [0x000002733d83c620, 0x000002733d83c750]
Event: 3.674 Thread 0x00000273545f21d0 2305       3       java.util.TreeMap::leftOf (13 bytes)
Event: 3.674 Thread 0x00000273545f21d0 nmethod 2305 0x000002733d83c810 code [0x000002733d83c9c0, 0x000002733d83cb30]
Event: 3.674 Thread 0x00000273545f21d0 2306       3       org.apache.commons.logging.LogAdapter$Slf4jLog::isTraceEnabled (10 bytes)
Event: 3.674 Thread 0x00000273545f21d0 nmethod 2306 0x000002733d83cc10 code [0x000002733d83cdc0, 0x000002733d83cfb0]
Event: 3.675 Thread 0x00000273545f21d0 2307       1       java.lang.Enum::name (5 bytes)
Event: 3.675 Thread 0x00000273545f21d0 nmethod 2307 0x0000027344fde390 code [0x0000027344fde520, 0x0000027344fde5f0]
Event: 3.680 Thread 0x00000273545f21d0 2308       3       org.springframework.boot.autoconfigure.AutoConfigurationMetadataLoader$PropertiesAutoConfigurationMetadata::get (28 bytes)

GC Heap History (4 events):
Event: 0.736 GC heap before
{Heap before GC invocations=0 (full 0):
 garbage-first heap   total 258048K, used 20480K [0x0000000704400000, 0x0000000800000000)
  region size 2048K, 11 young (22528K), 0 survivors (0K)
 Metaspace       used 6202K, committed 6464K, reserved 1114112K
  class space    used 708K, committed 832K, reserved 1048576K
}
Event: 0.740 GC heap after
{Heap after GC invocations=1 (full 0):
 garbage-first heap   total 258048K, used 6455K [0x0000000704400000, 0x0000000800000000)
  region size 2048K, 2 young (4096K), 2 survivors (4096K)
 Metaspace       used 6202K, committed 6464K, reserved 1114112K
  class space    used 708K, committed 832K, reserved 1048576K
}
Event: 3.386 GC heap before
{Heap before GC invocations=1 (full 0):
 garbage-first heap   total 258048K, used 35127K [0x0000000704400000, 0x0000000800000000)
  region size 2048K, 16 young (32768K), 2 survivors (4096K)
 Metaspace       used 13568K, committed 13824K, reserved 1114112K
  class space    used 1790K, committed 1920K, reserved 1048576K
}
Event: 3.391 GC heap after
{Heap after GC invocations=2 (full 0):
 garbage-first heap   total 258048K, used 8895K [0x0000000704400000, 0x0000000800000000)
  region size 2048K, 2 young (4096K), 2 survivors (4096K)
 Metaspace       used 13568K, committed 13824K, reserved 1114112K
  class space    used 1790K, committed 1920K, reserved 1048576K
}

Dll operation events (10 events):
Event: 0.013 Loaded shared library C:\Users\tradi\.jdks\openjdk-21.0.2\bin\java.dll
Event: 0.046 Loaded shared library C:\Users\tradi\.jdks\openjdk-21.0.2\bin\jsvml.dll
Event: 0.115 Loaded shared library C:\Users\tradi\.jdks\openjdk-21.0.2\bin\zip.dll
Event: 0.119 Loaded shared library C:\Users\tradi\.jdks\openjdk-21.0.2\bin\instrument.dll
Event: 0.126 Loaded shared library C:\Users\tradi\.jdks\openjdk-21.0.2\bin\net.dll
Event: 0.127 Loaded shared library C:\Users\tradi\.jdks\openjdk-21.0.2\bin\nio.dll
Event: 0.130 Loaded shared library C:\Users\tradi\.jdks\openjdk-21.0.2\bin\zip.dll
Event: 0.259 Loaded shared library C:\Program Files\JetBrains\IntelliJ IDEA Community Edition 2023.3.2\bin\breakgen64.dll
Event: 0.269 Loaded shared library C:\Users\tradi\.jdks\openjdk-21.0.2\bin\extnet.dll
Event: 0.314 Loaded shared library C:\Users\tradi\.jdks\openjdk-21.0.2\bin\jimage.dll

Deoptimization events (20 events):
Event: 3.554 Thread 0x000002739a3d3ff0 DEOPT PACKING pc=0x0000027344f09a08 sp=0x000000e9bd8fdc00
Event: 3.554 Thread 0x000002739a3d3ff0 DEOPT UNPACKING pc=0x00000273449a46a2 sp=0x000000e9bd8fdb38 mode 2
Event: 3.554 Thread 0x000002739a3d3ff0 Uncommon trap: trap_request=0xffffff45 fr.pc=0x0000027344f0f9f4 relative=0x0000000000000494
Event: 3.554 Thread 0x000002739a3d3ff0 Uncommon trap: reason=unstable_if action=reinterpret pc=0x0000027344f0f9f4 method=java.lang.AbstractStringBuilder.isLatin1()Z @ 10 c2
Event: 3.554 Thread 0x000002739a3d3ff0 DEOPT PACKING pc=0x0000027344f0f9f4 sp=0x000000e9bd8fdc10
Event: 3.554 Thread 0x000002739a3d3ff0 DEOPT UNPACKING pc=0x00000273449a46a2 sp=0x000000e9bd8fdba0 mode 2
Event: 3.554 Thread 0x000002739a3d3ff0 Uncommon trap: trap_request=0xffffff45 fr.pc=0x0000027344f6398c relative=0x000000000000006c
Event: 3.554 Thread 0x000002739a3d3ff0 Uncommon trap: reason=unstable_if action=reinterpret pc=0x0000027344f6398c method=java.lang.AbstractStringBuilder.isLatin1()Z @ 10 c2
Event: 3.555 Thread 0x000002739a3d3ff0 DEOPT PACKING pc=0x0000027344f6398c sp=0x000000e9bd8fdc10
Event: 3.555 Thread 0x000002739a3d3ff0 DEOPT UNPACKING pc=0x00000273449a46a2 sp=0x000000e9bd8fdba0 mode 2
Event: 3.557 Thread 0x000002739a3d3ff0 Uncommon trap: trap_request=0xffffff45 fr.pc=0x0000027344f59574 relative=0x0000000000000054
Event: 3.557 Thread 0x000002739a3d3ff0 Uncommon trap: reason=unstable_if action=reinterpret pc=0x0000027344f59574 method=java.lang.CharacterData.of(I)Ljava/lang/CharacterData; @ 4 c2
Event: 3.557 Thread 0x000002739a3d3ff0 DEOPT PACKING pc=0x0000027344f59574 sp=0x000000e9bd8fd390
Event: 3.557 Thread 0x000002739a3d3ff0 DEOPT UNPACKING pc=0x00000273449a46a2 sp=0x000000e9bd8fd328 mode 2
Event: 3.563 Thread 0x0000027332c8c490 DEOPT PACKING pc=0x000002733d790867 sp=0x000000e9bbefe040
Event: 3.563 Thread 0x0000027332c8c490 DEOPT UNPACKING pc=0x00000273449a4e42 sp=0x000000e9bbefd518 mode 0
Event: 3.614 Thread 0x0000027332c8c490 DEOPT PACKING pc=0x000002733d790867 sp=0x000000e9bbefbf00
Event: 3.614 Thread 0x0000027332c8c490 DEOPT UNPACKING pc=0x00000273449a4e42 sp=0x000000e9bbefb3d8 mode 0
Event: 3.656 Thread 0x0000027332c8c490 DEOPT PACKING pc=0x000002733d790867 sp=0x000000e9bbefc150
Event: 3.656 Thread 0x0000027332c8c490 DEOPT UNPACKING pc=0x00000273449a4e42 sp=0x000000e9bbefb628 mode 0

Classes loaded (20 events):
Event: 3.517 Loading class java/util/concurrent/atomic/AtomicLongArray
Event: 3.517 Loading class java/util/concurrent/atomic/AtomicLongArray done
Event: 3.517 Loading class java/lang/invoke/VarHandleLongs$Array
Event: 3.517 Loading class java/lang/invoke/VarHandleLongs$Array done
Event: 3.518 Loading class java/util/concurrent/atomic/AtomicReferenceArray
Event: 3.518 Loading class java/util/concurrent/atomic/AtomicReferenceArray done
Event: 3.518 Loading class java/lang/invoke/VarHandleReferences$Array
Event: 3.518 Loading class java/lang/invoke/VarHandleReferences$Array done
Event: 3.552 Loading class sun/text/resources/cldr/FormatData_en
Event: 3.553 Loading class sun/text/resources/cldr/FormatData_en done
Event: 3.553 Loading class sun/text/resources/cldr/FormatData_en_US
Event: 3.553 Loading class sun/text/resources/cldr/FormatData_en_US done
Event: 3.579 Loading class java/io/CharArrayReader
Event: 3.579 Loading class java/io/CharArrayReader done
Event: 3.588 Loading class java/lang/Thread$ThreadNumbering
Event: 3.588 Loading class java/lang/Thread$ThreadNumbering done
Event: 3.613 Loading class javax/naming/ldap/LdapContext
Event: 3.613 Loading class javax/naming/directory/DirContext
Event: 3.614 Loading class javax/naming/directory/DirContext done
Event: 3.614 Loading class javax/naming/ldap/LdapContext done

Classes unloaded (0 events):
No events

Classes redefined (0 events):
No events

Internal exceptions (20 events):
Event: 0.842 Thread 0x0000027332c8c490 Exception <a 'java/lang/NoSuchMethodError'{0x0000000713a60e48}: 'int java.lang.invoke.DirectMethodHandle$Holder.invokeVirtual(java.lang.Object, java.lang.Object)'> (0x0000000713a60e48) 
thrown [s\open\src\hotspot\share\interpreter\linkResolver.cpp, line 773]
Event: 0.861 Thread 0x0000027332c8c490 Exception <a 'java/lang/NoSuchMethodError'{0x0000000713b007d0}: 'java.lang.Object java.lang.invoke.DirectMethodHandle$Holder.invokeSpecial(java.lang.Object, java.lang.Object, java.lang.Object, int, java.lang.Object)'> (0x0000000713b007d0) 
thrown [s\open\src\hotspot\share\interpreter\linkResolver.cpp, line 773]
Event: 0.862 Thread 0x0000027332c8c490 Exception <a 'java/lang/NoSuchMethodError'{0x0000000713b08480}: 'java.lang.Object java.lang.invoke.DirectMethodHandle$Holder.newInvokeSpecial(java.lang.Object, java.lang.Object, java.lang.Object, int, java.lang.Object)'> (0x0000000713b08480) 
thrown [s\open\src\hotspot\share\interpreter\linkResolver.cpp, line 773]
Event: 0.862 Thread 0x0000027332c8c490 Exception <a 'java/lang/NoSuchMethodError'{0x0000000713b0f938}: 'java.lang.Object java.lang.invoke.Invokers$Holder.linkToTargetMethod(java.lang.Object, java.lang.Object, int, java.lang.Object, java.lang.Object)'> (0x0000000713b0f938) 
thrown [s\open\src\hotspot\share\interpreter\linkResolver.cpp, line 773]
Event: 0.864 Thread 0x0000027332c8c490 Exception <a 'java/lang/NoSuchMethodError'{0x0000000713b1d348}: 'java.lang.Object java.lang.invoke.DirectMethodHandle$Holder.newInvokeSpecial(java.lang.Object, int, java.lang.Object)'> (0x0000000713b1d348) 
thrown [s\open\src\hotspot\share\interpreter\linkResolver.cpp, line 773]
Event: 0.864 Thread 0x0000027332c8c490 Exception <a 'java/lang/NoSuchMethodError'{0x0000000713b21cf8}: 'int java.lang.invoke.DirectMethodHandle$Holder.invokeSpecialIFC(java.lang.Object, java.lang.Object, java.lang.Object, java.lang.Object)'> (0x0000000713b21cf8) 
thrown [s\open\src\hotspot\share\interpreter\linkResolver.cpp, line 773]
Event: 0.880 Thread 0x0000027332c8c490 Exception <a 'java/lang/NoSuchMethodError'{0x0000000713bfe620}: 'void java.lang.invoke.DirectMethodHandle$Holder.invokeInterface(java.lang.Object, java.lang.Object, java.lang.Object)'> (0x0000000713bfe620) 
thrown [s\open\src\hotspot\share\interpreter\linkResolver.cpp, line 773]
Event: 0.896 Thread 0x0000027332c8c490 Exception <a 'java/lang/NoSuchMethodError'{0x0000000713888fd8}: 'void java.lang.invoke.DirectMethodHandle$Holder.invokeStaticInit(java.lang.Object, java.lang.Object, java.lang.Object)'> (0x0000000713888fd8) 
thrown [s\open\src\hotspot\share\interpreter\linkResolver.cpp, line 773]
Event: 0.903 Thread 0x0000027332c8c490 Exception <a 'java/lang/NoSuchMethodError'{0x00000007138cc268}: 'java.lang.Object java.lang.invoke.DirectMethodHandle$Holder.invokeStatic(java.lang.Object, long, java.lang.Object)'> (0x00000007138cc268) 
thrown [s\open\src\hotspot\share\interpreter\linkResolver.cpp, line 773]
Event: 0.903 Thread 0x0000027332c8c490 Exception <a 'java/lang/NoSuchMethodError'{0x00000007138cf8c0}: 'java.lang.Object java.lang.invoke.DirectMethodHandle$Holder.invokeStaticInit(java.lang.Object, long, java.lang.Object)'> (0x00000007138cf8c0) 
thrown [s\open\src\hotspot\share\interpreter\linkResolver.cpp, line 773]
Event: 0.903 Thread 0x0000027332c8c490 Exception <a 'java/lang/NoSuchMethodError'{0x00000007138d5060}: 'java.lang.Object java.lang.invoke.DirectMethodHandle$Holder.newInvokeSpecial(java.lang.Object, long)'> (0x00000007138d5060) 
thrown [s\open\src\hotspot\share\interpreter\linkResolver.cpp, line 773]
Event: 0.919 Thread 0x0000027332c8c490 Exception <a 'java/lang/NoSuchMethodError'{0x0000000713936268}: 'void java.lang.invoke.DirectMethodHandle$Holder.invokeVirtual(java.lang.Object, java.lang.Object, java.lang.Object, java.lang.Object)'> (0x0000000713936268) 
thrown [s\open\src\hotspot\share\interpreter\linkResolver.cpp, line 773]
Event: 0.959 Thread 0x0000027332c8c490 Exception <a 'java/lang/NoSuchMethodError'{0x0000000713684838}: 'void java.lang.invoke.DirectMethodHandle$Holder.invokeSpecial(java.lang.Object, java.lang.Object, java.lang.Object)'> (0x0000000713684838) 
thrown [s\open\src\hotspot\share\interpreter\linkResolver.cpp, line 773]
Event: 0.964 Thread 0x0000027332c8c490 Exception <a 'java/lang/IncompatibleClassChangeError'{0x00000007136d66b0}: Found class java.lang.Object, but interface was expected> (0x00000007136d66b0) 
thrown [s\open\src\hotspot\share\interpreter\linkResolver.cpp, line 840]
Event: 0.968 Thread 0x0000027332c8c490 Exception <a 'java/lang/NoSuchMethodError'{0x00000007136ec0b8}: 'java.lang.Object java.lang.invoke.DirectMethodHandle$Holder.invokeStaticInit(java.lang.Object, int)'> (0x00000007136ec0b8) 
thrown [s\open\src\hotspot\share\interpreter\linkResolver.cpp, line 773]
Event: 0.972 Thread 0x0000027332c8c490 Exception <a 'java/lang/NoSuchMethodError'{0x00000007136f6250}: 'java.lang.Object java.lang.invoke.DirectMethodHandle$Holder.invokeStatic(java.lang.Object, int, java.lang.Object)'> (0x00000007136f6250) 
thrown [s\open\src\hotspot\share\interpreter\linkResolver.cpp, line 773]
Event: 0.973 Thread 0x0000027332c8c490 Exception <a 'java/lang/NoSuchMethodError'{0x00000007136f98a0}: 'java.lang.Object java.lang.invoke.DirectMethodHandle$Holder.invokeStaticInit(java.lang.Object, int, java.lang.Object)'> (0x00000007136f98a0) 
thrown [s\open\src\hotspot\share\interpreter\linkResolver.cpp, line 773]
Event: 3.395 Thread 0x0000027332c8c490 Exception <a 'java/lang/NoSuchMethodError'{0x0000000713e1ab08}: 'java.lang.Object java.lang.invoke.DirectMethodHandle$Holder.invokeVirtual(java.lang.Object, java.lang.Object, java.lang.Object)'> (0x0000000713e1ab08) 
thrown [s\open\src\hotspot\share\interpreter\linkResolver.cpp, line 773]
Event: 3.399 Thread 0x0000027332c8c490 Exception <a 'java/lang/NoSuchMethodError'{0x0000000713e33c50}: 'int java.lang.invoke.DirectMethodHandle$Holder.invokeSpecial(java.lang.Object, java.lang.Object, java.lang.Object, java.lang.Object, java.lang.Object)'> (0x0000000713e33c50) 
thrown [s\open\src\hotspot\share\interpreter\linkResolver.cpp, line 773]
Event: 3.403 Thread 0x0000027332c8c490 Exception <a 'java/lang/NoSuchMethodError'{0x0000000713e3bf50}: 'void java.lang.invoke.DirectMethodHandle$Holder.invokeVirtual(java.lang.Object, java.lang.Object)'> (0x0000000713e3bf50) 
thrown [s\open\src\hotspot\share\interpreter\linkResolver.cpp, line 773]

ZGC Phase Switch (0 events):
No events

VM Operations (20 events):
Event: 0.954 Executing VM operation: HandshakeAllThreads (Deoptimize) done
Event: 0.956 Executing VM operation: HandshakeAllThreads (Deoptimize)
Event: 0.956 Executing VM operation: HandshakeAllThreads (Deoptimize) done
Event: 0.957 Executing VM operation: HandshakeAllThreads (Deoptimize)
Event: 0.957 Executing VM operation: HandshakeAllThreads (Deoptimize) done
Event: 0.974 Executing VM operation: ICBufferFull
Event: 0.974 Executing VM operation: ICBufferFull done
Event: 1.977 Executing VM operation: Cleanup
Event: 1.977 Executing VM operation: Cleanup done
Event: 2.269 Executing VM operation: HandshakeAllThreads (Deoptimize)
Event: 2.269 Executing VM operation: HandshakeAllThreads (Deoptimize) done
Event: 3.275 Executing VM operation: Cleanup
Event: 3.310 Executing VM operation: Cleanup done
Event: 3.359 Executing VM operation: HandshakeAllThreads (Deoptimize)
Event: 3.369 Executing VM operation: HandshakeAllThreads (Deoptimize) done
Event: 3.386 Executing VM operation: G1CollectForAllocation (G1 Evacuation Pause)
Event: 3.391 Executing VM operation: G1CollectForAllocation (G1 Evacuation Pause) done
Event: 3.557 Executing VM operation: HandshakeAllThreads (Deoptimize)
Event: 3.557 Executing VM operation: HandshakeAllThreads (Deoptimize) done
Event: 4.570 Executing VM operation: Cleanup

Events (17 events):
Event: 0.027 Thread 0x0000027332c8c490 Thread added: 0x0000027332c8c490
Event: 0.043 Thread 0x0000027353c25c40 Thread added: 0x0000027353c25c40
Event: 0.043 Thread 0x0000027353c283c0 Thread added: 0x0000027353c283c0
Event: 0.044 Thread 0x0000027353c2ada0 Thread added: 0x0000027353c2ada0
Event: 0.044 Thread 0x0000027353c2b670 Thread added: 0x0000027353c2b670
Event: 0.044 Thread 0x0000027353c32f40 Thread added: 0x0000027353c32f40
Event: 0.044 Thread 0x00000273545e8090 Thread added: 0x00000273545e8090
Event: 0.044 Thread 0x00000273545e8b00 Thread added: 0x00000273545e8b00
Event: 0.044 Thread 0x00000273545f21d0 Thread added: 0x00000273545f21d0
Event: 0.100 Thread 0x0000027353bf0360 Thread added: 0x0000027353bf0360
Event: 0.114 Thread 0x0000027354759bc0 Thread added: 0x0000027354759bc0
Event: 0.260 Thread 0x000002739a1606b0 Thread added: 0x000002739a1606b0
Event: 0.260 Thread 0x000002739a162d30 Thread added: 0x000002739a162d30
Event: 0.962 Thread 0x000002739a3d3ff0 Thread added: 0x000002739a3d3ff0
Event: 3.583 Thread 0x000002739a98dab0 Thread added: 0x000002739a98dab0
Event: 3.588 Thread 0x000002739a3d4680 Thread added: 0x000002739a3d4680
Event: 3.644 Thread 0x000002739a3d4680 Thread exited: 0x000002739a3d4680


Dynamic libraries:
0x00007ff611a90000 - 0x00007ff611a9e000 	C:\Users\tradi\.jdks\openjdk-21.0.2\bin\java.exe
0x00007ff867ee0000 - 0x00007ff868143000 	C:\WINDOWS\SYSTEM32\ntdll.dll
0x00007ff866250000 - 0x00007ff866317000 	C:\WINDOWS\System32\KERNEL32.DLL
0x00007ff865800000 - 0x00007ff865bc7000 	C:\WINDOWS\System32\KERNELBASE.dll
0x00007ff865bd0000 - 0x00007ff865d1c000 	C:\WINDOWS\System32\ucrtbase.dll
0x00007ff808ea0000 - 0x00007ff808eb8000 	C:\Users\tradi\.jdks\openjdk-21.0.2\bin\jli.dll
0x00007ff8670a0000 - 0x00007ff867269000 	C:\WINDOWS\System32\USER32.dll
0x00007ff865400000 - 0x00007ff865427000 	C:\WINDOWS\System32\win32u.dll
0x00007ff866220000 - 0x00007ff86624a000 	C:\WINDOWS\System32\GDI32.dll
0x00007ff8654e0000 - 0x00007ff86560b000 	C:\WINDOWS\System32\gdi32full.dll
0x00007ff865430000 - 0x00007ff8654d3000 	C:\WINDOWS\System32\msvcp_win.dll
0x00007ff808e80000 - 0x00007ff808e9b000 	C:\Users\tradi\.jdks\openjdk-21.0.2\bin\VCRUNTIME140.dll
0x00007ff84f2e0000 - 0x00007ff84f570000 	C:\WINDOWS\WinSxS\amd64_microsoft.windows.common-controls_6595b64144ccf1df_6.0.26100.3037_none_3e09262ce333c378\COMCTL32.dll
0x00007ff866320000 - 0x00007ff8663c9000 	C:\WINDOWS\System32\msvcrt.dll
0x00007ff865dd0000 - 0x00007ff865dff000 	C:\WINDOWS\System32\IMM32.DLL
0x00007ff808e70000 - 0x00007ff808e7c000 	C:\Users\tradi\.jdks\openjdk-21.0.2\bin\vcruntime140_1.dll
0x00007ff808de0000 - 0x00007ff808e6e000 	C:\Users\tradi\.jdks\openjdk-21.0.2\bin\msvcp140.dll
0x00007ff8080c0000 - 0x00007ff808dd7000 	C:\Users\tradi\.jdks\openjdk-21.0.2\bin\server\jvm.dll
0x00007ff866fe0000 - 0x00007ff867094000 	C:\WINDOWS\System32\ADVAPI32.dll
0x00007ff865d20000 - 0x00007ff865dc6000 	C:\WINDOWS\System32\sechost.dll
0x00007ff866c70000 - 0x00007ff866d86000 	C:\WINDOWS\System32\RPCRT4.dll
0x00007ff8669d0000 - 0x00007ff866a44000 	C:\WINDOWS\System32\WS2_32.dll
0x00007ff865110000 - 0x00007ff86515e000 	C:\WINDOWS\SYSTEM32\POWRPROF.dll
0x00007ff859630000 - 0x00007ff859666000 	C:\WINDOWS\SYSTEM32\WINMM.dll
0x00007ff84dcd0000 - 0x00007ff84dcdb000 	C:\WINDOWS\SYSTEM32\VERSION.dll
0x00007ff8650f0000 - 0x00007ff865104000 	C:\WINDOWS\SYSTEM32\UMPDC.dll
0x00007ff863fe0000 - 0x00007ff863ffa000 	C:\WINDOWS\SYSTEM32\kernel.appcore.dll
0x00007ff8080b0000 - 0x00007ff8080ba000 	C:\Users\tradi\.jdks\openjdk-21.0.2\bin\jimage.dll
0x00007ff862a60000 - 0x00007ff862ca1000 	C:\WINDOWS\SYSTEM32\DBGHELP.DLL
0x00007ff867270000 - 0x00007ff8675ee000 	C:\WINDOWS\System32\combase.dll
0x00007ff867dc0000 - 0x00007ff867e96000 	C:\WINDOWS\System32\OLEAUT32.dll
0x00007ff842130000 - 0x00007ff842169000 	C:\WINDOWS\SYSTEM32\dbgcore.DLL
0x00007ff865760000 - 0x00007ff8657f9000 	C:\WINDOWS\System32\bcryptPrimitives.dll
0x00007ff85f310000 - 0x00007ff85f31f000 	C:\Users\tradi\.jdks\openjdk-21.0.2\bin\instrument.dll
0x00007ff808090000 - 0x00007ff8080af000 	C:\Users\tradi\.jdks\openjdk-21.0.2\bin\java.dll
0x00007ff867600000 - 0x00007ff867d04000 	C:\WINDOWS\System32\SHELL32.dll
0x00007ff862f40000 - 0x00007ff863777000 	C:\WINDOWS\SYSTEM32\windows.storage.dll
0x00007ff866130000 - 0x00007ff866219000 	C:\WINDOWS\System32\SHCORE.dll
0x00007ff865e10000 - 0x00007ff865e6d000 	C:\WINDOWS\System32\shlwapi.dll
0x00007ff865190000 - 0x00007ff8651be000 	C:\WINDOWS\SYSTEM32\profapi.dll
0x00007ff807d60000 - 0x00007ff807e37000 	C:\Users\tradi\.jdks\openjdk-21.0.2\bin\jsvml.dll
0x00007ff807d10000 - 0x00007ff807d28000 	C:\Users\tradi\.jdks\openjdk-21.0.2\bin\zip.dll
0x00007ff808080000 - 0x00007ff808090000 	C:\Users\tradi\.jdks\openjdk-21.0.2\bin\net.dll
0x00007ff85bef0000 - 0x00007ff85c00e000 	C:\WINDOWS\SYSTEM32\WINHTTP.dll
0x00007ff864570000 - 0x00007ff8645da000 	C:\WINDOWS\system32\mswsock.dll
0x00007ff808060000 - 0x00007ff808076000 	C:\Users\tradi\.jdks\openjdk-21.0.2\bin\nio.dll
0x00007ff85d3c0000 - 0x00007ff85d3da000 	C:\Program Files\JetBrains\IntelliJ IDEA Community Edition 2023.3.2\bin\breakgen64.dll
0x00007ff808020000 - 0x00007ff808029000 	C:\Users\tradi\.jdks\openjdk-21.0.2\bin\extnet.dll

dbghelp: loaded successfully - version: 4.0.5 - missing functions: none
symbol engine: initialized successfully - sym options: 0x614 - pdb path: .;C:\Users\tradi\.jdks\openjdk-21.0.2\bin;C:\WINDOWS\SYSTEM32;C:\WINDOWS\WinSxS\amd64_microsoft.windows.common-controls_6595b64144ccf1df_6.0.26100.3037_none_3e09262ce333c378;C:\Users\tradi\.jdks\openjdk-21.0.2\bin\server;C:\Program Files\JetBrains\IntelliJ IDEA Community Edition 2023.3.2\bin

VM Arguments:
jvm_args: -javaagent:C:\Program Files\JetBrains\IntelliJ IDEA Community Edition 2023.3.2\lib\idea_rt.jar=55293:C:\Program Files\JetBrains\IntelliJ IDEA Community Edition 2023.3.2\bin -Dfile.encoding=UTF-8 -Dsun.stdout.encoding=UTF-8 -Dsun.stderr.encoding=UTF-8 
java_command: com.fooddelivery.FooddeliveryApplication C:/Users/tradi/.m2/repository
java_class_path (initial): C:\Users\tradi\Downloads\fooddelivery\fooddelivery\target\classes;C:\Users\tradi\.m2\repository\org\springframework\boot\spring-boot-starter-data-jpa\3.3.5\spring-boot-starter-data-jpa-3.3.5.jar;C:\Users\tradi\.m2\repository\org\springframework\boot\spring-boot-starter-aop\3.3.5\spring-boot-starter-aop-3.3.5.jar;C:\Users\tradi\.m2\repository\org\springframework\spring-aop\6.1.14\spring-aop-6.1.14.jar;C:\Users\tradi\.m2\repository\org\aspectj\aspectjweaver\1.9.22.1\aspectjweaver-1.9.22.1.jar;C:\Users\tradi\.m2\repository\org\springframework\boot\spring-boot-starter-jdbc\3.3.5\spring-boot-starter-jdbc-3.3.5.jar;C:\Users\tradi\.m2\repository\com\zaxxer\HikariCP\5.1.0\HikariCP-5.1.0.jar;C:\Users\tradi\.m2\repository\org\springframework\spring-jdbc\6.1.14\spring-jdbc-6.1.14.jar;C:\Users\tradi\.m2\repository\org\hibernate\orm\hibernate-core\6.5.3.Final\hibernate-core-6.5.3.Final.jar;C:\Users\tradi\.m2\repository\jakarta\persistence\jakarta.persistence-api\3.1.0\jakarta.persistence-api-3.1.0.jar;C:\Users\tradi\.m2\repository\jakarta\transaction\jakarta.transaction-api\2.0.1\jakarta.transaction-api-2.0.1.jar;C:\Users\tradi\.m2\repository\org\jboss\logging\jboss-logging\3.5.3.Final\jboss-logging-3.5.3.Final.jar;C:\Users\tradi\.m2\repository\org\hibernate\common\hibernate-commons-annotations\6.0.6.Final\hibernate-commons-annotations-6.0.6.Final.jar;C:\Users\tradi\.m2\repository\io\smallrye\jandex\3.1.2\jandex-3.1.2.jar;C:\Users\tradi\.m2\repository\com\fasterxml\classmate\1.7.0\classmate-1.7.0.jar;C:\Users\tradi\.m2\repository\net\bytebuddy\byte-buddy\1.14.19\byte-buddy-1.14.19.jar;C:\Users\tradi\.m2\repository\org\glassfish\jaxb\jaxb-runtime\4.0.5\jaxb-runtime-4.0.5.jar;C:\Users\tradi\.m2\repository\org\glassfish\jaxb\jaxb-core\4.0.5\jaxb-core-4.0.5.jar;C:\Users\tradi\.m2\repository\org\eclipse\angus\angus-activation\2.0.2\angus-activation-2.0.2.jar;C:\Users\tradi\.m2\repository\org\glassfish\jaxb\txw2\4.0.5\txw2-4.0.5.jar;C:\Users\tradi\.m2\repository\com\sun\istack\istack-commons-runtime\4.1.2\istack-commons-runtime-4.1.2.jar;C:\Users\tradi\.m2\repository\jakarta\inject\jakarta.inject-api\2.0.1\jakarta.inject-api-2.0.1.jar;C:\Users\tradi\.m2\repository\org\antlr\antlr4-runtime\4.13.0\antlr4-runtime-4.13.0.jar;C:\Users\tradi\.m2\repository\org\springframework\data\spring-data-jpa\3.3.5\spring-data-jpa-3.3.5.jar;C:\Users\tradi\.m2\repository\org\springframework\data\spring-data-commons\3.3.5\spring-data-commons-3.3.5.jar;C:\Users\tradi\.m2\repository\org\springframework\spring-orm\6.1.14\spring-orm-6.1.14.jar;C:\Users\tradi\.m2\repository\org\springframework\spring-context\6.1.14\spring-context-6.1.14.jar;C:\Users\tradi\.m2\repository\org\springframework\spring-tx\6.1.14\spring-tx-6.1.14.jar;C:\Users\tradi\.m2\repository\org\springframework\spring-beans\6.1.14\spring-beans-6.1.14.jar;C:\Users\tradi\.m2\repository\jakarta\annotation\jakarta.annotation-api\2.1.1\jakarta.annotation-api-2.1.1.jar;C:\Users\tradi\.m2\repository\org\slf4j\slf4j-api\2.0.16\slf4j-api-2.0.16.jar;C:\Users\tradi\.m2\repository\org\springframework\spring-aspects\6.1.14\spring-aspects-6.1.14.jar;C:\Users\tradi\.m2\repository\org\springframework\boot\spring-boot-starter-validation\3.3.5\spring-boot-starter-validation-3.3.5.jar;C:\Users\tradi\.m2\repository\org\springframework\boot\spring-boot-starter\3.3.5\spring-boot-starter-3.3.5.jar;C:\Users\tradi\.m2\repository\org\springframework\boot\spring-boot\3.3.5\spring-boot-3.3.5.jar;C:\Users\tradi\.m2\repository\org\springframework\boot\spring-boot-autoconfigure\3.3.5\spring-boot-autoconfigure-3.3.5.jar;C:\Users\tradi\.m2\repository\org\springframework\boot\spring-boot-starter-logging\3.3.5\spring-boot-starter-logging-3.3.5.jar;C:\Users\tradi\.m2\repository\ch\qos\logback\logback-classic\1.5.11\logback-classic-1.5.11.jar;C:\Users\tradi\.m2\repository\ch\qos\logback\logback-core\1.5.11\logback-core-1.5.11.jar;C:\Users\tradi\.m2\repository\org\apache\logging\log4j\log4j-to-slf4j\2.23.1\log4j-to-slf4j-2.23.1.jar;C:\Users\tradi\.m2\repository\org\apache\logging\log4j\log4j-api\2.23.1\log4j-api-2.23.1.jar;C:\Users\tradi\.m2\repository\org\slf4j\jul-to-slf4j\2.0.16\jul-to-slf4j-2.0.16.jar;C:\Users\tradi\.m2\repository\org\yaml\snakeyaml\2.2\snakeyaml-2.2.jar;C:\Users\tradi\.m2\repository\org\apache\tomcat\embed\tomcat-embed-el\10.1.31\tomcat-embed-el-10.1.31.jar;C:\Users\tradi\.m2\repository\org\hibernate\validator\hibernate-validator\8.0.1.Final\hibernate-validator-8.0.1.Final.jar;C:\Users\tradi\.m2\repository\jakarta\validation\jakarta.validation-api\3.0.2\jakarta.validation-api-3.0.2.jar;C:\Users\tradi\.m2\repository\org\springframework\boot\spring-boot-starter-web\3.3.5\spring-boot-starter-web-3.3.5.jar;C:\Users\tradi\.m2\repository\org\springframework\boot\spring-boot-starter-json\3.3.5\spring-boot-starter-json-3.3.5.jar;C:\Users\tradi\.m2\repository\com\fasterxml\jackson\core\jackson-databind\2.17.2\jackson-databind-2.17.2.jar;C:\Users\tradi\.m2\repository\com\fasterxml\jackson\core\jackson-core\2.17.2\jackson-core-2.17.2.jar;C:\Users\tradi\.m2\repository\com\fasterxml\jackson\datatype\jackson-datatype-jdk8\2.17.2\jackson-datatype-jdk8-2.17.2.jar;C:\Users\tradi\.m2\repository\com\fasterxml\jackson\datatype\jackson-datatype-jsr310\2.17.2\jackson-datatype-jsr310-2.17.2.jar;C:\Users\tradi\.m2\repository\com\fasterxml\jackson\module\jackson-module-parameter-names\2.17.2\jackson-module-parameter-names-2.17.2.jar;C:\Users\tradi\.m2\repository\org\springframework\boot\spring-boot-starter-tomcat\3.3.5\spring-boot-starter-tomcat-3.3.5.jar;C:\Users\tradi\.m2\repository\org\apache\tomcat\embed\tomcat-embed-core\10.1.31\tomcat-embed-core-10.1.31.jar;C:\Users\tradi\.m2\repository\org\apache\tomcat\embed\tomcat-embed-websocket\10.1.31\tomcat-embed-websocket-10.1.31.jar;C:\Users\tradi\.m2\repository\org\springframework\spring-web\6.1.14\spring-web-6.1.14.jar;C:\Users\tradi\.m2\repository\io\micrometer\micrometer-observation\1.13.6\micrometer-observation-1.13.6.jar;C:\Users\tradi\.m2\repository\io\micrometer\micrometer-commons\1.13.6\micrometer-commons-1.13.6.jar;C:\Users\tradi\.m2\repository\org\springframework\spring-webmvc\6.1.14\spring-webmvc-6.1.14.jar;C:\Users\tradi\.m2\repository\org\springframework\spring-expression\6.1.14\spring-expression-6.1.14.jar;C:\Users\tradi\.m2\repository\com\mysql\mysql-connector-j\8.3.0\mysql-connector-j-8.3.0.jar;C:\Users\tradi\.m2\repository\org\projectlombok\lombok\1.18.34\lombok-1.18.34.jar;C:\Users\tradi\.m2\repository\com\fasterxml\jackson\core\jackson-annotations\2.17.2\jackson-annotations-2.17.2.jar;C:\Users\tradi\.m2\repository\jakarta\xml\bind\jakarta.xml.bind-api\4.0.2\jakarta.xml.bind-api-4.0.2.jar;C:\Users\tradi\.m2\repository\jakarta\activation\jakarta.activation-api\2.1.3\jakarta.activation-api-2.1.3.jar;C:\Users\tradi\.m2\repository\org\springframework\spring-core\6.1.14\spring-core-6.1.14.jar;C:\Users\tradi\.m2\repository\org\springframework\spring-jcl\6.1.14\spring-jcl-6.1.14.jar
Launcher Type: SUN_STANDARD

[Global flags]
     intx CICompilerCount                          = 4                                         {product} {ergonomic}
     uint ConcGCThreads                            = 3                                         {product} {ergonomic}
     uint G1ConcRefinementThreads                  = 10                                        {product} {ergonomic}
   size_t G1HeapRegionSize                         = 2097152                                   {product} {ergonomic}
    uintx GCDrainStackTargetSize                   = 64                                        {product} {ergonomic}
   size_t InitialHeapSize                          = 264241152                                 {product} {ergonomic}
   size_t MarkStackSize                            = 4194304                                   {product} {ergonomic}
   size_t MaxHeapSize                              = 4223664128                                {product} {ergonomic}
   size_t MaxNewSize                               = 2533359616                                {product} {ergonomic}
   size_t MinHeapDeltaBytes                        = 2097152                                   {product} {ergonomic}
   size_t MinHeapSize                              = 8388608                                   {product} {ergonomic}
    uintx NonNMethodCodeHeapSize                   = 5839372                                {pd product} {ergonomic}
    uintx NonProfiledCodeHeapSize                  = 122909434                              {pd product} {ergonomic}
    uintx ProfiledCodeHeapSize                     = 122909434                              {pd product} {ergonomic}
    uintx ReservedCodeCacheSize                    = 251658240                              {pd product} {ergonomic}
     bool SegmentedCodeCache                       = true                                      {product} {ergonomic}
   size_t SoftMaxHeapSize                          = 4223664128                             {manageable} {ergonomic}
     bool UseCompressedOops                        = true                           {product lp64_product} {ergonomic}
     bool UseG1GC                                  = true                                      {product} {ergonomic}
     bool UseLargePagesIndividualAllocation        = false                                  {pd product} {ergonomic}

Logging:
Log output configuration:
 #0: stdout all=warning uptime,level,tags foldmultilines=false
 #1: stderr all=off uptime,level,tags foldmultilines=false

Environment Variables:
JAVA_HOME=C:\Program Files\Java\jdk-21
PATH=C:\Python312\Scripts\;C:\Python312\;C:\Program Files\Common Files\Oracle\Java\javapath;C:\Program Files (x86)\Common Files\Oracle\Java\javapath;C:\WINDOWS\system32;C:\WINDOWS;C:\WINDOWS\System32\Wbem;C:\WINDOWS\System32\WindowsPowerShell\v1.0\;C:\WINDOWS\System32\OpenSSH\;C:\Program Files\Microsoft SQL Server\150\Tools\Binn\;C:\Program Files\Microsoft SQL Server\Client SDK\ODBC\170\Tools\Binn\;C:\Program Files\dotnet\;C:\maven\apache-maven-3.9.6-bin\apache-maven-3.9.6\bin;C:\ProgramData\chocolatey\bin;C:\Program Files\MongoDB\mongosh-2.1.1-win32-x64\bin;C:\Program Files\Git\cmd;C:\Program Files\Docker\Docker\resources\bin;C:\Program Files\Java\jdk-21\bin;C:\Users\tradi\AppData\Roaming\nvm;C:\Program Files\nodejs;C:\Program Files\Amazon\AWSCLIV2\;C:\Users\tradi\AppData\Local\Microsoft\WindowsApps;C:\Program Files\JetBrains\IntelliJ IDEA Community Edition 2023.3.2\bin;;C:\Program Files\JetBrains\IntelliJ IDEA 2023.3\bin;;C:\Users\tradi\.dotnet\tools;C:\Users\tradi\AppData\Local\Programs\Microsoft VS Code\bin;C:\Users\tradi\AppData\Roaming\npm;C:\Users\tradi\Downloads\flutter\src\flutter\bin;C:\Users\tradi\AppData\Roaming\nvm;C:\Program Files\nodejs;C:\Program Files\heroku\bin;C:\flutter_windows_3.24.3-stable\flutter\bin;
USERNAME=tradi
OS=Windows_NT
PROCESSOR_IDENTIFIER=Intel64 Family 6 Model 186 Stepping 3, GenuineIntel
TMP=C:\Users\tradi\AppData\Local\Temp
TEMP=C:\Users\tradi\AppData\Local\Temp




Periodic native trim disabled

---------------  S Y S T E M  ---------------

OS:
 Windows 11 , 64 bit Build 26100 (10.0.26100.3037)
OS uptime: 0 days 1:28 hours
Hyper-V role detected

CPU: total 12 (initial active 12) (6 cores per cpu, 2 threads per core) family 6 model 186 stepping 3 microcode 0x4112, cx8, cmov, fxsr, ht, mmx, 3dnowpref, sse, sse2, sse3, ssse3, sse4.1, sse4.2, popcnt, lzcnt, tsc, tscinvbit, avx, avx2, aes, erms, clmul, bmi1, bmi2, adx, sha, fma, vzeroupper, clflush, clflushopt, clwb, hv, serialize, rdtscp, rdpid, fsrm, f16c, cet_ibt, cet_ss
Processor Information for processor 0
  Max Mhz: 1700, Current Mhz: 1700, Mhz Limit: 1700
Processor Information for processor 1
  Max Mhz: 1700, Current Mhz: 1700, Mhz Limit: 1700
Processor Information for processor 2
  Max Mhz: 1700, Current Mhz: 1700, Mhz Limit: 1700
Processor Information for processor 3
  Max Mhz: 1700, Current Mhz: 1700, Mhz Limit: 1700
Processor Information for processor 4
  Max Mhz: 1700, Current Mhz: 1200, Mhz Limit: 1190
Processor Information for processor 5
  Max Mhz: 1700, Current Mhz: 1200, Mhz Limit: 1190
Processor Information for processor 6
  Max Mhz: 1700, Current Mhz: 1200, Mhz Limit: 1190
Processor Information for processor 7
  Max Mhz: 1700, Current Mhz: 1200, Mhz Limit: 1190
Processor Information for processor 8
  Max Mhz: 1700, Current Mhz: 1200, Mhz Limit: 1190
Processor Information for processor 9
  Max Mhz: 1700, Current Mhz: 1200, Mhz Limit: 1190
Processor Information for processor 10
  Max Mhz: 1700, Current Mhz: 1200, Mhz Limit: 1190
Processor Information for processor 11
  Max Mhz: 1700, Current Mhz: 1200, Mhz Limit: 1190

Memory: 4k page, system-wide physical 16108M (1054M free)
TotalPageFile size 65260M (AvailPageFile size 9M)
current process WorkingSet (physical memory assigned to process): 128M, peak: 130M
current process commit charge ("private bytes"): 385M, peak: 387M

vm_info: OpenJDK 64-Bit Server VM (21.0.2+13-58) for windows-amd64 JRE (21.0.2+13-58), built on 2024-01-05T18:32:24Z by "mach5one" with MS VC++ 17.1 (VS2022)

END.
